#
# There is insufficient memory for the Java Runtime Environment to continue.
# Native memory allocation (malloc) failed to allocate 31457280 bytes for committing reserved memory.
# Possible reasons:
#   The system is out of physical RAM or swap space
#   In 32 bit mode, the process size limit was hit
# Possible solutions:
#   Reduce memory load on the system
#   Increase physical memory or swap space
#   Check if swap backing store is full
#   Use 64 bit Java on a 64 bit OS
#   Decrease Java heap size (-Xmx/-Xms)
#   Decrease number of Java threads
#   Decrease Java thread stack sizes (-Xss)
#   Set larger code cache with -XX:ReservedCodeCacheSize=
# This output file may be truncated or incomplete.
#
#  Out of Memory Error (os_linux.cpp:2756), pid=22747, tid=1815083840
#
# JRE version: Java(TM) SE Runtime Environment (7.0_72-b14) (build 1.7.0_72-b14)
# Java VM: Java HotSpot(TM) Server VM (24.72-b04 mixed mode linux-x86 )
# Failed to write core dump. Core dumps have been disabled. To enable core dumping, try "ulimit -c unlimited" before starting Java again
#

---------------  T H R E A D  ---------------

Current thread (0x6c180c00):  VMThread [stack: 0x6c27f000,0x6c300000] [id=22757]

Stack: [0x6c27f000,0x6c300000],  sp=0x6c2fe720,  free space=509k
Native frames: (J=compiled Java code, j=interpreted, Vv=VM code, C=native code)
V  [libjvm.so+0x7e8a76]  VMError::report_and_die()+0x1a6
V  [libjvm.so+0x33d9e2]  report_vm_out_of_memory(char const*, int, unsigned int, char const*)+0x72
V  [libjvm.so+0x685b01]  os::Linux::commit_memory_impl(char*, unsigned int, bool)+0xe1
V  [libjvm.so+0x685fc8]  os::pd_commit_memory(char*, unsigned int, unsigned int, bool)+0x28
V  [libjvm.so+0x67f70c]  os::commit_memory(char*, unsigned int, unsigned int, bool)+0x2c
V  [libjvm.so+0x6e9368]  PSVirtualSpace::expand_by(unsigned int)+0x48
V  [libjvm.so+0x6ea46a]  PSYoungGen::resize_generation(unsigned int, unsigned int)+0xda
V  [libjvm.so+0x6e97a9]  PSYoungGen::resize(unsigned int, unsigned int)+0x19
V  [libjvm.so+0x6e715e]  PSScavenge::invoke_no_policy()+0xd5e
V  [libjvm.so+0x6e7938]  PSScavenge::invoke()+0x28
V  [libjvm.so+0x6a573a]  ParallelScavengeHeap::failed_mem_allocate(unsigned int)+0x5a
V  [libjvm.so+0x7ea30a]  VM_ParallelGCFailedAllocation::doit()+0x7a
V  [libjvm.so+0x7f3127]  VM_Operation::evaluate()+0x47
V  [libjvm.so+0x7f11c3]  VMThread::evaluate_operation(VM_Operation*)+0xb3
V  [libjvm.so+0x7f1560]  VMThread::loop()+0x1b0
V  [libjvm.so+0x7f19c5]  VMThread::run()+0x85
V  [libjvm.so+0x687dd9]  java_start(Thread*)+0x119
C  [libpthread.so.0+0x6f70]  start_thread+0xd0

VM_Operation (0xb6884b88): ParallelGCFailedAllocation, mode: safepoint, requested by thread 0xb6707c00


---------------  P R O C E S S  ---------------

Java Threads: ( => current thread )
  0x6c19b400 JavaThread "Service Thread" daemon [_thread_blocked, id=22763, stack(0x6bf0d000,0x6bf5e000)]
  0x6c199800 JavaThread "C2 CompilerThread1" daemon [_thread_blocked, id=22762, stack(0x6bafe000,0x6bb7f000)]
  0x6c197800 JavaThread "C2 CompilerThread0" daemon [_thread_blocked, id=22761, stack(0x6bb7f000,0x6bc00000)]
  0x6c196000 JavaThread "Signal Dispatcher" daemon [_thread_blocked, id=22760, stack(0x6bf5e000,0x6bfaf000)]
  0x6c184c00 JavaThread "Finalizer" daemon [_thread_blocked, id=22759, stack(0x6bfaf000,0x6c000000)]
  0x6c183400 JavaThread "Reference Handler" daemon [_thread_blocked, id=22758, stack(0x6c22e000,0x6c27f000)]
  0xb6707c00 JavaThread "main" [_thread_blocked, id=22752, stack(0xb6835000,0xb6886000)]

Other Threads:
=>0x6c180c00 VMThread [stack: 0x6c27f000,0x6c300000] [id=22757]
  0x6c19d000 WatcherThread [stack: 0x6ba7d000,0x6bafe000] [id=22764]

VM state:at safepoint (normal execution)

VM Mutex/Monitor currently owned by a thread:  ([mutex/lock_event])
[0xb67053f0] Threads_lock - owner thread: 0x6c180c00
[0xb6705800] Heap_lock - owner thread: 0xb6707c00

Heap
 PSYoungGen      total 33024K, used 2295K [0x9e040000, 0xa02c0000, 0xb35c0000)
  eden space 30720K, 0% used [0x9e040000,0x9e040000,0x9fe40000)
  from space 2304K, 99% used [0x9fe40000,0xa007dc10,0xa0080000)
  to   space 2304K, 0% used [0xa0080000,0xa0080000,0xa02c0000)
 ParOldGen       total 39680K, used 13709K [0x735c0000, 0x75c80000, 0x9e040000)
  object space 39680K, 34% used [0x735c0000,0x74323720,0x75c80000)
 PSPermGen       total 16384K, used 4501K [0x6f5c0000, 0x705c0000, 0x735c0000)
  object space 16384K, 27% used [0x6f5c0000,0x6fa25788,0x705c0000)

Card table byte_map: [0x6f39f000,0x6f5c0000] byte_map_base: 0x6f024200

Polling page: 0xb77ce000

Code Cache  [0xb36b0000, 0xb38f0000, 0xb66b0000)
 total_blobs=697 nmethods=562 adapters=86 free_code_cache=47771Kb largest_free_block=48900928

Compilation events (10 events):
Event: 1.993 Thread 0x6c197800 nmethod 559 0xb3803e48 code [0xb3803f20, 0xb3803f50]
Event: 1.993 Thread 0x6c197800  560             com.android.dx.io.instructions.TwoRegisterDecodedInstruction::withIndex (37 bytes)
Event: 1.993 Thread 0x6c199800 nmethod 555 0xb3809988 code [0xb3809ac0, 0xb3809db0]
Event: 1.993 Thread 0x6c199800  561             com.android.dx.io.instructions.InstructionCodec::access$500 (6 bytes)
Event: 1.994 Thread 0x6c199800 nmethod 561 0xb380a248 code [0xb380a340, 0xb380a3b0]
Event: 1.994 Thread 0x6c199800  562             com.android.dx.io.instructions.DecodedInstruction::getD (2 bytes)
Event: 1.994 Thread 0x6c199800 nmethod 562 0xb3803cc8 code [0xb3803da0, 0xb3803df0]
Event: 1.994 Thread 0x6c199800  563             com.android.dex.Dex$Section::readFields (51 bytes)
Event: 1.995 Thread 0x6c197800 nmethod 560 0xb3803848 code [0xb3803940, 0xb3803af0]
Event: 1.995 Thread 0x6c197800  564             com.android.dx.merge.DexMerger::transformFields (71 bytes)

GC Heap History (5 events):
Event: 0.640 GC heap before
{Heap before GC invocations=1 (full 0):
 PSYoungGen      total 17664K, used 15360K [0x9e040000, 0x9f3c0000, 0xb35c0000)
  eden space 15360K, 100% used [0x9e040000,0x9ef40000,0x9ef40000)
  from space 2304K, 0% used [0x9f180000,0x9f180000,0x9f3c0000)
  to   space 2304K, 0% used [0x9ef40000,0x9ef40000,0x9f180000)
 ParOldGen       total 39680K, used 0K [0x735c0000, 0x75c80000, 0x9e040000)
  object space 39680K, 0% used [0x735c0000,0x735c0000,0x75c80000)
 PSPermGen       total 16384K, used 3300K [0x6f5c0000, 0x705c0000, 0x735c0000)
  object space 16384K, 20% used [0x6f5c0000,0x6f8f93e0,0x705c0000)
Event: 0.649 GC heap after
Heap after GC invocations=1 (full 0):
 PSYoungGen      total 17664K, used 2300K [0x9e040000, 0xa02c0000, 0xb35c0000)
  eden space 15360K, 0% used [0x9e040000,0x9e040000,0x9ef40000)
  from space 2304K, 99% used [0x9ef40000,0x9f17f0d8,0x9f180000)
  to   space 2304K, 0% used [0xa0080000,0xa0080000,0xa02c0000)
 ParOldGen       total 39680K, used 1646K [0x735c0000, 0x75c80000, 0x9e040000)
  object space 39680K, 4% used [0x735c0000,0x7375b9a0,0x75c80000)
 PSPermGen       total 16384K, used 3300K [0x6f5c0000, 0x705c0000, 0x735c0000)
  object space 16384K, 20% used [0x6f5c0000,0x6f8f93e0,0x705c0000)
}
Event: 1.069 GC heap before
{Heap before GC invocations=2 (full 0):
 PSYoungGen      total 17664K, used 17660K [0x9e040000, 0xa02c0000, 0xb35c0000)
  eden space 15360K, 100% used [0x9e040000,0x9ef40000,0x9ef40000)
  from space 2304K, 99% used [0x9ef40000,0x9f17f0d8,0x9f180000)
  to   space 2304K, 0% used [0xa0080000,0xa0080000,0xa02c0000)
 ParOldGen       total 39680K, used 1646K [0x735c0000, 0x75c80000, 0x9e040000)
  object space 39680K, 4% used [0x735c0000,0x7375b9a0,0x75c80000)
 PSPermGen       total 16384K, used 3376K [0x6f5c0000, 0x705c0000, 0x735c0000)
  object space 16384K, 20% used [0x6f5c0000,0x6f90c278,0x705c0000)
Event: 1.075 GC heap after
Heap after GC invocations=2 (full 0):
 PSYoungGen      total 33024K, used 2298K [0x9e040000, 0xa02c0000, 0xb35c0000)
  eden space 30720K, 0% used [0x9e040000,0x9e040000,0x9fe40000)
  from space 2304K, 99% used [0xa0080000,0xa02be9f8,0xa02c0000)
  to   space 2304K, 0% used [0x9fe40000,0x9fe40000,0xa0080000)
 ParOldGen       total 39680K, used 4166K [0x735c0000, 0x75c80000, 0x9e040000)
  object space 39680K, 10% used [0x735c0000,0x739d1a98,0x75c80000)
 PSPermGen       total 16384K, used 3376K [0x6f5c0000, 0x705c0000, 0x735c0000)
  object space 16384K, 20% used [0x6f5c0000,0x6f90c278,0x705c0000)
}
Event: 1.997 GC heap before
{Heap before GC invocations=3 (full 0):
 PSYoungGen      total 33024K, used 33018K [0x9e040000, 0xa02c0000, 0xb35c0000)
  eden space 30720K, 100% used [0x9e040000,0x9fe40000,0x9fe40000)
  from space 2304K, 99% used [0xa0080000,0xa02be9f8,0xa02c0000)
  to   space 2304K, 0% used [0x9fe40000,0x9fe40000,0xa0080000)
 ParOldGen       total 39680K, used 4166K [0x735c0000, 0x75c80000, 0x9e040000)
  object space 39680K, 10% used [0x735c0000,0x739d1a98,0x75c80000)
 PSPermGen       total 16384K, used 4501K [0x6f5c0000, 0x705c0000, 0x735c0000)
  object space 16384K, 27% used [0x6f5c0000,0x6fa25788,0x705c0000)

Deoptimization events (10 events):
Event: 1.529 Thread 0xb6707c00 Uncommon trap: reason=class_check action=maybe_recompile pc=0xb374dd3c method=java.util.HashMap.<init>(IF)V @ 115
Event: 1.565 Thread 0xb6707c00 Uncommon trap: reason=class_check action=maybe_recompile pc=0xb37c5b48 method=com.android.dex.Leb128.writeUnsignedLeb128(Lcom/android/dex/util/ByteOutput;I)V @ 40
Event: 1.565 Thread 0xb6707c00 Uncommon trap: reason=class_check action=maybe_recompile pc=0xb37c5b48 method=com.android.dex.Leb128.writeUnsignedLeb128(Lcom/android/dex/util/ByteOutput;I)V @ 40
Event: 1.565 Thread 0xb6707c00 Uncommon trap: reason=class_check action=maybe_recompile pc=0xb37c5b48 method=com.android.dex.Leb128.writeUnsignedLeb128(Lcom/android/dex/util/ByteOutput;I)V @ 40
Event: 1.565 Thread 0xb6707c00 Uncommon trap: reason=class_check action=maybe_recompile pc=0xb37c5b48 method=com.android.dex.Leb128.writeUnsignedLeb128(Lcom/android/dex/util/ByteOutput;I)V @ 40
Event: 1.726 Thread 0xb6707c00 Uncommon trap: reason=class_check action=maybe_recompile pc=0xb37d25a0 method=com.android.dex.Leb128.readUnsignedLeb128(Lcom/android/dex/util/ByteInput;)I @ 5
Event: 1.726 Thread 0xb6707c00 Uncommon trap: reason=class_check action=maybe_recompile pc=0xb37d25a0 method=com.android.dex.Leb128.readUnsignedLeb128(Lcom/android/dex/util/ByteInput;)I @ 5
Event: 1.726 Thread 0xb6707c00 Uncommon trap: reason=class_check action=maybe_recompile pc=0xb37d25a0 method=com.android.dex.Leb128.readUnsignedLeb128(Lcom/android/dex/util/ByteInput;)I @ 5
Event: 1.726 Thread 0xb6707c00 Uncommon trap: reason=class_check action=maybe_recompile pc=0xb37d25a0 method=com.android.dex.Leb128.readUnsignedLeb128(Lcom/android/dex/util/ByteInput;)I @ 5
Event: 1.876 Thread 0xb6707c00 Uncommon trap: reason=predicate action=maybe_recompile pc=0xb37da288 method=com.android.dex.Leb128.readUnsignedLeb128(Lcom/android/dex/util/ByteInput;)I @ 41

Internal exceptions (10 events):
Event: 1.641 Thread 0xb6707c00 Threw 0x9ed8d0c8 at /HUDSON/workspace/7u-2-build-linux-i586/jdk7u72/1606/hotspot/src/share/vm/prims/jvm.cpp:1281
Event: 1.641 Thread 0xb6707c00 Threw 0x9ed901a8 at /HUDSON/workspace/7u-2-build-linux-i586/jdk7u72/1606/hotspot/src/share/vm/prims/jvm.cpp:1281
Event: 1.642 Thread 0xb6707c00 Threw 0x9ed933d8 at /HUDSON/workspace/7u-2-build-linux-i586/jdk7u72/1606/hotspot/src/share/vm/prims/jvm.cpp:1281
Event: 1.643 Thread 0xb6707c00 Threw 0x9ed98318 at /HUDSON/workspace/7u-2-build-linux-i586/jdk7u72/1606/hotspot/src/share/vm/prims/jvm.cpp:1281
Event: 1.643 Thread 0xb6707c00 Threw 0x9ed9af40 at /HUDSON/workspace/7u-2-build-linux-i586/jdk7u72/1606/hotspot/src/share/vm/prims/jvm.cpp:1281
Event: 1.643 Thread 0xb6707c00 Threw 0x9ed9dd00 at /HUDSON/workspace/7u-2-build-linux-i586/jdk7u72/1606/hotspot/src/share/vm/prims/jvm.cpp:1281
Event: 1.643 Thread 0xb6707c00 Threw 0x9eda0ef8 at /HUDSON/workspace/7u-2-build-linux-i586/jdk7u72/1606/hotspot/src/share/vm/prims/jvm.cpp:1281
Event: 1.645 Thread 0xb6707c00 Threw 0x9eda7668 at /HUDSON/workspace/7u-2-build-linux-i586/jdk7u72/1606/hotspot/src/share/vm/prims/jvm.cpp:1281
Event: 1.645 Thread 0xb6707c00 Threw 0x9eda95b0 at /HUDSON/workspace/7u-2-build-linux-i586/jdk7u72/1606/hotspot/src/share/vm/prims/jvm.cpp:1281
Event: 1.961 Thread 0xb6707c00 Threw 0x9fac4288 at /HUDSON/workspace/7u-2-build-linux-i586/jdk7u72/1606/hotspot/src/share/vm/prims/jvm.cpp:1281

Events (10 events):
Event: 1.726 Thread 0xb6707c00 DEOPT UNPACKING pc=0xb36dcbc8 sp=0xb6884c58 mode 2
Event: 1.726 Thread 0xb6707c00 Uncommon trap: trap_request=0xffffffde fr.pc=0xb37d25a0
Event: 1.726 Thread 0xb6707c00 DEOPT PACKING pc=0xb37d25a0 sp=0xb6884c00
Event: 1.726 Thread 0xb6707c00 DEOPT UNPACKING pc=0xb36dcbc8 sp=0xb6884be8 mode 2
Event: 1.876 Thread 0xb6707c00 Uncommon trap: trap_request=0xffffff86 fr.pc=0xb37da288
Event: 1.876 Thread 0xb6707c00 DEOPT PACKING pc=0xb37da288 sp=0xb6884c70
Event: 1.876 Thread 0xb6707c00 DEOPT UNPACKING pc=0xb36dcbc8 sp=0xb6884c5c mode 2
Event: 1.961 loading class 0x6b9bcf18
Event: 1.961 loading class 0x6b9bcf18 done
Event: 1.997 Executing VM operation: ParallelGCFailedAllocation


Dynamic libraries:
08048000-08049000 r-xp 00000000 08:04 405196     /usr/lib/jvm/java-7-oracle/bin/java
08049000-0804a000 rw-p 00000000 08:04 405196     /usr/lib/jvm/java-7-oracle/bin/java
09dbb000-09e13000 rw-p 00000000 00:00 0          [heap]
6ad00000-6adc3000 rw-p 00000000 00:00 0 
6adc3000-6ae00000 ---p 00000000 00:00 0 
6ae00000-6aee2000 rw-p 00000000 00:00 0 
6aee2000-6af00000 ---p 00000000 00:00 0 
6af00000-6aff9000 rw-p 00000000 00:00 0 
6aff9000-6b000000 ---p 00000000 00:00 0 
6b000000-6b100000 rw-p 00000000 00:00 0 
6b100000-6b1f9000 rw-p 00000000 00:00 0 
6b1f9000-6b200000 ---p 00000000 00:00 0 
6b300000-6b3fd000 rw-p 00000000 00:00 0 
6b3fd000-6b400000 ---p 00000000 00:00 0 
6b500000-6b5fb000 rw-p 00000000 00:00 0 
6b5fb000-6b600000 ---p 00000000 00:00 0 
6b600000-6b6ef000 rw-p 00000000 00:00 0 
6b6ef000-6b700000 ---p 00000000 00:00 0 
6b700000-6b7f7000 rw-p 00000000 00:00 0 
6b7f7000-6b800000 ---p 00000000 00:00 0 
6b900000-6b9d6000 rw-p 00000000 00:00 0 
6b9d6000-6ba00000 ---p 00000000 00:00 0 
6ba7d000-6ba7e000 ---p 00000000 00:00 0 
6ba7e000-6bafe000 rw-p 00000000 00:00 0          [stack:22764]
6bafe000-6bb01000 ---p 00000000 00:00 0 
6bb01000-6bb7f000 rw-p 00000000 00:00 0          [stack:22762]
6bb7f000-6bb82000 ---p 00000000 00:00 0 
6bb82000-6bc00000 rw-p 00000000 00:00 0          [stack:22761]
6bc00000-6be00000 r--p 00000000 08:04 264993     /usr/lib/locale/locale-archive
6be00000-6be21000 rw-p 00000000 00:00 0 
6be21000-6bf00000 ---p 00000000 00:00 0 
6bf0d000-6bf10000 ---p 00000000 00:00 0 
6bf10000-6bf5e000 rw-p 00000000 00:00 0          [stack:22763]
6bf5e000-6bf61000 ---p 00000000 00:00 0 
6bf61000-6bfaf000 rw-p 00000000 00:00 0          [stack:22760]
6bfaf000-6bfb2000 ---p 00000000 00:00 0 
6bfb2000-6c000000 rw-p 00000000 00:00 0          [stack:22759]
6c000000-6c0fd000 rw-p 00000000 00:00 0 
6c0fd000-6c100000 ---p 00000000 00:00 0 
6c100000-6c200000 rw-p 00000000 00:00 0 
6c22e000-6c231000 ---p 00000000 00:00 0 
6c231000-6c27f000 rw-p 00000000 00:00 0          [stack:22758]
6c27f000-6c280000 ---p 00000000 00:00 0 
6c280000-6c300000 rw-p 00000000 00:00 0          [stack:22757]
6c300000-6c4c0000 r--s 039ea000 08:04 404966     /usr/lib/jvm/java-7-oracle/jre/lib/rt.jar
6c4c0000-6eb00000 rw-p 00000000 00:00 0 
6eb00000-6ebff000 rw-p 00000000 00:00 0 
6ebff000-6ec00000 ---p 00000000 00:00 0 
6ec34000-6ec7f000 rw-p 00000000 00:00 0 
6ec7f000-6ec80000 ---p 00000000 00:00 0 
6ec80000-6ed00000 rw-p 00000000 00:00 0          [stack:22756]
6ed00000-6ed21000 rw-p 00000000 00:00 0 
6ed21000-6ee00000 ---p 00000000 00:00 0 
6ee00000-6ee21000 rw-p 00000000 00:00 0 
6ee21000-6ef00000 ---p 00000000 00:00 0 
6ef24000-6ef7f000 rw-p 00000000 00:00 0 
6ef7f000-6ef80000 ---p 00000000 00:00 0 
6ef80000-6f000000 rw-p 00000000 00:00 0          [stack:22755]
6f000000-6f021000 rw-p 00000000 00:00 0 
6f021000-6f100000 ---p 00000000 00:00 0 
6f108000-6f11d000 r-xp 00000000 08:04 404371     /usr/lib/jvm/java-7-oracle/jre/lib/i386/libnet.so
6f11d000-6f11e000 rw-p 00014000 08:04 404371     /usr/lib/jvm/java-7-oracle/jre/lib/i386/libnet.so
6f11e000-6f12c000 r-xp 00000000 08:04 404381     /usr/lib/jvm/java-7-oracle/jre/lib/i386/libnio.so
6f12c000-6f12d000 rw-p 0000e000 08:04 404381     /usr/lib/jvm/java-7-oracle/jre/lib/i386/libnio.so
6f12d000-6f147000 rw-p 00000000 00:00 0 
6f147000-6f148000 ---p 00000000 00:00 0 
6f148000-6f1c8000 rw-p 00000000 00:00 0          [stack:22754]
6f1c8000-6f1c9000 ---p 00000000 00:00 0 
6f1c9000-6f25d000 rw-p 00000000 00:00 0          [stack:22753]
6f25d000-6f39f000 rw-p 00000000 00:00 0 
6f39f000-6f3a7000 rw-p 00000000 00:00 0 
6f3a7000-6f3bf000 rw-p 00000000 00:00 0 
6f3bf000-6f3d3000 rw-p 00000000 00:00 0 
6f3d3000-6f514000 rw-p 00000000 00:00 0 
6f514000-6f526000 rw-p 00000000 00:00 0 
6f526000-6f5bf000 rw-p 00000000 00:00 0 
6f5bf000-705c0000 rw-p 00000000 00:00 0 
705c0000-735c0000 rw-p 00000000 00:00 0 
735c0000-75c80000 rw-p 00000000 00:00 0 
75c80000-9e040000 rw-p 00000000 00:00 0 
9e040000-a02c0000 rw-p 00000000 00:00 0 
a1f4d000-a20c0000 rw-p 00000000 00:00 0 
a20c0000-b35c0000 rw-p 00000000 00:00 0 
b35c1000-b35d0000 r--s 000dd000 08:04 3021049    /home/shauna/Android/Sdk/build-tools/22.0.1/lib/dx.jar
b35d0000-b35d8000 rw-p 00000000 00:00 0 
b35d8000-b35f0000 rw-p 00000000 00:00 0 
b35f0000-b35f9000 rw-p 00000000 00:00 0 
b35f9000-b36b0000 rw-p 00000000 00:00 0 
b36b0000-b38f0000 rwxp 00000000 00:00 0 
b38f0000-b66b0000 rw-p 00000000 00:00 0 
b66b0000-b66bb000 r-xp 00000000 08:04 527082     /lib/i386-linux-gnu/libnss_files-2.19.so
b66bb000-b66bc000 r--p 0000a000 08:04 527082     /lib/i386-linux-gnu/libnss_files-2.19.so
b66bc000-b66bd000 rw-p 0000b000 08:04 527082     /lib/i386-linux-gnu/libnss_files-2.19.so
b66bd000-b66c7000 r-xp 00000000 08:04 527068     /lib/i386-linux-gnu/libnss_nis-2.19.so
b66c7000-b66c8000 r--p 00009000 08:04 527068     /lib/i386-linux-gnu/libnss_nis-2.19.so
b66c8000-b66c9000 rw-p 0000a000 08:04 527068     /lib/i386-linux-gnu/libnss_nis-2.19.so
b66c9000-b66de000 r-xp 00000000 08:04 527069     /lib/i386-linux-gnu/libnsl-2.19.so
b66de000-b66df000 r--p 00015000 08:04 527069     /lib/i386-linux-gnu/libnsl-2.19.so
b66df000-b66e0000 rw-p 00016000 08:04 527069     /lib/i386-linux-gnu/libnsl-2.19.so
b66e0000-b66e2000 rw-p 00000000 00:00 0 
b66e7000-b66e8000 rw-p 00000000 00:00 0 
b66e8000-b66ff000 r-xp 00000000 08:04 404437     /usr/lib/jvm/java-7-oracle/jre/lib/i386/libzip.so
b66ff000-b6700000 rw-p 00017000 08:04 404437     /usr/lib/jvm/java-7-oracle/jre/lib/i386/libzip.so
b6700000-b67f6000 rw-p 00000000 00:00 0 
b67f6000-b6800000 ---p 00000000 00:00 0 
b6800000-b6808000 rw-s 00000000 08:04 2617032    /tmp/hsperfdata_shauna/22747
b6808000-b682b000 r-xp 00000000 08:04 404392     /usr/lib/jvm/java-7-oracle/jre/lib/i386/libjava.so
b682b000-b682c000 rw-p 00023000 08:04 404392     /usr/lib/jvm/java-7-oracle/jre/lib/i386/libjava.so
b682c000-b6833000 r-xp 00000000 08:04 527083     /lib/i386-linux-gnu/librt-2.19.so
b6833000-b6834000 r--p 00006000 08:04 527083     /lib/i386-linux-gnu/librt-2.19.so
b6834000-b6835000 rw-p 00007000 08:04 527083     /lib/i386-linux-gnu/librt-2.19.so
b6835000-b6838000 ---p 00000000 00:00 0 
b6838000-b6886000 rw-p 00000000 00:00 0          [stack:22752]
b6886000-b68ca000 r-xp 00000000 08:04 527073     /lib/i386-linux-gnu/libm-2.19.so
b68ca000-b68cb000 r--p 00043000 08:04 527073     /lib/i386-linux-gnu/libm-2.19.so
b68cb000-b68cc000 rw-p 00044000 08:04 527073     /lib/i386-linux-gnu/libm-2.19.so
b68cc000-b7151000 r-xp 00000000 08:04 404427     /usr/lib/jvm/java-7-oracle/jre/lib/i386/server/libjvm.so
b7151000-b71b5000 rw-p 00884000 08:04 404427     /usr/lib/jvm/java-7-oracle/jre/lib/i386/server/libjvm.so
b71b5000-b75d9000 rw-p 00000000 00:00 0 
b75d9000-b7781000 r-xp 00000000 08:04 527065     /lib/i386-linux-gnu/libc-2.19.so
b7781000-b7783000 r--p 001a8000 08:04 527065     /lib/i386-linux-gnu/libc-2.19.so
b7783000-b7784000 rw-p 001aa000 08:04 527065     /lib/i386-linux-gnu/libc-2.19.so
b7784000-b7787000 rw-p 00000000 00:00 0 
b7787000-b778a000 r-xp 00000000 08:04 527066     /lib/i386-linux-gnu/libdl-2.19.so
b778a000-b778b000 r--p 00002000 08:04 527066     /lib/i386-linux-gnu/libdl-2.19.so
b778b000-b778c000 rw-p 00003000 08:04 527066     /lib/i386-linux-gnu/libdl-2.19.so
b778c000-b778d000 rw-p 00000000 00:00 0 
b778d000-b77a0000 r-xp 00000000 08:04 395898     /usr/lib/jvm/java-7-oracle/lib/i386/jli/libjli.so
b77a0000-b77a1000 rw-p 00012000 08:04 395898     /usr/lib/jvm/java-7-oracle/lib/i386/jli/libjli.so
b77a1000-b77b9000 r-xp 00000000 08:04 527078     /lib/i386-linux-gnu/libpthread-2.19.so
b77b9000-b77ba000 r--p 00018000 08:04 527078     /lib/i386-linux-gnu/libpthread-2.19.so
b77ba000-b77bb000 rw-p 00019000 08:04 527078     /lib/i386-linux-gnu/libpthread-2.19.so
b77bb000-b77be000 rw-p 00000000 00:00 0 
b77be000-b77c3000 r--s 0008a000 08:04 404482     /usr/lib/jvm/java-7-oracle/jre/lib/jsse.jar
b77c3000-b77c4000 r--p 002c5000 08:04 264993     /usr/lib/locale/locale-archive
b77c4000-b77cb000 r-xp 00000000 08:04 527074     /lib/i386-linux-gnu/libnss_compat-2.19.so
b77cb000-b77cc000 r--p 00006000 08:04 527074     /lib/i386-linux-gnu/libnss_compat-2.19.so
b77cc000-b77cd000 rw-p 00007000 08:04 527074     /lib/i386-linux-gnu/libnss_compat-2.19.so
b77cd000-b77ce000 rw-p 00000000 00:00 0 
b77ce000-b77cf000 ---p 00000000 00:00 0 
b77cf000-b77da000 r-xp 00000000 08:04 404396     /usr/lib/jvm/java-7-oracle/jre/lib/i386/libverify.so
b77da000-b77db000 rw-p 0000b000 08:04 404396     /usr/lib/jvm/java-7-oracle/jre/lib/i386/libverify.so
b77db000-b77dd000 rw-p 00000000 00:00 0 
b77dd000-b77de000 r-xp 00000000 00:00 0          [vdso]
b77de000-b77fe000 r-xp 00000000 08:04 527067     /lib/i386-linux-gnu/ld-2.19.so
b77fe000-b77ff000 r--p 0001f000 08:04 527067     /lib/i386-linux-gnu/ld-2.19.so
b77ff000-b7800000 rw-p 00020000 08:04 527067     /lib/i386-linux-gnu/ld-2.19.so
bfc48000-bfc49000 rwxp 00000000 00:00 0 
bfc7a000-bfc9c000 rw-p 00000000 00:00 0          [stack]

VM Arguments:
jvm_args: -Xmx1024M -Dfile.encoding=UTF-8 -Duser.country=US -Duser.language=en -Duser.variant 
java_command: com.android.dx.command.Main --dex --output /home/shauna/Desktop/shared/git/public-misc/smalltalk-mobile/smalltalk/app/build/intermediates/dex/debug /home/shauna/Desktop/shared/git/public-misc/smalltalk-mobile/smalltalk/app/build/intermediates/classes/debug /home/shauna/Desktop/shared/git/public-misc/smalltalk-mobile/smalltalk/app/build/intermediates/pre-dexed/debug/support-annotations-22.2.1-179610870c06c5d131779ba1552f844db69d188c.jar /home/shauna/Desktop/shared/git/public-misc/smalltalk-mobile/smalltalk/app/build/intermediates/pre-dexed/debug/internal_impl-22.2.1-5e084960364880096d2c7804bb4563600a46c017.jar /home/shauna/Desktop/shared/git/public-misc/smalltalk-mobile/smalltalk/app/build/intermediates/pre-dexed/debug/classes-51f3b8a6f290cedcd83c64115c1c77d425f8f8b8.jar /home/shauna/Desktop/shared/git/public-misc/smalltalk-mobile/smalltalk/app/build/intermediates/pre-dexed/debug/classes-bc79ea749cc84966ba1eadb26f5e8de5afcfa590.jar
Launcher Type: SUN_STANDARD

Environment Variables:
PATH=/usr/local/Android/Sdk/platform-tools:/usr/local/Android/Sdk/tools:/usr/local/heroku/bin:/usr/local/Android/Sdk/platform-tools:/usr/local/Android/Sdk/tools:/home/shauna/bin:/usr/local/sbin:/usr/local/bin:/usr/sbin:/usr/bin:/sbin:/bin:/usr/games:/usr/local/games
LD_LIBRARY_PATH=.:
SHELL=/bin/bash
DISPLAY=:0

Signal Handlers:
SIGSEGV: [libjvm.so+0x7e9580], sa_mask[0]=0x7ffbfeff, sa_flags=0x10000004
SIGBUS: [libjvm.so+0x7e9580], sa_mask[0]=0x7ffbfeff, sa_flags=0x10000004
SIGFPE: [libjvm.so+0x682680], sa_mask[0]=0x7ffbfeff, sa_flags=0x10000004
SIGPIPE: [libjvm.so+0x682680], sa_mask[0]=0x7ffbfeff, sa_flags=0x10000004
SIGXFSZ: [libjvm.so+0x682680], sa_mask[0]=0x7ffbfeff, sa_flags=0x10000004
SIGILL: [libjvm.so+0x682680], sa_mask[0]=0x7ffbfeff, sa_flags=0x10000004
SIGUSR1: SIG_DFL, sa_mask[0]=0x00000000, sa_flags=0x00000000
SIGUSR2: [libjvm.so+0x683e80], sa_mask[0]=0x00000004, sa_flags=0x10000004
SIGHUP: [libjvm.so+0x6851b0], sa_mask[0]=0x7ffbfeff, sa_flags=0x10000004
SIGINT: [libjvm.so+0x6851b0], sa_mask[0]=0x7ffbfeff, sa_flags=0x10000004
SIGTERM: [libjvm.so+0x6851b0], sa_mask[0]=0x7ffbfeff, sa_flags=0x10000004
SIGQUIT: [libjvm.so+0x6851b0], sa_mask[0]=0x7ffbfeff, sa_flags=0x10000004


---------------  S Y S T E M  ---------------

OS:jessie/sid

uname:Linux 3.13.0-39-generic #66-Ubuntu SMP Tue Oct 28 13:31:23 UTC 2014 i686
libc:glibc 2.19 NPTL 2.19 
rlimit: STACK 8192k, CORE 0k, NPROC 29729, NOFILE 4096, AS infinity
load average:0.43 0.58 0.65

/proc/meminfo:
MemTotal:        3824608 kB
MemFree:          206536 kB
Buffers:            1572 kB
Cached:           384684 kB
SwapCached:            0 kB
Active:          3107628 kB
Inactive:         369136 kB
Active(anon):    3093660 kB
Inactive(anon):   345504 kB
Active(file):      13968 kB
Inactive(file):    23632 kB
Unevictable:         160 kB
Mlocked:             160 kB
HighTotal:       2971844 kB
HighFree:          49468 kB
LowTotal:         852764 kB
LowFree:          157068 kB
SwapTotal:             0 kB
SwapFree:              0 kB
Dirty:               636 kB
Writeback:             0 kB
AnonPages:       3090920 kB
Mapped:           122144 kB
Shmem:            348428 kB
Slab:              53412 kB
SReclaimable:      23880 kB
SUnreclaim:        29532 kB
KernelStack:        6672 kB
PageTables:        19596 kB
NFS_Unstable:          0 kB
Bounce:                0 kB
WritebackTmp:          0 kB
CommitLimit:     1912304 kB
Committed_AS:    8985896 kB
VmallocTotal:     122880 kB
VmallocUsed:       18048 kB
VmallocChunk:      77500 kB
HardwareCorrupted:     0 kB
AnonHugePages:   1011712 kB
HugePages_Total:       0
HugePages_Free:        0
HugePages_Rsvd:        0
HugePages_Surp:        0
Hugepagesize:       2048 kB
DirectMap4k:       22520 kB
DirectMap2M:      888832 kB


CPU:total 4 (2 cores per cpu, 2 threads per core) family 6 model 58 stepping 9, cmov, cx8, fxsr, mmx, sse, sse2, sse3, ssse3, sse4.1, sse4.2, popcnt, avx, aes, erms, ht, tsc, tscinvbit, tscinv

/proc/cpuinfo:
processor	: 0
vendor_id	: GenuineIntel
cpu family	: 6
model		: 58
model name	: Intel(R) Core(TM) i5-3320M CPU @ 2.60GHz
stepping	: 9
microcode	: 0x13
cpu MHz		: 1200.000
cache size	: 3072 KB
physical id	: 0
siblings	: 4
core id		: 0
cpu cores	: 2
apicid		: 0
initial apicid	: 0
fdiv_bug	: no
f00f_bug	: no
coma_bug	: no
fpu		: yes
fpu_exception	: yes
cpuid level	: 13
wp		: yes
flags		: fpu vme de pse tsc msr pae mce cx8 apic sep mtrr pge mca cmov pat pse36 clflush dts acpi mmx fxsr sse sse2 ss ht tm pbe nx rdtscp lm constant_tsc arch_perfmon pebs bts xtopology nonstop_tsc aperfmperf eagerfpu pni pclmulqdq dtes64 monitor ds_cpl vmx smx est tm2 ssse3 cx16 xtpr pdcm pcid sse4_1 sse4_2 x2apic popcnt tsc_deadline_timer aes xsave avx f16c rdrand lahf_lm ida arat epb xsaveopt pln pts dtherm tpr_shadow vnmi flexpriority ept vpid fsgsbase smep erms
bogomips	: 5188.12
clflush size	: 64
cache_alignment	: 64
address sizes	: 36 bits physical, 48 bits virtual
power management:

processor	: 1
vendor_id	: GenuineIntel
cpu family	: 6
model		: 58
model name	: Intel(R) Core(TM) i5-3320M CPU @ 2.60GHz
stepping	: 9
microcode	: 0x13
cpu MHz		: 1200.000
cache size	: 3072 KB
physical id	: 0
siblings	: 4
core id		: 0
cpu cores	: 2
apicid		: 1
initial apicid	: 1
fdiv_bug	: no
f00f_bug	: no
coma_bug	: no
fpu		: yes
fpu_exception	: yes
cpuid level	: 13
wp		: yes
flags		: fpu vme de pse tsc msr pae mce cx8 apic sep mtrr pge mca cmov pat pse36 clflush dts acpi mmx fxsr sse sse2 ss ht tm pbe nx rdtscp lm constant_tsc arch_perfmon pebs bts xtopology nonstop_tsc aperfmperf eagerfpu pni pclmulqdq dtes64 monitor ds_cpl vmx smx est tm2 ssse3 cx16 xtpr pdcm pcid sse4_1 sse4_2 x2apic popcnt tsc_deadline_timer aes xsave avx f16c rdrand lahf_lm ida arat epb xsaveopt pln pts dtherm tpr_shadow vnmi flexpriority ept vpid fsgsbase smep erms
bogomips	: 5188.12
clflush size	: 64
cache_alignment	: 64
address sizes	: 36 bits physical, 48 bits virtual
power management:

processor	: 2
vendor_id	: GenuineIntel
cpu family	: 6
model		: 58
model name	: Intel(R) Core(TM) i5-3320M CPU @ 2.60GHz
stepping	: 9
microcode	: 0x13
cpu MHz		: 2601.000
cache size	: 3072 KB
physical id	: 0
siblings	: 4
core id		: 1
cpu cores	: 2
apicid		: 2
initial apicid	: 2
fdiv_bug	: no
f00f_bug	: no
coma_bug	: no
fpu		: yes
fpu_exception	: yes
cpuid level	: 13
wp		: yes
flags		: fpu vme de pse tsc msr pae mce cx8 apic sep mtrr pge mca cmov pat pse36 clflush dts acpi mmx fxsr sse sse2 ss ht tm pbe nx rdtscp lm constant_tsc arch_perfmon pebs bts xtopology nonstop_tsc aperfmperf eagerfpu pni pclmulqdq dtes64 monitor ds_cpl vmx smx est tm2 ssse3 cx16 xtpr pdcm pcid sse4_1 sse4_2 x2apic popcnt tsc_deadline_timer aes xsave avx f16c rdrand lahf_lm ida arat epb xsaveopt pln pts dtherm tpr_shadow vnmi flexpriority ept vpid fsgsbase smep erms
bogomips	: 5188.12
clflush size	: 64
cache_alignment	: 64
address sizes	: 36 bits physical, 48 bits virtual
power management:

processor	: 3
vendor_id	: GenuineIntel
cpu family	: 6
model		: 58
model name	: Intel(R) Core(TM) i5-3320M CPU @ 2.60GHz
stepping	: 9
microcode	: 0x13
cpu MHz		: 2601.000
cache size	: 3072 KB
physical id	: 0
siblings	: 4
core id		: 1
cpu cores	: 2
apicid		: 3
initial apicid	: 3
fdiv_bug	: no
f00f_bug	: no
coma_bug	: no
fpu		: yes
fpu_exception	: yes
cpuid level	: 13
wp		: yes
flags		: fpu vme de pse tsc msr pae mce cx8 apic sep mtrr pge mca cmov pat pse36 clflush dts acpi mmx fxsr sse sse2 ss ht tm pbe nx rdtscp lm constant_tsc arch_perfmon pebs bts xtopology nonstop_tsc aperfmperf eagerfpu pni pclmulqdq dtes64 monitor ds_cpl vmx smx est tm2 ssse3 cx16 xtpr pdcm pcid sse4_1 sse4_2 x2apic popcnt tsc_deadline_timer aes xsave avx f16c rdrand lahf_lm ida arat epb xsaveopt pln pts dtherm tpr_shadow vnmi flexpriority ept vpid fsgsbase smep erms
bogomips	: 5188.12
clflush size	: 64
cache_alignment	: 64
address sizes	: 36 bits physical, 48 bits virtual
power management:



Memory: 4k page, physical 3824608k(206536k free), swap 0k(0k free)

vm_info: Java HotSpot(TM) Server VM (24.72-b04) for linux-x86 JRE (1.7.0_72-b14), built on Sep 26 2014 19:38:09 by "java_re" with gcc 4.3.0 20080428 (Red Hat 4.3.0-8)

time: Fri Sep 11 15:46:30 2015
elapsed time: 2 seconds

