#
# There is insufficient memory for the Java Runtime Environment to continue.
# Native memory allocation (malloc) failed to allocate 33554432 bytes for committing reserved memory.
# Possible reasons:
#   The system is out of physical RAM or swap space
#   In 32 bit mode, the process size limit was hit
# Possible solutions:
#   Reduce memory load on the system
#   Increase physical memory or swap space
#   Check if swap backing store is full
#   Use 64 bit Java on a 64 bit OS
#   Decrease Java heap size (-Xmx/-Xms)
#   Decrease number of Java threads
#   Decrease Java thread stack sizes (-Xss)
#   Set larger code cache with -XX:ReservedCodeCacheSize=
# This output file may be truncated or incomplete.
#
#  Out of Memory Error (os_linux.cpp:2756), pid=27335, tid=1604320064
#
# JRE version: Java(TM) SE Runtime Environment (7.0_72-b14) (build 1.7.0_72-b14)
# Java VM: Java HotSpot(TM) Server VM (24.72-b04 mixed mode linux-x86 )
# Failed to write core dump. Core dumps have been disabled. To enable core dumping, try "ulimit -c unlimited" before starting Java again
#

---------------  T H R E A D  ---------------

Current thread (0x5fa80800):  VMThread [stack: 0x5f97f000,0x5fa00000] [id=27342]

Stack: [0x5f97f000,0x5fa00000],  sp=0x5f9fe920,  free space=510k
Native frames: (J=compiled Java code, j=interpreted, Vv=VM code, C=native code)
V  [libjvm.so+0x7e8a76]  VMError::report_and_die()+0x1a6
V  [libjvm.so+0x33d9e2]  report_vm_out_of_memory(char const*, int, unsigned int, char const*)+0x72
V  [libjvm.so+0x685b01]  os::Linux::commit_memory_impl(char*, unsigned int, bool)+0xe1
V  [libjvm.so+0x685fc8]  os::pd_commit_memory(char*, unsigned int, unsigned int, bool)+0x28
V  [libjvm.so+0x67f70c]  os::commit_memory(char*, unsigned int, unsigned int, bool)+0x2c
V  [libjvm.so+0x6e9368]  PSVirtualSpace::expand_by(unsigned int)+0x48
V  [libjvm.so+0x6ea46a]  PSYoungGen::resize_generation(unsigned int, unsigned int)+0xda
V  [libjvm.so+0x6e97a9]  PSYoungGen::resize(unsigned int, unsigned int)+0x19
V  [libjvm.so+0x6e715e]  PSScavenge::invoke_no_policy()+0xd5e
V  [libjvm.so+0x6e7938]  PSScavenge::invoke()+0x28
V  [libjvm.so+0x6a573a]  ParallelScavengeHeap::failed_mem_allocate(unsigned int)+0x5a
V  [libjvm.so+0x7ea30a]  VM_ParallelGCFailedAllocation::doit()+0x7a
V  [libjvm.so+0x7f3127]  VM_Operation::evaluate()+0x47
V  [libjvm.so+0x7f11c3]  VMThread::evaluate_operation(VM_Operation*)+0xb3
V  [libjvm.so+0x7f1560]  VMThread::loop()+0x1b0
V  [libjvm.so+0x7f19c5]  VMThread::run()+0x85
V  [libjvm.so+0x687dd9]  java_start(Thread*)+0x119
C  [libpthread.so.0+0x6f70]  start_thread+0xd0

VM_Operation (0x5e3ac3a4): ParallelGCFailedAllocation, mode: safepoint, requested by thread 0x5e6b5000


---------------  P R O C E S S  ---------------

Java Threads: ( => current thread )
  0x5cac4c00 JavaThread "Stdin handler" [_thread_blocked, id=27543, stack(0x5e15e000,0x5e1af000)]
  0x5e6b5000 JavaThread "Daemon worker Thread 3" [_thread_blocked, id=27540, stack(0x5e35e000,0x5e3af000)]
  0x5e6b8000 JavaThread "Cancel handler" [_thread_blocked, id=27539, stack(0x5e1af000,0x5e200000)]
  0x5e6b6000 JavaThread "Handler for socket connection from /127.0.0.1:54697 to /127.0.0.1:33253" [_thread_in_native, id=27538, stack(0x5e30d000,0x5e35e000)]
  0x62f04000 JavaThread "Daemon Thread 3" [_thread_blocked, id=27537, stack(0x5e3af000,0x5e400000)]
  0x5da0a000 JavaThread "File lock request listener" [_thread_in_native, id=27364, stack(0x5df44000,0x5df95000)]
  0x5e6a2800 JavaThread "Incoming local TCP Connector on port 54697" [_thread_in_native, id=27352, stack(0x5e91f000,0x5e970000)]
  0x5fa9b000 JavaThread "Service Thread" daemon [_thread_blocked, id=27348, stack(0x5f70d000,0x5f75e000)]
  0x5fa99400 JavaThread "C2 CompilerThread1" daemon [_thread_blocked, id=27347, stack(0x5f2fe000,0x5f37f000)]
  0x5fa97400 JavaThread "C2 CompilerThread0" daemon [_thread_blocked, id=27346, stack(0x5f37f000,0x5f400000)]
  0x5fa95800 JavaThread "Signal Dispatcher" daemon [_thread_blocked, id=27345, stack(0x5f75e000,0x5f7af000)]
  0x5fa84800 JavaThread "Finalizer" daemon [_thread_blocked, id=27344, stack(0x5f7af000,0x5f800000)]
  0x5fa83000 JavaThread "Reference Handler" daemon [_thread_blocked, id=27343, stack(0x5f92e000,0x5f97f000)]
  0xb6707800 JavaThread "main" [_thread_blocked, id=27337, stack(0xb6820000,0xb6871000)]

Other Threads:
=>0x5fa80800 VMThread [stack: 0x5f97f000,0x5fa00000] [id=27342]
  0x5fa9cc00 WatcherThread [stack: 0x5f27d000,0x5f2fe000] [id=27349]

VM state:at safepoint (normal execution)

VM Mutex/Monitor currently owned by a thread:  ([mutex/lock_event])
[0xb6704f90] Threads_lock - owner thread: 0x5fa80800
[0xb67053a0] Heap_lock - owner thread: 0x5e6b5000

Heap
 PSYoungGen      total 194560K, used 11988K [0x9e040000, 0xaacc0000, 0xb35c0000)
  eden space 179712K, 0% used [0x9e040000,0x9e040000,0xa8fc0000)
  from space 14848K, 80% used [0xa9e40000,0xaa9f53f0,0xaacc0000)
  to   space 2560K, 0% used [0xa8fc0000,0xa8fc0000,0xa9240000)
 ParOldGen       total 70400K, used 31648K [0x735c0000, 0x77a80000, 0x9e040000)
  object space 70400K, 44% used [0x735c0000,0x754a8218,0x77a80000)
 PSPermGen       total 62720K, used 29792K [0x635c0000, 0x67300000, 0x735c0000)
  object space 62720K, 47% used [0x635c0000,0x652d83b0,0x67300000)

Card table byte_map: [0x6333f000,0x635c0000] byte_map_base: 0x63024200

Polling page: 0xb77b9000

Code Cache  [0xb3698000, 0xb3c80000, 0xb6698000)
 total_blobs=2005 nmethods=1610 adapters=347 free_code_cache=43169Kb largest_free_block=44171200

Compilation events (10 events):
Event: 580.687 Thread 0x5fa97400 1698             com.sun.tools.javac.code.Type::isRaw (2 bytes)
Event: 580.687 Thread 0x5fa97400 nmethod 1698 0xb3c73e48 code [0xb3c73f20, 0xb3c73f70]
Event: 580.691 Thread 0x5fa99400 1699             com.sun.tools.javac.util.Bits::sizeTo (34 bytes)
Event: 580.693 Thread 0x5fa99400 nmethod 1699 0xb3c75888 code [0xb3c75980, 0xb3c75b70]
Event: 580.705 Thread 0x5fa97400 1700             com.sun.tools.javac.util.Names::fromString (9 bytes)
Event: 580.705 Thread 0x5fa97400 nmethod 1700 0xb3c75648 code [0xb3c75740, 0xb3c757bc]
Event: 580.709 Thread 0x5fa99400 1701             com.sun.tools.javac.util.ByteBuffer::appendInt (114 bytes)
Event: 580.712 Thread 0x5fa99400 nmethod 1701 0xb3c75288 code [0xb3c753a0, 0xb3c754fc]
Event: 580.712 Thread 0x5fa97400 1702             com.sun.tools.javac.comp.Attr::visitIdent (630 bytes)
Event: 580.718 Thread 0x5fa99400 1703             com.sun.tools.javac.comp.Resolve::isAccessible (332 bytes)

GC Heap History (10 events):
Event: 14.405 GC heap after
Heap after GC invocations=14 (full 1):
 PSYoungGen      total 165120K, used 4039K [0x9e040000, 0xab380000, 0xb35c0000)
  eden space 149248K, 0% used [0x9e040000,0x9e040000,0xa7200000)
  from space 15872K, 25% used [0xa7200000,0xa75f1d50,0xa8180000)
  to   space 15360K, 0% used [0xaa480000,0xaa480000,0xab380000)
 ParOldGen       total 70400K, used 37267K [0x735c0000, 0x77a80000, 0x9e040000)
  object space 70400K, 52% used [0x735c0000,0x75a24c78,0x77a80000)
 PSPermGen       total 56832K, used 28933K [0x635c0000, 0x66d40000, 0x735c0000)
  object space 56832K, 50% used [0x635c0000,0x65201468,0x66d40000)
}
Event: 14.405 GC heap before
{Heap before GC invocations=15 (full 2):
 PSYoungGen      total 165120K, used 4039K [0x9e040000, 0xab380000, 0xb35c0000)
  eden space 149248K, 0% used [0x9e040000,0x9e040000,0xa7200000)
  from space 15872K, 25% used [0xa7200000,0xa75f1d50,0xa8180000)
  to   space 15360K, 0% used [0xaa480000,0xaa480000,0xab380000)
 ParOldGen       total 70400K, used 37267K [0x735c0000, 0x77a80000, 0x9e040000)
  object space 70400K, 52% used [0x735c0000,0x75a24c78,0x77a80000)
 PSPermGen       total 56832K, used 28933K [0x635c0000, 0x66d40000, 0x735c0000)
  object space 56832K, 50% used [0x635c0000,0x65201468,0x66d40000)
Event: 14.660 GC heap after
Heap after GC invocations=15 (full 2):
 PSYoungGen      total 165120K, used 0K [0x9e040000, 0xab380000, 0xb35c0000)
  eden space 149248K, 0% used [0x9e040000,0x9e040000,0xa7200000)
  from space 15872K, 0% used [0xa7200000,0xa7200000,0xa8180000)
  to   space 15360K, 0% used [0xaa480000,0xaa480000,0xab380000)
 ParOldGen       total 70400K, used 31813K [0x735c0000, 0x77a80000, 0x9e040000)
  object space 70400K, 45% used [0x735c0000,0x754d1620,0x77a80000)
 PSPermGen       total 64256K, used 28932K [0x635c0000, 0x67480000, 0x735c0000)
  object space 64256K, 45% used [0x635c0000,0x65201328,0x67480000)
}
Event: 63.673 GC heap before
{Heap before GC invocations=16 (full 2):
 PSYoungGen      total 165120K, used 149248K [0x9e040000, 0xab380000, 0xb35c0000)
  eden space 149248K, 100% used [0x9e040000,0xa7200000,0xa7200000)
  from space 15872K, 0% used [0xa7200000,0xa7200000,0xa8180000)
  to   space 15360K, 0% used [0xaa480000,0xaa480000,0xab380000)
 ParOldGen       total 70400K, used 31813K [0x735c0000, 0x77a80000, 0x9e040000)
  object space 70400K, 45% used [0x735c0000,0x754d1620,0x77a80000)
 PSPermGen       total 64256K, used 29282K [0x635c0000, 0x67480000, 0x735c0000)
  object space 64256K, 45% used [0x635c0000,0x65258830,0x67480000)
Event: 63.680 GC heap after
Heap after GC invocations=16 (full 2):
 PSYoungGen      total 188672K, used 3497K [0x9e040000, 0xaad40000, 0xb35c0000)
  eden space 179712K, 0% used [0x9e040000,0x9e040000,0xa8fc0000)
  from space 8960K, 39% used [0xaa480000,0xaa7ea6a0,0xaad40000)
  to   space 15104K, 0% used [0xa8fc0000,0xa8fc0000,0xa9e80000)
 ParOldGen       total 70400K, used 31813K [0x735c0000, 0x77a80000, 0x9e040000)
  object space 70400K, 45% used [0x735c0000,0x754d1620,0x77a80000)
 PSPermGen       total 64256K, used 29282K [0x635c0000, 0x67480000, 0x735c0000)
  object space 64256K, 45% used [0x635c0000,0x65258830,0x67480000)
}
Event: 189.254 GC heap before
{Heap before GC invocations=17 (full 2):
 PSYoungGen      total 188672K, used 167716K [0x9e040000, 0xaad40000, 0xb35c0000)
  eden space 179712K, 91% used [0x9e040000,0xa809eba8,0xa8fc0000)
  from space 8960K, 39% used [0xaa480000,0xaa7ea6a0,0xaad40000)
  to   space 15104K, 0% used [0xa8fc0000,0xa8fc0000,0xa9e80000)
 ParOldGen       total 70400K, used 31813K [0x735c0000, 0x77a80000, 0x9e040000)
  object space 70400K, 45% used [0x735c0000,0x754d1620,0x77a80000)
 PSPermGen       total 64256K, used 29528K [0x635c0000, 0x67480000, 0x735c0000)
  object space 64256K, 45% used [0x635c0000,0x65296318,0x67480000)
Event: 189.261 GC heap after
Heap after GC invocations=17 (full 2):
 PSYoungGen      total 182272K, used 2423K [0x9e040000, 0xaacc0000, 0xb35c0000)
  eden space 179712K, 0% used [0x9e040000,0x9e040000,0xa8fc0000)
  from space 2560K, 94% used [0xa8fc0000,0xa921dd90,0xa9240000)
  to   space 14848K, 0% used [0xa9e40000,0xa9e40000,0xaacc0000)
 ParOldGen       total 70400K, used 31813K [0x735c0000, 0x77a80000, 0x9e040000)
  object space 70400K, 45% used [0x735c0000,0x754d1620,0x77a80000)
 PSPermGen       total 64256K, used 29528K [0x635c0000, 0x67480000, 0x735c0000)
  object space 64256K, 45% used [0x635c0000,0x65296318,0x67480000)
}
Event: 189.261 GC heap before
{Heap before GC invocations=18 (full 3):
 PSYoungGen      total 182272K, used 2423K [0x9e040000, 0xaacc0000, 0xb35c0000)
  eden space 179712K, 0% used [0x9e040000,0x9e040000,0xa8fc0000)
  from space 2560K, 94% used [0xa8fc0000,0xa921dd90,0xa9240000)
  to   space 14848K, 0% used [0xa9e40000,0xa9e40000,0xaacc0000)
 ParOldGen       total 70400K, used 31813K [0x735c0000, 0x77a80000, 0x9e040000)
  object space 70400K, 45% used [0x735c0000,0x754d1620,0x77a80000)
 PSPermGen       total 64256K, used 29528K [0x635c0000, 0x67480000, 0x735c0000)
  object space 64256K, 45% used [0x635c0000,0x65296318,0x67480000)
Event: 189.461 GC heap after
Heap after GC invocations=18 (full 3):
 PSYoungGen      total 182272K, used 0K [0x9e040000, 0xaacc0000, 0xb35c0000)
  eden space 179712K, 0% used [0x9e040000,0x9e040000,0xa8fc0000)
  from space 2560K, 0% used [0xa8fc0000,0xa8fc0000,0xa9240000)
  to   space 14848K, 0% used [0xa9e40000,0xa9e40000,0xaacc0000)
 ParOldGen       total 70400K, used 31648K [0x735c0000, 0x77a80000, 0x9e040000)
  object space 70400K, 44% used [0x735c0000,0x754a8218,0x77a80000)
 PSPermGen       total 62720K, used 29526K [0x635c0000, 0x67300000, 0x735c0000)
  object space 62720K, 47% used [0x635c0000,0x65295ad8,0x67300000)
}
Event: 580.762 GC heap before
{Heap before GC invocations=19 (full 3):
 PSYoungGen      total 182272K, used 179712K [0x9e040000, 0xaacc0000, 0xb35c0000)
  eden space 179712K, 100% used [0x9e040000,0xa8fc0000,0xa8fc0000)
  from space 2560K, 0% used [0xa8fc0000,0xa8fc0000,0xa9240000)
  to   space 14848K, 0% used [0xa9e40000,0xa9e40000,0xaacc0000)
 ParOldGen       total 70400K, used 31648K [0x735c0000, 0x77a80000, 0x9e040000)
  object space 70400K, 44% used [0x735c0000,0x754a8218,0x77a80000)
 PSPermGen       total 62720K, used 29792K [0x635c0000, 0x67300000, 0x735c0000)
  object space 62720K, 47% used [0x635c0000,0x652d83b0,0x67300000)

Deoptimization events (10 events):
Event: 188.847 Thread 0x5e6b7000 Uncommon trap: reason=unreached action=reinterpret pc=0xb3aa31a4 method=com.sun.tools.javac.code.Symbol$MethodSymbol.overrides(Lcom/sun/tools/javac/code/Symbol;Lcom/sun/tools/javac/code/Symbol$TypeSymbol;Lcom/sun/tools/javac/code/Types;Z)Z @ 62
Event: 188.951 Thread 0x5e6b7000 Uncommon trap: reason=class_check action=maybe_recompile pc=0xb3ab93b0 method=com.sun.tools.javac.comp.Check.checkConflicts(Lcom/sun/tools/javac/util/JCDiagnostic$DiagnosticPosition;Lcom/sun/tools/javac/code/Symbol;Lcom/sun/tools/javac/code/Symbol$TypeSym
Event: 189.190 Thread 0x5e6b7000 Uncommon trap: reason=null_check action=make_not_entrant pc=0xb3b7f550 method=com.sun.tools.javac.jvm.ClassReader.enterClass(Lcom/sun/tools/javac/util/Name;Ljavax/tools/JavaFileObject;)Lcom/sun/tools/javac/code/Symbol$ClassSymbol; @ 10
Event: 189.461 Thread 0x5fa83000 Uncommon trap: reason=unreached action=reinterpret pc=0xb3abb050 method=java.lang.ref.Reference$ReferenceHandler.run()V @ 74
Event: 203.036 Thread 0x5e6b7000 Uncommon trap: reason=class_check action=maybe_recompile pc=0xb372a078 method=java.lang.Throwable.<init>(Ljava/lang/String;Ljava/lang/Throwable;)V @ 24
Event: 579.670 Thread 0x5e6b5000 Uncommon trap: reason=predicate action=maybe_recompile pc=0xb3c0f650 method=java.util.LinkedList.toArray([Ljava/lang/Object;)[Ljava/lang/Object; @ 45
Event: 580.223 Thread 0x5e6b5000 Uncommon trap: reason=array_check action=maybe_recompile pc=0xb3aab2cc method=java.util.LinkedList.toArray([Ljava/lang/Object;)[Ljava/lang/Object; @ 55
Event: 580.223 Thread 0x5e6b5000 Uncommon trap: reason=array_check action=maybe_recompile pc=0xb3aab2cc method=java.util.LinkedList.toArray([Ljava/lang/Object;)[Ljava/lang/Object; @ 55
Event: 580.224 Thread 0x5e6b5000 Uncommon trap: reason=array_check action=maybe_recompile pc=0xb3aab2cc method=java.util.LinkedList.toArray([Ljava/lang/Object;)[Ljava/lang/Object; @ 55
Event: 580.224 Thread 0x5e6b5000 Uncommon trap: reason=array_check action=maybe_recompile pc=0xb3aab2cc method=java.util.LinkedList.toArray([Ljava/lang/Object;)[Ljava/lang/Object; @ 55

Internal exceptions (10 events):
Event: 579.736 Thread 0x5e6b5000 Threw 0xa371ac40 at /HUDSON/workspace/7u-2-build-linux-i586/jdk7u72/1606/hotspot/src/share/vm/prims/jvm.cpp:1281
Event: 579.736 Thread 0x5e6b5000 Threw 0xa3723038 at /HUDSON/workspace/7u-2-build-linux-i586/jdk7u72/1606/hotspot/src/share/vm/prims/jvm.cpp:1281
Event: 579.737 Thread 0x5e6b5000 Threw 0xa372d7e8 at /HUDSON/workspace/7u-2-build-linux-i586/jdk7u72/1606/hotspot/src/share/vm/prims/jvm.cpp:1281
Event: 579.737 Thread 0x5e6b5000 Threw 0xa3732858 at /HUDSON/workspace/7u-2-build-linux-i586/jdk7u72/1606/hotspot/src/share/vm/prims/jvm.cpp:1281
Event: 579.737 Thread 0x5e6b5000 Threw 0xa3733808 at /HUDSON/workspace/7u-2-build-linux-i586/jdk7u72/1606/hotspot/src/share/vm/prims/jvm.cpp:1281
Event: 579.737 Thread 0x5e6b5000 Threw 0xa373c6e0 at /HUDSON/workspace/7u-2-build-linux-i586/jdk7u72/1606/hotspot/src/share/vm/prims/jvm.cpp:1281
Event: 579.738 Thread 0x5e6b5000 Threw 0xa3740df8 at /HUDSON/workspace/7u-2-build-linux-i586/jdk7u72/1606/hotspot/src/share/vm/prims/jvm.cpp:1281
Event: 579.739 Thread 0x5e6b5000 Threw 0xa3746498 at /HUDSON/workspace/7u-2-build-linux-i586/jdk7u72/1606/hotspot/src/share/vm/prims/jvm.cpp:1281
Event: 579.739 Thread 0x5e6b5000 Threw 0xa37476c0 at /HUDSON/workspace/7u-2-build-linux-i586/jdk7u72/1606/hotspot/src/share/vm/prims/jvm.cpp:1281
Event: 579.739 Thread 0x5e6b5000 Threw 0xa3751080 at /HUDSON/workspace/7u-2-build-linux-i586/jdk7u72/1606/hotspot/src/share/vm/prims/jvm.cpp:1281

Events (10 events):
Event: 580.223 Thread 0x5e6b5000 Uncommon trap: trap_request=0xffffffd6 fr.pc=0xb3aab2cc
Event: 580.223 Thread 0x5e6b5000 DEOPT PACKING pc=0xb3aab2cc sp=0x5e3ab2e0
Event: 580.223 Thread 0x5e6b5000 DEOPT UNPACKING pc=0xb36c4bc8 sp=0x5e3ab2c0 mode 2
Event: 580.224 Thread 0x5e6b5000 Uncommon trap: trap_request=0xffffffd6 fr.pc=0xb3aab2cc
Event: 580.224 Thread 0x5e6b5000 DEOPT PACKING pc=0xb3aab2cc sp=0x5e3ab2a0
Event: 580.224 Thread 0x5e6b5000 DEOPT UNPACKING pc=0xb36c4bc8 sp=0x5e3ab280 mode 2
Event: 580.224 Thread 0x5e6b5000 Uncommon trap: trap_request=0xffffffd6 fr.pc=0xb3aab2cc
Event: 580.224 Thread 0x5e6b5000 DEOPT PACKING pc=0xb3aab2cc sp=0x5e3ab2a0
Event: 580.224 Thread 0x5e6b5000 DEOPT UNPACKING pc=0xb36c4bc8 sp=0x5e3ab280 mode 2
Event: 580.762 Executing VM operation: ParallelGCFailedAllocation


Dynamic libraries:
08048000-08049000 r-xp 00000000 08:04 405196     /usr/lib/jvm/java-7-oracle/bin/java
08049000-0804a000 rw-p 00000000 08:04 405196     /usr/lib/jvm/java-7-oracle/bin/java
094c1000-095bb000 rw-p 00000000 00:00 0          [heap]
5bd00000-5bedf000 rw-p 00000000 00:00 0 
5bedf000-5bf00000 ---p 00000000 00:00 0 
5bf00000-5c100000 rw-p 00000000 00:00 0 
5c100000-5c1c7000 rw-p 00000000 00:00 0 
5c1c7000-5c200000 ---p 00000000 00:00 0 
5c300000-5c3f9000 rw-p 00000000 00:00 0 
5c3f9000-5c400000 ---p 00000000 00:00 0 
5c500000-5c5c4000 rw-p 00000000 00:00 0 
5c5c4000-5c600000 ---p 00000000 00:00 0 
5c600000-5c6f7000 rw-p 00000000 00:00 0 
5c6f7000-5c700000 ---p 00000000 00:00 0 
5c700000-5c7fa000 rw-p 00000000 00:00 0 
5c7fa000-5c800000 ---p 00000000 00:00 0 
5c800000-5c8e9000 rw-p 00000000 00:00 0 
5c8e9000-5c900000 ---p 00000000 00:00 0 
5c900000-5c9cd000 rw-p 00000000 00:00 0 
5c9cd000-5ca00000 ---p 00000000 00:00 0 
5ca00000-5cbfc000 rw-p 00000000 00:00 0 
5cbfc000-5cc00000 ---p 00000000 00:00 0 
5cc00000-5ccb9000 rw-p 00000000 00:00 0 
5ccb9000-5cd00000 ---p 00000000 00:00 0 
5cdaf000-5cdb2000 ---p 00000000 00:00 0 
5cdb2000-5ce00000 rw-p 00000000 00:00 0 
5ce00000-5ceff000 rw-p 00000000 00:00 0 
5ceff000-5cf00000 ---p 00000000 00:00 0 
5cf00000-5cffc000 rw-p 00000000 00:00 0 
5cffc000-5d000000 ---p 00000000 00:00 0 
5d000000-5d0fe000 rw-p 00000000 00:00 0 
5d0fe000-5d100000 ---p 00000000 00:00 0 
5d100000-5d1fa000 rw-p 00000000 00:00 0 
5d1fa000-5d200000 ---p 00000000 00:00 0 
5d200000-5d2fe000 rw-p 00000000 00:00 0 
5d2fe000-5d300000 ---p 00000000 00:00 0 
5d300000-5d3fe000 rw-p 00000000 00:00 0 
5d3fe000-5d400000 ---p 00000000 00:00 0 
5d400000-5d4e5000 rw-p 00000000 00:00 0 
5d4e5000-5d500000 ---p 00000000 00:00 0 
5d500000-5d5e7000 rw-p 00000000 00:00 0 
5d5e7000-5d600000 ---p 00000000 00:00 0 
5d600000-5d700000 rw-p 00000000 00:00 0 
5d70d000-5d710000 ---p 00000000 00:00 0 
5d710000-5d75e000 rw-p 00000000 00:00 0 
5d75e000-5d761000 ---p 00000000 00:00 0 
5d761000-5d7af000 rw-p 00000000 00:00 0 
5d7af000-5d7b2000 ---p 00000000 00:00 0 
5d7b2000-5d800000 rw-p 00000000 00:00 0 
5d800000-5d900000 rw-p 00000000 00:00 0 
5d943000-5d94a000 r-xp 00000000 08:04 404395     /usr/lib/jvm/java-7-oracle/jre/lib/i386/libmanagement.so
5d94a000-5d94b000 rw-p 00006000 08:04 404395     /usr/lib/jvm/java-7-oracle/jre/lib/i386/libmanagement.so
5d94b000-5d94e000 ---p 00000000 00:00 0 
5d94e000-5d99c000 rw-p 00000000 00:00 0 
5d99c000-5d99e000 r--s 0000d000 08:04 2879202    /home/shauna/android-studio/gradle/m2repository/commons-codec/commons-codec/1.4/commons-codec-1.4.jar
5d99e000-5d9a0000 r--s 0000d000 08:04 2878232    /home/shauna/android-studio/gradle/m2repository/commons-logging/commons-logging/1.1.1/commons-logging-1.1.1.jar
5d9a0000-5d9a5000 r--s 00028000 08:04 2878303    /home/shauna/android-studio/gradle/m2repository/org/apache/httpcomponents/httpcore/4.1/httpcore-4.1.jar
5d9a5000-5d9ad000 r--s 000a8000 08:04 2878968    /home/shauna/android-studio/gradle/m2repository/com/android/tools/external/lombok/lombok-ast/0.2.3/lombok-ast-0.2.3.jar
5d9ad000-5d9ae000 r--s 0000a000 08:04 2879198    /home/shauna/android-studio/gradle/m2repository/net/sf/kxml/kxml2/2.3.0/kxml2-2.3.0.jar
5d9ae000-5d9b5000 r--s 00053000 08:04 2878320    /home/shauna/android-studio/gradle/m2repository/org/apache/commons/commons-compress/1.8.1/commons-compress-1.8.1.jar
5d9b5000-5d9b7000 r--s 00005000 08:04 2878296    /home/shauna/android-studio/gradle/m2repository/org/apache/httpcomponents/httpmime/4.1/httpmime-4.1.jar
5d9b7000-5d9bf000 r--s 0004e000 08:04 2878312    /home/shauna/android-studio/gradle/m2repository/org/apache/httpcomponents/httpclient/4.1.1/httpclient-4.1.1.jar
5d9bf000-5d9c2000 r--s 00012000 08:04 2878993    /home/shauna/android-studio/gradle/m2repository/com/android/tools/layoutlib/layoutlib-api/24.2.3/layoutlib-api-24.2.3.jar
5d9c2000-5d9ed000 r--s 001f9000 08:04 2878910    /home/shauna/android-studio/gradle/m2repository/com/google/guava/guava/17.0/guava-17.0.jar
5d9ed000-5d9fb000 r--s 00081000 08:04 2878338    /home/shauna/android-studio/gradle/m2repository/org/bouncycastle/bcpkix-jdk15on/1.48/bcpkix-jdk15on-1.48.jar
5d9fb000-5da00000 r--s 0002a000 08:04 2878903    /home/shauna/android-studio/gradle/m2repository/com/google/code/gson/gson/2.2.4/gson-2.2.4.jar
5da00000-5dacf000 rw-p 00000000 00:00 0 
5dacf000-5db00000 ---p 00000000 00:00 0 
5db00000-5dbee000 rw-p 00000000 00:00 0 
5dbee000-5dc00000 ---p 00000000 00:00 0 
5dc00000-5dcf8000 rw-p 00000000 00:00 0 
5dcf8000-5dd00000 ---p 00000000 00:00 0 
5dd00000-5ddf6000 rw-p 00000000 00:00 0 
5ddf6000-5de00000 ---p 00000000 00:00 0 
5de00000-5def8000 rw-p 00000000 00:00 0 
5def8000-5df00000 ---p 00000000 00:00 0 
5df00000-5df01000 r--s 00005000 08:04 2879019    /home/shauna/android-studio/gradle/m2repository/com/android/tools/dvlib/24.2.3/dvlib-24.2.3.jar
5df01000-5df02000 r--s 00001000 08:04 2878979    /home/shauna/android-studio/gradle/m2repository/com/android/tools/annotations/24.2.3/annotations-24.2.3.jar
5df02000-5df07000 r--s 00042000 08:04 2879046    /home/shauna/android-studio/gradle/m2repository/com/android/tools/ddms/ddmlib/24.2.3/ddmlib-24.2.3.jar
5df07000-5df11000 r--s 000a9000 08:04 2879137    /home/shauna/android-studio/gradle/m2repository/com/android/tools/sdklib/24.2.3/sdklib-24.2.3.jar
5df11000-5df44000 r--s 00203000 08:04 2878344    /home/shauna/android-studio/gradle/m2repository/org/bouncycastle/bcprov-jdk15on/1.48/bcprov-jdk15on-1.48.jar
5df44000-5df47000 ---p 00000000 00:00 0 
5df47000-5df95000 rw-p 00000000 00:00 0          [stack:27364]
5df95000-5e000000 r--s 00e22000 08:04 395904     /usr/lib/jvm/java-7-oracle/lib/tools.jar
5e000000-5e0f2000 rw-p 00000000 00:00 0 
5e0f2000-5e100000 ---p 00000000 00:00 0 
5e100000-5e101000 r--s 00004000 08:04 2878853    /home/shauna/android-studio/gradle/m2repository/org/ow2/asm/asm-analysis/5.0.3/asm-analysis-5.0.3.jar
5e101000-5e104000 r--s 0002b000 08:04 2878954    /home/shauna/android-studio/gradle/m2repository/com/android/tools/lint/lint-api/24.2.3/lint-api-24.2.3.jar
5e104000-5e108000 r--s 00029000 08:04 2879125    /home/shauna/android-studio/gradle/m2repository/com/android/tools/build/manifest-merger/24.2.3/manifest-merger-24.2.3.jar
5e108000-5e10a000 r--s 00004000 08:04 2879072    /home/shauna/android-studio/gradle/m2repository/com/android/tools/build/builder-model/1.2.3/builder-model-1.2.3.jar
5e10a000-5e10c000 r--s 00012000 08:04 2879032    /home/shauna/android-studio/gradle/m2repository/com/android/tools/common/24.2.3/common-24.2.3.jar
5e10c000-5e10e000 r--s 00002000 08:04 2878892    /home/shauna/android-studio/gradle/m2repository/com/squareup/javawriter/2.5.0/javawriter-2.5.0.jar
5e10e000-5e120000 r--s 00220000 08:04 2878280    /home/shauna/android-studio/gradle/m2repository/org/eclipse/jdt/core/compiler/ecj/4.4/ecj-4.4.jar
5e120000-5e130000 r--s 000d3000 08:04 2879168    /home/shauna/android-studio/gradle/m2repository/net/sf/proguard/proguard-base/5.1/proguard-base-5.1.jar
5e130000-5e143000 r--s 0015d000 08:04 2879113    /home/shauna/android-studio/gradle/m2repository/com/android/tools/build/gradle-core/1.2.3/gradle-core-1.2.3.jar
5e143000-5e146000 ---p 00000000 00:00 0 
5e146000-5e15e000 rw-p 00000000 00:00 0 
5e15e000-5e161000 ---p 00000000 00:00 0 
5e161000-5e1af000 rw-p 00000000 00:00 0          [stack:27543]
5e1af000-5e1b2000 ---p 00000000 00:00 0 
5e1b2000-5e200000 rw-p 00000000 00:00 0          [stack:27539]
5e200000-5e2ff000 rw-p 00000000 00:00 0 
5e2ff000-5e300000 ---p 00000000 00:00 0 
5e300000-5e301000 r--s 0000c000 08:04 2878865    /home/shauna/android-studio/gradle/m2repository/org/ow2/asm/asm/5.0.3/asm-5.0.3.jar
5e301000-5e307000 r--s 0005f000 08:04 2879007    /home/shauna/android-studio/gradle/m2repository/com/android/tools/sdk-common/24.2.3/sdk-common-24.2.3.jar
5e307000-5e30d000 r--s 00093000 08:04 2878940    /home/shauna/android-studio/gradle/m2repository/com/android/tools/lint/lint-checks/24.2.3/lint-checks-24.2.3.jar
5e30d000-5e310000 ---p 00000000 00:00 0 
5e310000-5e35e000 rw-p 00000000 00:00 0          [stack:27538]
5e35e000-5e361000 ---p 00000000 00:00 0 
5e361000-5e3af000 rw-p 00000000 00:00 0          [stack:27540]
5e3af000-5e3b2000 ---p 00000000 00:00 0 
5e3b2000-5e400000 rw-p 00000000 00:00 0          [stack:27537]
5e400000-5e4f5000 rw-p 00000000 00:00 0 
5e4f5000-5e500000 ---p 00000000 00:00 0 
5e500000-5e5f6000 rw-p 00000000 00:00 0 
5e5f6000-5e600000 ---p 00000000 00:00 0 
5e600000-5e6be000 rw-p 00000000 00:00 0 
5e6be000-5e700000 ---p 00000000 00:00 0 
5e700000-5e7cb000 rw-p 00000000 00:00 0 
5e7cb000-5e800000 ---p 00000000 00:00 0 
5e800000-5e900000 rw-p 00000000 00:00 0 
5e900000-5e902000 r--s 00006000 08:04 2878877    /home/shauna/android-studio/gradle/m2repository/org/ow2/asm/asm-tree/5.0.3/asm-tree-5.0.3.jar
5e902000-5e903000 r--s 00002000 08:04 2879085    /home/shauna/android-studio/gradle/m2repository/com/android/tools/build/builder-test-api/1.2.3/builder-test-api-1.2.3.jar
5e903000-5e908000 r--s 00039000 08:04 2879061    /home/shauna/android-studio/gradle/m2repository/com/android/tools/build/builder/1.2.3/builder-1.2.3.jar
5e908000-5e90a000 r--s 0001a000 08:04 2878928    /home/shauna/android-studio/gradle/m2repository/com/android/tools/lint/lint/24.2.3/lint-24.2.3.jar
5e90a000-5e90b000 r--s 00002000 08:04 2879178    /home/shauna/android-studio/gradle/m2repository/net/sf/proguard/proguard-gradle/5.1/proguard-gradle-5.1.jar
5e90b000-5e90d000 r--s 0000c000 08:04 2879099    /home/shauna/android-studio/gradle/m2repository/com/android/tools/build/gradle/1.2.3/gradle-1.2.3.jar
5e90d000-5e917000 r--s 00251000 08:04 405055     /usr/lib/jvm/java-7-oracle/jre/lib/resources.jar
5e917000-5e918000 r--p 00000000 00:00 0 
5e918000-5e91f000 r--s 00000000 08:04 399670     /usr/lib/i386-linux-gnu/gconv/gconv-modules.cache
5e91f000-5e922000 ---p 00000000 00:00 0 
5e922000-5e970000 rw-p 00000000 00:00 0          [stack:27352]
5e970000-5e975000 r--s 0008a000 08:04 404482     /usr/lib/jvm/java-7-oracle/jre/lib/jsse.jar
5e975000-5e976000 r--s 00002000 08:04 2900459    /home/shauna/.gradle/wrapper/dists/gradle-2.4-all/6r4uqcc6ovnq6ac6s0txzcpc0/gradle-2.4/lib/plugins/gradle-tooling-api-builders-2.4.jar
5e976000-5e985000 r--s 00081000 08:04 2900504    /home/shauna/.gradle/wrapper/dists/gradle-2.4-all/6r4uqcc6ovnq6ac6s0txzcpc0/gradle-2.4/lib/plugins/joda-time-2.7.jar
5e985000-5e996000 r--s 000cf000 08:04 2900503    /home/shauna/.gradle/wrapper/dists/gradle-2.4-all/6r4uqcc6ovnq6ac6s0txzcpc0/gradle-2.4/lib/plugins/jackson-databind-2.3.2.jar
5e996000-5e998000 r--s 00007000 08:04 2900502    /home/shauna/.gradle/wrapper/dists/gradle-2.4-all/6r4uqcc6ovnq6ac6s0txzcpc0/gradle-2.4/lib/plugins/jackson-annotations-2.3.2.jar
5e998000-5e99b000 r--s 0002e000 08:04 2900501    /home/shauna/.gradle/wrapper/dists/gradle-2.4-all/6r4uqcc6ovnq6ac6s0txzcpc0/gradle-2.4/lib/plugins/jackson-core-2.3.2.jar
5e99b000-5e9a6000 r--s 0006b000 08:04 2900500    /home/shauna/.gradle/wrapper/dists/gradle-2.4-all/6r4uqcc6ovnq6ac6s0txzcpc0/gradle-2.4/lib/plugins/aws-java-sdk-core-1.9.19.jar
5e9a6000-5e9ac000 r--s 00036000 08:04 2900499    /home/shauna/.gradle/wrapper/dists/gradle-2.4-all/6r4uqcc6ovnq6ac6s0txzcpc0/gradle-2.4/lib/plugins/aws-java-sdk-kms-1.9.19.jar
5e9ac000-5e9b7000 r--s 00079000 08:04 2900498    /home/shauna/.gradle/wrapper/dists/gradle-2.4-all/6r4uqcc6ovnq6ac6s0txzcpc0/gradle-2.4/lib/plugins/aws-java-sdk-s3-1.9.19.jar
5e9b7000-5e9b8000 r--s 00003000 08:04 2900458    /home/shauna/.gradle/wrapper/dists/gradle-2.4-all/6r4uqcc6ovnq6ac6s0txzcpc0/gradle-2.4/lib/plugins/gradle-resources-s3-2.4.jar
5e9b8000-5e9ba000 r--s 00003000 08:04 2900457    /home/shauna/.gradle/wrapper/dists/gradle-2.4-all/6r4uqcc6ovnq6ac6s0txzcpc0/gradle-2.4/lib/plugins/gradle-resources-sftp-2.4.jar
5e9ba000-5e9bb000 r--s 00001000 08:04 2900454    /home/shauna/.gradle/wrapper/dists/gradle-2.4-all/6r4uqcc6ovnq6ac6s0txzcpc0/gradle-2.4/lib/plugins/gradle-plugin-development-2.4.jar
5e9bb000-5e9c0000 r--s 00036000 08:04 2900452    /home/shauna/.gradle/wrapper/dists/gradle-2.4-all/6r4uqcc6ovnq6ac6s0txzcpc0/gradle-2.4/lib/plugins/gradle-ide-native-2.4.jar
5e9c0000-5e9c5000 r--s 0001a000 08:04 2900451    /home/shauna/.gradle/wrapper/dists/gradle-2.4-all/6r4uqcc6ovnq6ac6s0txzcpc0/gradle-2.4/lib/plugins/gradle-language-native-2.4.jar
5e9c5000-5e9ca000 r--s 00022000 08:04 2900450    /home/shauna/.gradle/wrapper/dists/gradle-2.4-all/6r4uqcc6ovnq6ac6s0txzcpc0/gradle-2.4/lib/plugins/gradle-platform-play-2.4.jar
5e9ca000-5e9d7000 r--s 00057000 08:04 2900449    /home/shauna/.gradle/wrapper/dists/gradle-2.4-all/6r4uqcc6ovnq6ac6s0txzcpc0/gradle-2.4/lib/plugins/gradle-platform-native-2.4.jar
5e9d7000-5e9da000 r--s 00008000 08:04 2900448    /home/shauna/.gradle/wrapper/dists/gradle-2.4-all/6r4uqcc6ovnq6ac6s0txzcpc0/gradle-2.4/lib/plugins/gradle-language-scala-2.4.jar
5e9da000-5e9dc000 r--s 00009000 08:04 2900447    /home/shauna/.gradle/wrapper/dists/gradle-2.4-all/6r4uqcc6ovnq6ac6s0txzcpc0/gradle-2.4/lib/plugins/gradle-language-groovy-2.4.jar
5e9dc000-5e9e2000 r--s 00023000 08:04 2900446    /home/shauna/.gradle/wrapper/dists/gradle-2.4-all/6r4uqcc6ovnq6ac6s0txzcpc0/gradle-2.4/lib/plugins/gradle-language-java-2.4.jar
5e9e2000-5e9e4000 r--s 00008000 08:04 2900445    /home/shauna/.gradle/wrapper/dists/gradle-2.4-all/6r4uqcc6ovnq6ac6s0txzcpc0/gradle-2.4/lib/plugins/gradle-language-jvm-2.4.jar
5e9e4000-5e9e6000 r--s 00009000 08:04 2900444    /home/shauna/.gradle/wrapper/dists/gradle-2.4-all/6r4uqcc6ovnq6ac6s0txzcpc0/gradle-2.4/lib/plugins/gradle-platform-jvm-2.4.jar
5e9e6000-5e9ed000 r--s 00020000 08:04 2900443    /home/shauna/.gradle/wrapper/dists/gradle-2.4-all/6r4uqcc6ovnq6ac6s0txzcpc0/gradle-2.4/lib/plugins/gradle-platform-base-2.4.jar
5e9ed000-5e9f1000 r--s 00025000 08:04 2900442    /home/shauna/.gradle/wrapper/dists/gradle-2.4-all/6r4uqcc6ovnq6ac6s0txzcpc0/gradle-2.4/lib/plugins/gradle-build-init-2.4.jar
5e9f1000-5e9f4000 r--s 0001c000 08:04 2900441    /home/shauna/.gradle/wrapper/dists/gradle-2.4-all/6r4uqcc6ovnq6ac6s0txzcpc0/gradle-2.4/lib/plugins/gradle-jacoco-2.4.jar
5e9f4000-5e9f7000 r--s 0000e000 08:04 2900440    /home/shauna/.gradle/wrapper/dists/gradle-2.4-all/6r4uqcc6ovnq6ac6s0txzcpc0/gradle-2.4/lib/plugins/gradle-ivy-2.4.jar
5e9f7000-5e9f9000 r--s 00002000 08:04 2900439    /home/shauna/.gradle/wrapper/dists/gradle-2.4-all/6r4uqcc6ovnq6ac6s0txzcpc0/gradle-2.4/lib/plugins/gradle-publish-2.4.jar
5e9f9000-5e9fb000 r--s 00005000 08:04 2900494    /home/shauna/.gradle/wrapper/dists/gradle-2.4-all/6r4uqcc6ovnq6ac6s0txzcpc0/gradle-2.4/lib/plugins/jatl-0.2.2.jar
5e9fb000-5ea00000 r--s 00036000 08:04 2900437    /home/shauna/.gradle/wrapper/dists/gradle-2.4-all/6r4uqcc6ovnq6ac6s0txzcpc0/gradle-2.4/lib/plugins/gradle-diagnostics-2.4.jar
5ea00000-5eafd000 rw-p 00000000 00:00 0 
5eafd000-5eb00000 ---p 00000000 00:00 0 
5eb00000-5ebff000 rw-p 00000000 00:00 0 
5ebff000-5ec00000 ---p 00000000 00:00 0 
5ec00000-5ec01000 r--s 00005000 08:04 2900453    /home/shauna/.gradle/wrapper/dists/gradle-2.4-all/6r4uqcc6ovnq6ac6s0txzcpc0/gradle-2.4/lib/plugins/gradle-testing-native-2.4.jar
5ec01000-5ec03000 r--s 0000f000 08:04 2900438    /home/shauna/.gradle/wrapper/dists/gradle-2.4-all/6r4uqcc6ovnq6ac6s0txzcpc0/gradle-2.4/lib/plugins/gradle-reporting-2.4.jar
5ec03000-5ec0a000 r--s 00094000 08:04 2900436    /home/shauna/.gradle/wrapper/dists/gradle-2.4-all/6r4uqcc6ovnq6ac6s0txzcpc0/gradle-2.4/lib/plugins/gradle-build-comparison-2.4.jar
5ec0a000-5ec11000 r--s 00035000 08:04 2900493    /home/shauna/.gradle/wrapper/dists/gradle-2.4-all/6r4uqcc6ovnq6ac6s0txzcpc0/gradle-2.4/lib/plugins/simple-4.1.21.jar
5ec11000-5ec1d000 r--s 00100000 08:04 2900491    /home/shauna/.gradle/wrapper/dists/gradle-2.4-all/6r4uqcc6ovnq6ac6s0txzcpc0/gradle-2.4/lib/plugins/rhino-1.7R3.jar
5ec1d000-5ec22000 r--s 0001f000 08:04 2900435    /home/shauna/.gradle/wrapper/dists/gradle-2.4-all/6r4uqcc6ovnq6ac6s0txzcpc0/gradle-2.4/lib/plugins/gradle-javascript-2.4.jar
5ec22000-5ec24000 r--s 0000e000 08:04 2900434    /home/shauna/.gradle/wrapper/dists/gradle-2.4-all/6r4uqcc6ovnq6ac6s0txzcpc0/gradle-2.4/lib/plugins/gradle-ear-2.4.jar
5ec24000-5ec2b000 r--s 00038000 08:04 2900490    /home/shauna/.gradle/wrapper/dists/gradle-2.4-all/6r4uqcc6ovnq6ac6s0txzcpc0/gradle-2.4/lib/plugins/bcpg-jdk15on-1.51.jar
5ec2b000-5ec2e000 r--s 0001d000 08:04 2900433    /home/shauna/.gradle/wrapper/dists/gradle-2.4-all/6r4uqcc6ovnq6ac6s0txzcpc0/gradle-2.4/lib/plugins/gradle-signing-2.4.jar
5ec2e000-5ec2f000 r--s 00002000 08:04 2900489    /home/shauna/.gradle/wrapper/dists/gradle-2.4-all/6r4uqcc6ovnq6ac6s0txzcpc0/gradle-2.4/lib/plugins/sonar-batch-bootstrapper-2.9.jar
5ec2f000-5ec32000 r--s 00019000 08:04 2900432    /home/shauna/.gradle/wrapper/dists/gradle-2.4-all/6r4uqcc6ovnq6ac6s0txzcpc0/gradle-2.4/lib/plugins/gradle-sonar-2.4.jar
5ec32000-5ec34000 r--s 00013000 08:04 2900431    /home/shauna/.gradle/wrapper/dists/gradle-2.4-all/6r4uqcc6ovnq6ac6s0txzcpc0/gradle-2.4/lib/plugins/gradle-scala-2.4.jar
5ec34000-5ec35000 r--s 0000e000 08:04 2900430    /home/shauna/.gradle/wrapper/dists/gradle-2.4-all/6r4uqcc6ovnq6ac6s0txzcpc0/gradle-2.4/lib/plugins/gradle-announce-2.4.jar
5ec35000-5ec42000 r--s 000b9000 08:04 2900429    /home/shauna/.gradle/wrapper/dists/gradle-2.4-all/6r4uqcc6ovnq6ac6s0txzcpc0/gradle-2.4/lib/plugins/gradle-ide-2.4.jar
5ec42000-5ec44000 r--s 00000000 08:04 2900488    /home/shauna/.gradle/wrapper/dists/gradle-2.4-all/6r4uqcc6ovnq6ac6s0txzcpc0/gradle-2.4/lib/plugins/plexus-component-annotations-1.5.2.jar
5ec44000-5ec47000 r--s 0000c000 08:04 2900487    /home/shauna/.gradle/wrapper/dists/gradle-2.4-all/6r4uqcc6ovnq6ac6s0txzcpc0/gradle-2.4/lib/plugins/pmaven-groovy-0.8-20100325.jar
5ec47000-5ec48000 r--s 00004000 08:04 2900486    /home/shauna/.gradle/wrapper/dists/gradle-2.4-all/6r4uqcc6ovnq6ac6s0txzcpc0/gradle-2.4/lib/plugins/pmaven-common-0.8-20100325.jar
5ec48000-5ec4a000 r--s 0000b000 08:04 2900485    /home/shauna/.gradle/wrapper/dists/gradle-2.4-all/6r4uqcc6ovnq6ac6s0txzcpc0/gradle-2.4/lib/plugins/wagon-provider-api-1.0-beta-6.jar
5ec4a000-5ec4b000 r--s 00003000 08:04 2900484    /home/shauna/.gradle/wrapper/dists/gradle-2.4-all/6r4uqcc6ovnq6ac6s0txzcpc0/gradle-2.4/lib/plugins/wagon-http-lightweight-1.0-beta-6.jar
5ec4b000-5ec4c000 r--s 00002000 08:04 2900483    /home/shauna/.gradle/wrapper/dists/gradle-2.4-all/6r4uqcc6ovnq6ac6s0txzcpc0/gradle-2.4/lib/plugins/wagon-file-1.0-beta-6.jar
5ec4c000-5ec4d000 r--s 0000b000 08:04 2900482    /home/shauna/.gradle/wrapper/dists/gradle-2.4-all/6r4uqcc6ovnq6ac6s0txzcpc0/gradle-2.4/lib/plugins/maven-settings-2.2.1.jar
5ec4d000-5ec4f000 r--s 00002000 08:04 2900481    /home/shauna/.gradle/wrapper/dists/gradle-2.4-all/6r4uqcc6ovnq6ac6s0txzcpc0/gradle-2.4/lib/plugins/maven-error-diagnostics-2.2.1.jar
5ec4f000-5ec53000 r--s 00023000 08:04 2900480    /home/shauna/.gradle/wrapper/dists/gradle-2.4-all/6r4uqcc6ovnq6ac6s0txzcpc0/gradle-2.4/lib/plugins/maven-project-2.2.1.jar
5ec53000-5ec55000 r--s 00014000 08:04 2900479    /home/shauna/.gradle/wrapper/dists/gradle-2.4-all/6r4uqcc6ovnq6ac6s0txzcpc0/gradle-2.4/lib/plugins/maven-model-2.2.1.jar
5ec55000-5ec57000 r--s 00005000 08:04 2900478    /home/shauna/.gradle/wrapper/dists/gradle-2.4-all/6r4uqcc6ovnq6ac6s0txzcpc0/gradle-2.4/lib/plugins/maven-repository-metadata-2.2.1.jar
5ec57000-5ec59000 r--s 0000f000 08:04 2900477    /home/shauna/.gradle/wrapper/dists/gradle-2.4-all/6r4uqcc6ovnq6ac6s0txzcpc0/gradle-2.4/lib/plugins/maven-artifact-manager-2.2.1.jar
5ec59000-5ec5c000 r--s 00011000 08:04 2900476    /home/shauna/.gradle/wrapper/dists/gradle-2.4-all/6r4uqcc6ovnq6ac6s0txzcpc0/gradle-2.4/lib/plugins/maven-artifact-2.2.1.jar
5ec5c000-5ec5e000 r--s 0000b000 08:04 2900475    /home/shauna/.gradle/wrapper/dists/gradle-2.4-all/6r4uqcc6ovnq6ac6s0txzcpc0/gradle-2.4/lib/plugins/plexus-interpolation-1.11.jar
5ec5e000-5ec62000 r--s 00034000 08:04 2900474    /home/shauna/.gradle/wrapper/dists/gradle-2.4-all/6r4uqcc6ovnq6ac6s0txzcpc0/gradle-2.4/lib/plugins/plexus-utils-1.5.15.jar
5ec62000-5ec69000 r--s 00029000 08:04 2900473    /home/shauna/.gradle/wrapper/dists/gradle-2.4-all/6r4uqcc6ovnq6ac6s0txzcpc0/gradle-2.4/lib/plugins/plexus-container-default-1.0-alpha-9-stable-1.jar
5ec69000-5ec6b000 r--s 00008000 08:04 2900472    /home/shauna/.gradle/wrapper/dists/gradle-2.4-all/6r4uqcc6ovnq6ac6s0txzcpc0/gradle-2.4/lib/plugins/classworlds-1.1-alpha-2.jar
5ec6b000-5ec70000 r--s 00023000 08:04 2900428    /home/shauna/.gradle/wrapper/dists/gradle-2.4-all/6r4uqcc6ovnq6ac6s0txzcpc0/gradle-2.4/lib/plugins/gradle-maven-2.4.jar
5ec70000-5ec88000 r--s 0013b000 08:04 2900471    /home/shauna/.gradle/wrapper/dists/gradle-2.4-all/6r4uqcc6ovnq6ac6s0txzcpc0/gradle-2.4/lib/plugins/bndlib-2.1.0.jar
5ec88000-5ec8a000 r--s 00004000 08:04 2900427    /home/shauna/.gradle/wrapper/dists/gradle-2.4-all/6r4uqcc6ovnq6ac6s0txzcpc0/gradle-2.4/lib/plugins/gradle-osgi-2.4.jar
5ec8a000-5ec8c000 r--s 00007000 08:04 2900426    /home/shauna/.gradle/wrapper/dists/gradle-2.4-all/6r4uqcc6ovnq6ac6s0txzcpc0/gradle-2.4/lib/plugins/gradle-antlr-2.4.jar
5ec8c000-5ec8f000 r--s 0001e000 08:04 2900513    /home/shauna/.gradle/wrapper/dists/gradle-2.4-all/6r4uqcc6ovnq6ac6s0txzcpc0/gradle-2.4/lib/plugins/jsp-api-2.1-6.1.14.jar
5ec8f000-5ecb2000 r--s 00344000 08:04 2900512    /home/shauna/.gradle/wrapper/dists/gradle-2.4-all/6r4uqcc6ovnq6ac6s0txzcpc0/gradle-2.4/lib/plugins/core-3.1.1.jar
5ecb2000-5ecb3000 r--s 00006000 08:04 2900511    /home/shauna/.gradle/wrapper/dists/gradle-2.4-all/6r4uqcc6ovnq6ac6s0txzcpc0/gradle-2.4/lib/plugins/jetty-naming-6.1.25.jar
5ecb3000-5ecb5000 r--s 00002000 08:04 2900469    /home/shauna/.gradle/wrapper/dists/gradle-2.4-all/6r4uqcc6ovnq6ac6s0txzcpc0/gradle-2.4/lib/plugins/jetty-annotations-6.1.25.jar
5ecb5000-5ecc6000 r--s 000ea000 08:04 2900468    /home/shauna/.gradle/wrapper/dists/gradle-2.4-all/6r4uqcc6ovnq6ac6s0txzcpc0/gradle-2.4/lib/plugins/jsp-2.1-6.1.14.jar
5ecc6000-5ecc8000 r--s 0000d000 08:04 2900467    /home/shauna/.gradle/wrapper/dists/gradle-2.4-all/6r4uqcc6ovnq6ac6s0txzcpc0/gradle-2.4/lib/plugins/jetty-plus-6.1.25.jar
5ecc8000-5ecca000 r--s 0001f000 08:04 2900466    /home/shauna/.gradle/wrapper/dists/gradle-2.4-all/6r4uqcc6ovnq6ac6s0txzcpc0/gradle-2.4/lib/plugins/servlet-api-2.5-20081211.jar
5ecca000-5ecce000 r--s 00028000 08:04 2900465    /home/shauna/.gradle/wrapper/dists/gradle-2.4-all/6r4uqcc6ovnq6ac6s0txzcpc0/gradle-2.4/lib/plugins/jetty-util-6.1.25.jar
5ecce000-5ecd5000 r--s 0007d000 08:04 2900464    /home/shauna/.gradle/wrapper/dists/gradle-2.4-all/6r4uqcc6ovnq6ac6s0txzcpc0/gradle-2.4/lib/plugins/jetty-6.1.25.jar
5ecd5000-5ecd7000 r--s 00009000 08:04 2900425    /home/shauna/.gradle/wrapper/dists/gradle-2.4-all/6r4uqcc6ovnq6ac6s0txzcpc0/gradle-2.4/lib/plugins/gradle-jetty-2.4.jar
5ecd7000-5ecdd000 r--s 00041000 08:04 2900424    /home/shauna/.gradle/wrapper/dists/gradle-2.4-all/6r4uqcc6ovnq6ac6s0txzcpc0/gradle-2.4/lib/plugins/gradle-code-quality-2.4.jar
5ecdd000-5ece3000 r--s 00033000 08:04 2900510    /home/shauna/.gradle/wrapper/dists/gradle-2.4-all/6r4uqcc6ovnq6ac6s0txzcpc0/gradle-2.4/lib/plugins/snakeyaml-1.6.jar
5ece3000-5ece8000 r--s 00040000 08:04 2900508    /home/shauna/.gradle/wrapper/dists/gradle-2.4-all/6r4uqcc6ovnq6ac6s0txzcpc0/gradle-2.4/lib/plugins/bsh-2.0b4.jar
5ece8000-5ed00000 r--s 00115000 08:04 2900517    /home/shauna/.gradle/wrapper/dists/gradle-2.4-all/6r4uqcc6ovnq6ac6s0txzcpc0/gradle-2.4/lib/plugins/xercesImpl-2.9.1.jar
5ed00000-5edf4000 rw-p 00000000 00:00 0 
5edf4000-5ee00000 ---p 00000000 00:00 0 
5ee00000-5ee02000 r--s 00009000 08:04 2900519    /home/shauna/.gradle/wrapper/dists/gradle-2.4-all/6r4uqcc6ovnq6ac6s0txzcpc0/gradle-2.4/lib/plugins/hamcrest-core-1.3.jar
5ee02000-5ee04000 r--s 00006000 08:04 2900509    /home/shauna/.gradle/wrapper/dists/gradle-2.4-all/6r4uqcc6ovnq6ac6s0txzcpc0/gradle-2.4/lib/plugins/jcommander-1.12.jar
5ee04000-5ee06000 r--s 00009000 08:04 2900463    /home/shauna/.gradle/wrapper/dists/gradle-2.4-all/6r4uqcc6ovnq6ac6s0txzcpc0/gradle-2.4/lib/plugins/commons-cli-1.2.jar
5ee06000-5ee0f000 r--s 00089000 08:04 2900462    /home/shauna/.gradle/wrapper/dists/gradle-2.4-all/6r4uqcc6ovnq6ac6s0txzcpc0/gradle-2.4/lib/plugins/testng-6.3.1.jar
5ee0f000-5ee17000 r--s 00045000 08:04 2900461    /home/shauna/.gradle/wrapper/dists/gradle-2.4-all/6r4uqcc6ovnq6ac6s0txzcpc0/gradle-2.4/lib/plugins/junit-4.12.jar
5ee17000-5eef3000 r-xp 00000000 08:04 270878     /usr/lib/i386-linux-gnu/libstdc++.so.6.0.19
5eef3000-5eef4000 ---p 000dc000 08:04 270878     /usr/lib/i386-linux-gnu/libstdc++.so.6.0.19
5eef4000-5eef8000 r--p 000dc000 08:04 270878     /usr/lib/i386-linux-gnu/libstdc++.so.6.0.19
5eef8000-5eef9000 rw-p 000e0000 08:04 270878     /usr/lib/i386-linux-gnu/libstdc++.so.6.0.19
5eef9000-5ef00000 rw-p 00000000 00:00 0 
5ef00000-5efff000 rw-p 00000000 00:00 0 
5efff000-5f000000 ---p 00000000 00:00 0 
5f000000-5f00d000 r--s 0007a000 08:04 2900423    /home/shauna/.gradle/wrapper/dists/gradle-2.4-all/6r4uqcc6ovnq6ac6s0txzcpc0/gradle-2.4/lib/plugins/gradle-plugins-2.4.jar
5f00d000-5f015000 r--s 00028000 08:04 2900518    /home/shauna/.gradle/wrapper/dists/gradle-2.4-all/6r4uqcc6ovnq6ac6s0txzcpc0/gradle-2.4/lib/plugins/xml-apis-1.3.04.jar
5f015000-5f01b000 r--s 0005b000 08:04 2900516    /home/shauna/.gradle/wrapper/dists/gradle-2.4-all/6r4uqcc6ovnq6ac6s0txzcpc0/gradle-2.4/lib/plugins/jcifs-1.3.17.jar
5f01b000-5f021000 r--s 00031000 08:04 2900515    /home/shauna/.gradle/wrapper/dists/gradle-2.4-all/6r4uqcc6ovnq6ac6s0txzcpc0/gradle-2.4/lib/plugins/httpcore-4.2.2.jar
5f021000-5f027000 r--s 00033000 08:04 2900514    /home/shauna/.gradle/wrapper/dists/gradle-2.4-all/6r4uqcc6ovnq6ac6s0txzcpc0/gradle-2.4/lib/plugins/commons-codec-1.6.jar
5f027000-5f02a000 r--s 0001c000 08:04 2900496    /home/shauna/.gradle/wrapper/dists/gradle-2.4-all/6r4uqcc6ovnq6ac6s0txzcpc0/gradle-2.4/lib/plugins/nekohtml-1.9.14.jar
5f02a000-5f033000 r--s 00060000 08:04 2900495    /home/shauna/.gradle/wrapper/dists/gradle-2.4-all/6r4uqcc6ovnq6ac6s0txzcpc0/gradle-2.4/lib/plugins/httpclient-4.2.2.jar
5f033000-5f035000 r--s 00007000 08:04 2900456    /home/shauna/.gradle/wrapper/dists/gradle-2.4-all/6r4uqcc6ovnq6ac6s0txzcpc0/gradle-2.4/lib/plugins/gradle-resources-http-2.4.jar
5f035000-5f038000 r--s 00010000 08:04 2900455    /home/shauna/.gradle/wrapper/dists/gradle-2.4-all/6r4uqcc6ovnq6ac6s0txzcpc0/gradle-2.4/lib/plugins/gradle-plugin-use-2.4.jar
5f038000-5f03c000 r--s 0003d000 08:04 2900497    /home/shauna/.gradle/wrapper/dists/gradle-2.4-all/6r4uqcc6ovnq6ac6s0txzcpc0/gradle-2.4/lib/plugins/jsch-0.1.51.jar
5f03c000-5f07c000 r--s 00277000 08:04 2900507    /home/shauna/.gradle/wrapper/dists/gradle-2.4-all/6r4uqcc6ovnq6ac6s0txzcpc0/gradle-2.4/lib/plugins/bcprov-jdk15on-1.51.jar
5f07c000-5f080000 r--s 0001d000 08:04 2900506    /home/shauna/.gradle/wrapper/dists/gradle-2.4-all/6r4uqcc6ovnq6ac6s0txzcpc0/gradle-2.4/lib/plugins/xbean-reflect-3.4.jar
5f080000-5f085000 r--s 0002a000 08:04 2900492    /home/shauna/.gradle/wrapper/dists/gradle-2.4-all/6r4uqcc6ovnq6ac6s0txzcpc0/gradle-2.4/lib/plugins/gson-2.2.4.jar
5f085000-5f094000 r--s 000d9000 08:04 2900505    /home/shauna/.gradle/wrapper/dists/gradle-2.4-all/6r4uqcc6ovnq6ac6s0txzcpc0/gradle-2.4/lib/plugins/ivy-2.2.0.jar
5f094000-5f098000 r--s 0001e000 08:04 2900422    /home/shauna/.gradle/wrapper/dists/gradle-2.4-all/6r4uqcc6ovnq6ac6s0txzcpc0/gradle-2.4/lib/plugins/jarjar-aether-impl-1.13.1.jar
5f098000-5f09b000 r--s 00027000 08:04 2900421    /home/shauna/.gradle/wrapper/dists/gradle-2.4-all/6r4uqcc6ovnq6ac6s0txzcpc0/gradle-2.4/lib/plugins/jarjar-maven-model-3.0.4.jar
5f09b000-5f09e000 r--s 0000b000 08:04 2900420    /home/shauna/.gradle/wrapper/dists/gradle-2.4-all/6r4uqcc6ovnq6ac6s0txzcpc0/gradle-2.4/lib/plugins/jarjar-maven-artifact-3.0.4.jar
5f09e000-5f0a2000 r--s 0001e000 08:04 2900419    /home/shauna/.gradle/wrapper/dists/gradle-2.4-all/6r4uqcc6ovnq6ac6s0txzcpc0/gradle-2.4/lib/plugins/jarjar-aether-util-1.13.1.jar
5f0a2000-5f0a4000 r--s 00007000 08:04 2900418    /home/shauna/.gradle/wrapper/dists/gradle-2.4-all/6r4uqcc6ovnq6ac6s0txzcpc0/gradle-2.4/lib/plugins/jarjar-wagon-http-shared4-2.4.jar
5f0a4000-5f0b1000 r--s 00083000 08:04 2900417    /home/shauna/.gradle/wrapper/dists/gradle-2.4-all/6r4uqcc6ovnq6ac6s0txzcpc0/gradle-2.4/lib/plugins/jarjar-maven-core-3.0.4.jar
5f0b1000-5f0b3000 r--s 00003000 08:04 2900416    /home/shauna/.gradle/wrapper/dists/gradle-2.4-all/6r4uqcc6ovnq6ac6s0txzcpc0/gradle-2.4/lib/plugins/jarjar-aether-spi-1.13.1.jar
5f0b3000-5f0b5000 r--s 00009000 08:04 2900415    /home/shauna/.gradle/wrapper/dists/gradle-2.4-all/6r4uqcc6ovnq6ac6s0txzcpc0/gradle-2.4/lib/plugins/jarjar-maven-settings-builder-3.0.4.jar
5f0b5000-5f0b9000 r--s 00014000 08:04 2900414    /home/shauna/.gradle/wrapper/dists/gradle-2.4-all/6r4uqcc6ovnq6ac6s0txzcpc0/gradle-2.4/lib/plugins/jarjar-aether-api-1.13.1.jar
5f0b9000-5f0c0000 r--s 00042000 08:04 2900412    /home/shauna/.gradle/wrapper/dists/gradle-2.4-all/6r4uqcc6ovnq6ac6s0txzcpc0/gradle-2.4/lib/plugins/jarjar-maven-compat-3.0.4.jar
5f0c0000-5f0c5000 r--s 00022000 08:04 2900408    /home/shauna/.gradle/wrapper/dists/gradle-2.4-all/6r4uqcc6ovnq6ac6s0txzcpc0/gradle-2.4/lib/plugins/jarjar-maven-model-builder-3.0.4.jar
5f0c5000-5f0e1000 r-xp 00000000 08:04 523452     /lib/i386-linux-gnu/libgcc_s.so.1
5f0e1000-5f0e2000 rw-p 0001b000 08:04 523452     /lib/i386-linux-gnu/libgcc_s.so.1
5f0e2000-5f0e3000 r--s 00002000 08:04 2900470    /home/shauna/.gradle/wrapper/dists/gradle-2.4-all/6r4uqcc6ovnq6ac6s0txzcpc0/gradle-2.4/lib/plugins/geronimo-annotation_1.0_spec-1.0.jar
5f0e3000-5f0e4000 r--s 00002000 08:04 2900413    /home/shauna/.gradle/wrapper/dists/gradle-2.4-all/6r4uqcc6ovnq6ac6s0txzcpc0/gradle-2.4/lib/plugins/jarjar-wagon-http-2.4.jar
5f0e4000-5f0e6000 r--s 00006000 08:04 2900411    /home/shauna/.gradle/wrapper/dists/gradle-2.4-all/6r4uqcc6ovnq6ac6s0txzcpc0/gradle-2.4/lib/plugins/jarjar-aether-connector-wagon-1.13.1.jar
5f0e6000-5f100000 r--s 000c0000 08:04 2900460    /home/shauna/.gradle/wrapper/dists/gradle-2.4-all/6r4uqcc6ovnq6ac6s0txzcpc0/gradle-2.4/lib/plugins/gradle-dependency-management-2.4.jar
5f100000-5f200000 rw-p 00000000 00:00 0 
5f200000-5f202000 r--s 00000000 08:04 2900410    /home/shauna/.gradle/wrapper/dists/gradle-2.4-all/6r4uqcc6ovnq6ac6s0txzcpc0/gradle-2.4/lib/plugins/jarjar-plexus-component-annotations-1.5.5.jar
5f202000-5f210000 r-xp 00000000 08:04 404381     /usr/lib/jvm/java-7-oracle/jre/lib/i386/libnio.so
5f210000-5f211000 rw-p 0000e000 08:04 404381     /usr/lib/jvm/java-7-oracle/jre/lib/i386/libnio.so
5f211000-5f27d000 r--s 00689000 08:04 2900362    /home/shauna/.gradle/wrapper/dists/gradle-2.4-all/6r4uqcc6ovnq6ac6s0txzcpc0/gradle-2.4/lib/groovy-all-2.3.10.jar
5f27d000-5f27e000 ---p 00000000 00:00 0 
5f27e000-5f2fe000 rw-p 00000000 00:00 0          [stack:27349]
5f2fe000-5f301000 ---p 00000000 00:00 0 
5f301000-5f37f000 rw-p 00000000 00:00 0          [stack:27347]
5f37f000-5f382000 ---p 00000000 00:00 0 
5f382000-5f400000 rw-p 00000000 00:00 0          [stack:27346]
5f400000-5f600000 r--p 00000000 08:04 264993     /usr/lib/locale/locale-archive
5f600000-5f621000 rw-p 00000000 00:00 0 
5f621000-5f700000 ---p 00000000 00:00 0 
5f700000-5f702000 r--s 00006000 08:04 2900409    /home/shauna/.gradle/wrapper/dists/gradle-2.4-all/6r4uqcc6ovnq6ac6s0txzcpc0/gradle-2.4/lib/plugins/jarjar-plexus-sec-dispatcher-1.3.jar
5f702000-5f704000 r--s 0000b000 08:04 2900407    /home/shauna/.gradle/wrapper/dists/gradle-2.4-all/6r4uqcc6ovnq6ac6s0txzcpc0/gradle-2.4/lib/plugins/jarjar-maven-plugin-api-3.0.4.jar
5f704000-5f707000 r--s 0000a000 08:04 2900406    /home/shauna/.gradle/wrapper/dists/gradle-2.4-all/6r4uqcc6ovnq6ac6s0txzcpc0/gradle-2.4/lib/plugins/jarjar-plexus-classworlds-2.4.jar
5f707000-5f70b000 r--s 00035000 08:04 2900405    /home/shauna/.gradle/wrapper/dists/gradle-2.4-all/6r4uqcc6ovnq6ac6s0txzcpc0/gradle-2.4/lib/plugins/jarjar-plexus-utils-2.0.6.jar
5f70b000-5f70d000 r--s 0000e000 08:04 2900404    /home/shauna/.gradle/wrapper/dists/gradle-2.4-all/6r4uqcc6ovnq6ac6s0txzcpc0/gradle-2.4/lib/plugins/jarjar-plexus-interpolation-1.14.jar
5f70d000-5f710000 ---p 00000000 00:00 0 
5f710000-5f75e000 rw-p 00000000 00:00 0          [stack:27348]
5f75e000-5f761000 ---p 00000000 00:00 0 
5f761000-5f7af000 rw-p 00000000 00:00 0          [stack:27345]
5f7af000-5f7b2000 ---p 00000000 00:00 0 
5f7b2000-5f800000 rw-p 00000000 00:00 0          [stack:27344]
5f800000-5f8fe000 rw-p 00000000 00:00 0 
5f8fe000-5f900000 ---p 00000000 00:00 0 
5f900000-5f902000 r--s 00002000 08:04 2900403    /home/shauna/.gradle/wrapper/dists/gradle-2.4-all/6r4uqcc6ovnq6ac6s0txzcpc0/gradle-2.4/lib/plugins/jarjar-plexus-cipher-1.7.jar
5f902000-5f904000 r--s 0000c000 08:04 2900402    /home/shauna/.gradle/wrapper/dists/gradle-2.4-all/6r4uqcc6ovnq6ac6s0txzcpc0/gradle-2.4/lib/plugins/jarjar-wagon-provider-api-2.4.jar
5f904000-5f906000 r--s 0000d000 08:04 2900401    /home/shauna/.gradle/wrapper/dists/gradle-2.4-all/6r4uqcc6ovnq6ac6s0txzcpc0/gradle-2.4/lib/plugins/jarjar-maven-aether-provider-3.0.4.jar
5f906000-5f90e000 r--s 00031000 08:04 2900400    /home/shauna/.gradle/wrapper/dists/gradle-2.4-all/6r4uqcc6ovnq6ac6s0txzcpc0/gradle-2.4/lib/plugins/jarjar-plexus-container-default-1.5.5.jar
5f90e000-5f923000 r-xp 00000000 08:04 404371     /usr/lib/jvm/java-7-oracle/jre/lib/i386/libnet.so
5f923000-5f924000 rw-p 00014000 08:04 404371     /usr/lib/jvm/java-7-oracle/jre/lib/i386/libnet.so
5f924000-5f92e000 r--s 00032000 08:04 2900357    /home/shauna/.gradle/wrapper/dists/gradle-2.4-all/6r4uqcc6ovnq6ac6s0txzcpc0/gradle-2.4/lib/gradle-tooling-api-2.4.jar
5f92e000-5f931000 ---p 00000000 00:00 0 
5f931000-5f97f000 rw-p 00000000 00:00 0          [stack:27343]
5f97f000-5f980000 ---p 00000000 00:00 0 
5f980000-5fa00000 rw-p 00000000 00:00 0          [stack:27342]
5fa00000-5fafe000 rw-p 00000000 00:00 0 
5fafe000-5fb00000 ---p 00000000 00:00 0 
5fb00000-5fb01000 r--s 00007000 08:04 2900399    /home/shauna/.gradle/wrapper/dists/gradle-2.4-all/6r4uqcc6ovnq6ac6s0txzcpc0/gradle-2.4/lib/plugins/jarjar-maven-repository-metadata-3.0.4.jar
5fb01000-5fb02000 r--s 0000b000 08:04 2900398    /home/shauna/.gradle/wrapper/dists/gradle-2.4-all/6r4uqcc6ovnq6ac6s0txzcpc0/gradle-2.4/lib/plugins/jarjar-maven-settings-3.0.4.jar
5fb02000-5fb06000 r-xp 00000000 08:04 2894837    /home/shauna/.gradle/native/19/linux-i386/libnative-platform.so
5fb06000-5fb07000 rw-p 00003000 08:04 2894837    /home/shauna/.gradle/native/19/linux-i386/libnative-platform.so
5fb07000-5fb09000 r--s 00005000 08:04 2900352    /home/shauna/.gradle/wrapper/dists/gradle-2.4-all/6r4uqcc6ovnq6ac6s0txzcpc0/gradle-2.4/lib/gradle-wrapper-2.4.jar
5fb09000-5fb0b000 r--s 00002000 08:04 2900379    /home/shauna/.gradle/wrapper/dists/gradle-2.4-all/6r4uqcc6ovnq6ac6s0txzcpc0/gradle-2.4/lib/gradle-open-api-2.4.jar
5fb0b000-5fb11000 r--s 00032000 08:04 2900381    /home/shauna/.gradle/wrapper/dists/gradle-2.4-all/6r4uqcc6ovnq6ac6s0txzcpc0/gradle-2.4/lib/jaxen-1.1.jar
5fb11000-5fb16000 r--s 00048000 08:04 2900380    /home/shauna/.gradle/wrapper/dists/gradle-2.4-all/6r4uqcc6ovnq6ac6s0txzcpc0/gradle-2.4/lib/dom4j-1.6.1.jar
5fb16000-5fb21000 r--s 00059000 08:04 2900356    /home/shauna/.gradle/wrapper/dists/gradle-2.4-all/6r4uqcc6ovnq6ac6s0txzcpc0/gradle-2.4/lib/gradle-ui-2.4.jar
5fb21000-5fb23000 r--s 00008000 08:04 2900375    /home/shauna/.gradle/wrapper/dists/gradle-2.4-all/6r4uqcc6ovnq6ac6s0txzcpc0/gradle-2.4/lib/gradle-resources-2.4.jar
5fb23000-5fb25000 r--s 00007000 08:04 2900397    /home/shauna/.gradle/wrapper/dists/gradle-2.4-all/6r4uqcc6ovnq6ac6s0txzcpc0/gradle-2.4/lib/objenesis-1.2.jar
5fb25000-5fb27000 r--s 00000000 08:04 2900396    /home/shauna/.gradle/wrapper/dists/gradle-2.4-all/6r4uqcc6ovnq6ac6s0txzcpc0/gradle-2.4/lib/minlog-1.2.jar
5fb27000-5fb29000 r--s 0000f000 08:04 2900395    /home/shauna/.gradle/wrapper/dists/gradle-2.4-all/6r4uqcc6ovnq6ac6s0txzcpc0/gradle-2.4/lib/reflectasm-1.07-shaded.jar
5fb29000-5fb2d000 r--s 00026000 08:04 2900386    /home/shauna/.gradle/wrapper/dists/gradle-2.4-all/6r4uqcc6ovnq6ac6s0txzcpc0/gradle-2.4/lib/kryo-2.20.jar
5fb2d000-5fb36000 r--s 0003c000 08:04 2900374    /home/shauna/.gradle/wrapper/dists/gradle-2.4-all/6r4uqcc6ovnq6ac6s0txzcpc0/gradle-2.4/lib/gradle-messaging-2.4.jar
5fb36000-5fb37000 r--s 00003000 08:04 2900394    /home/shauna/.gradle/wrapper/dists/gradle-2.4-all/6r4uqcc6ovnq6ac6s0txzcpc0/gradle-2.4/lib/native-platform-freebsd-amd64-0.10.jar
5fb37000-5fb38000 r--s 00003000 08:04 2900393    /home/shauna/.gradle/wrapper/dists/gradle-2.4-all/6r4uqcc6ovnq6ac6s0txzcpc0/gradle-2.4/lib/native-platform-freebsd-i386-0.10.jar
5fb38000-5fb39000 r--s 00005000 08:04 2900392    /home/shauna/.gradle/wrapper/dists/gradle-2.4-all/6r4uqcc6ovnq6ac6s0txzcpc0/gradle-2.4/lib/native-platform-windows-i386-0.10.jar
5fb39000-5fb3a000 r--s 00005000 08:04 2900391    /home/shauna/.gradle/wrapper/dists/gradle-2.4-all/6r4uqcc6ovnq6ac6s0txzcpc0/gradle-2.4/lib/native-platform-windows-amd64-0.10.jar
5fb3a000-5fb3b000 r--s 00003000 08:04 2900390    /home/shauna/.gradle/wrapper/dists/gradle-2.4-all/6r4uqcc6ovnq6ac6s0txzcpc0/gradle-2.4/lib/native-platform-linux-i386-0.10.jar
5fb3b000-5fb3c000 r--s 00003000 08:04 2900389    /home/shauna/.gradle/wrapper/dists/gradle-2.4-all/6r4uqcc6ovnq6ac6s0txzcpc0/gradle-2.4/lib/native-platform-linux-amd64-0.10.jar
5fb3c000-5fb3d000 r--s 00002000 08:04 2900388    /home/shauna/.gradle/wrapper/dists/gradle-2.4-all/6r4uqcc6ovnq6ac6s0txzcpc0/gradle-2.4/lib/native-platform-osx-amd64-0.10.jar
5fb3d000-5fb40000 r--s 0000d000 08:04 2900383    /home/shauna/.gradle/wrapper/dists/gradle-2.4-all/6r4uqcc6ovnq6ac6s0txzcpc0/gradle-2.4/lib/native-platform-0.10.jar
5fb40000-5fd00000 r--s 039ea000 08:04 404966     /usr/lib/jvm/java-7-oracle/jre/lib/rt.jar
5fd00000-62a00000 rw-p 00000000 00:00 0 
62a00000-62afc000 rw-p 00000000 00:00 0 
62afc000-62b00000 ---p 00000000 00:00 0 
62b00000-62b04000 r--s 000e4000 08:04 2900382    /home/shauna/.gradle/wrapper/dists/gradle-2.4-all/6r4uqcc6ovnq6ac6s0txzcpc0/gradle-2.4/lib/jna-3.2.7.jar
62b04000-62b0c000 r--s 00040000 08:04 2900363    /home/shauna/.gradle/wrapper/dists/gradle-2.4-all/6r4uqcc6ovnq6ac6s0txzcpc0/gradle-2.4/lib/gradle-model-core-2.4.jar
62b0c000-62b34000 r--s 001cf000 08:04 2900360    /home/shauna/.gradle/wrapper/dists/gradle-2.4-all/6r4uqcc6ovnq6ac6s0txzcpc0/gradle-2.4/lib/guava-jdk5-17.0.jar
62b34000-62b7f000 rw-p 00000000 00:00 0 
62b7f000-62b80000 ---p 00000000 00:00 0 
62b80000-62c00000 rw-p 00000000 00:00 0          [stack:27341]
62c00000-62c21000 rw-p 00000000 00:00 0 
62c21000-62d00000 ---p 00000000 00:00 0 
62d00000-62d21000 rw-p 00000000 00:00 0 
62d21000-62e00000 ---p 00000000 00:00 0 
62e00000-62e02000 r--s 00008000 08:04 2900384    /home/shauna/.gradle/wrapper/dists/gradle-2.4-all/6r4uqcc6ovnq6ac6s0txzcpc0/gradle-2.4/lib/jansi-1.2.1.jar
62e02000-62e04000 r--s 00008000 08:04 2900358    /home/shauna/.gradle/wrapper/dists/gradle-2.4-all/6r4uqcc6ovnq6ac6s0txzcpc0/gradle-2.4/lib/gradle-native-2.4.jar
62e04000-62e06000 r--s 00005000 08:04 2900355    /home/shauna/.gradle/wrapper/dists/gradle-2.4-all/6r4uqcc6ovnq6ac6s0txzcpc0/gradle-2.4/lib/gradle-cli-2.4.jar
62e06000-62e24000 r--s 001cf000 08:04 2900366    /home/shauna/.gradle/wrapper/dists/gradle-2.4-all/6r4uqcc6ovnq6ac6s0txzcpc0/gradle-2.4/lib/ant-1.9.4.jar
62e24000-62e7f000 rw-p 00000000 00:00 0 
62e7f000-62e80000 ---p 00000000 00:00 0 
62e80000-62f00000 rw-p 00000000 00:00 0          [stack:27340]
62f00000-62f40000 rw-p 00000000 00:00 0 
62f40000-63000000 ---p 00000000 00:00 0 
63000000-63001000 r--s 00002000 08:04 2900387    /home/shauna/.gradle/wrapper/dists/gradle-2.4-all/6r4uqcc6ovnq6ac6s0txzcpc0/gradle-2.4/lib/native-platform-osx-i386-0.10.jar
63001000-63003000 r--s 00005000 08:04 2900364    /home/shauna/.gradle/wrapper/dists/gradle-2.4-all/6r4uqcc6ovnq6ac6s0txzcpc0/gradle-2.4/lib/gradle-model-groovy-2.4.jar
63003000-63004000 r--s 00004000 08:04 2900373    /home/shauna/.gradle/wrapper/dists/gradle-2.4-all/6r4uqcc6ovnq6ac6s0txzcpc0/gradle-2.4/lib/gradle-base-services-groovy-2.4.jar
63004000-63005000 r--s 00000000 08:04 2900376    /home/shauna/.gradle/wrapper/dists/gradle-2.4-all/6r4uqcc6ovnq6ac6s0txzcpc0/gradle-2.4/lib/gradle-docs-2.4.jar
63005000-63007000 r--s 00003000 08:04 2900378    /home/shauna/.gradle/wrapper/dists/gradle-2.4-all/6r4uqcc6ovnq6ac6s0txzcpc0/gradle-2.4/lib/jcl-over-slf4j-1.7.10.jar
63007000-63015000 r--s 0007f000 08:04 2900367    /home/shauna/.gradle/wrapper/dists/gradle-2.4-all/6r4uqcc6ovnq6ac6s0txzcpc0/gradle-2.4/lib/commons-collections-3.2.1.jar
63015000-63049000 r--s 001a4000 08:04 2900354    /home/shauna/.gradle/wrapper/dists/gradle-2.4-all/6r4uqcc6ovnq6ac6s0txzcpc0/gradle-2.4/lib/gradle-core-2.4.jar
63049000-63067000 rw-p 00000000 00:00 0 
63067000-63068000 ---p 00000000 00:00 0 
63068000-630e8000 rw-p 00000000 00:00 0          [stack:27339]
630e8000-630e9000 ---p 00000000 00:00 0 
630e9000-63188000 rw-p 00000000 00:00 0          [stack:27338]
63188000-63189000 ---p 00000000 00:00 0 
63189000-631e9000 rw-p 00000000 00:00 0 
631e9000-6320c000 rw-p 00000000 00:00 0 
6320c000-6333f000 rw-p 00000000 00:00 0 
6333f000-6335e000 rw-p 00000000 00:00 0 
6335e000-6335f000 ---p 00000000 00:00 0 
6335f000-633bf000 rw-p 00000000 00:00 0 
633bf000-633e2000 rw-p 00000000 00:00 0 
633e2000-63514000 rw-p 00000000 00:00 0 
63514000-6357b000 rw-p 00000000 00:00 0 
6357b000-6357e000 ---p 00000000 00:00 0 
6357e000-635bf000 rw-p 00000000 00:00 0 
635bf000-67300000 rw-p 00000000 00:00 0 
67300000-67480000 ---p 00000000 00:00 0 
67480000-735c0000 rw-p 00000000 00:00 0 
735c0000-77a80000 rw-p 00000000 00:00 0 
77a80000-9e040000 rw-p 00000000 00:00 0 
9e040000-aacc0000 rw-p 00000000 00:00 0 
acb4b000-accc0000 rw-p 00000000 00:00 0 
accc0000-b35c0000 rw-p 00000000 00:00 0 
b35c0000-b35c3000 r--s 0001b000 08:04 2900371    /home/shauna/.gradle/wrapper/dists/gradle-2.4-all/6r4uqcc6ovnq6ac6s0txzcpc0/gradle-2.4/lib/jarjar-1.3.jar
b35c3000-b35c8000 r--s 00036000 08:04 2900365    /home/shauna/.gradle/wrapper/dists/gradle-2.4-all/6r4uqcc6ovnq6ac6s0txzcpc0/gradle-2.4/lib/asm-all-5.0.3.jar
b35c8000-b35cf000 r--s 00030000 08:04 2900353    /home/shauna/.gradle/wrapper/dists/gradle-2.4-all/6r4uqcc6ovnq6ac6s0txzcpc0/gradle-2.4/lib/gradle-base-services-2.4.jar
b35cf000-b35d8000 r--s 00040000 08:04 2897240    /home/shauna/.gradle/wrapper/dists/gradle-2.4-all/6r4uqcc6ovnq6ac6s0txzcpc0/gradle-2.4/lib/gradle-launcher-2.4.jar
b35d8000-b35f0000 rw-p 00000000 00:00 0 
b35f0000-b3698000 rw-p 00000000 00:00 0 
b3698000-b3c80000 rwxp 00000000 00:00 0 
b3c80000-b6698000 rw-p 00000000 00:00 0 
b6698000-b66a3000 r-xp 00000000 08:04 527082     /lib/i386-linux-gnu/libnss_files-2.19.so
b66a3000-b66a4000 r--p 0000a000 08:04 527082     /lib/i386-linux-gnu/libnss_files-2.19.so
b66a4000-b66a5000 rw-p 0000b000 08:04 527082     /lib/i386-linux-gnu/libnss_files-2.19.so
b66a5000-b66ba000 r-xp 00000000 08:04 527069     /lib/i386-linux-gnu/libnsl-2.19.so
b66ba000-b66bb000 r--p 00015000 08:04 527069     /lib/i386-linux-gnu/libnsl-2.19.so
b66bb000-b66bc000 rw-p 00016000 08:04 527069     /lib/i386-linux-gnu/libnsl-2.19.so
b66bc000-b66be000 rw-p 00000000 00:00 0 
b66be000-b66bf000 r--s 00005000 08:04 2900377    /home/shauna/.gradle/wrapper/dists/gradle-2.4-all/6r4uqcc6ovnq6ac6s0txzcpc0/gradle-2.4/lib/log4j-over-slf4j-1.7.10.jar
b66bf000-b66c4000 r--s 00041000 08:04 2900361    /home/shauna/.gradle/wrapper/dists/gradle-2.4-all/6r4uqcc6ovnq6ac6s0txzcpc0/gradle-2.4/lib/commons-lang-2.6.jar
b66c4000-b66db000 r-xp 00000000 08:04 404437     /usr/lib/jvm/java-7-oracle/jre/lib/i386/libzip.so
b66db000-b66dc000 rw-p 00017000 08:04 404437     /usr/lib/jvm/java-7-oracle/jre/lib/i386/libzip.so
b66dc000-b66ff000 r-xp 00000000 08:04 404392     /usr/lib/jvm/java-7-oracle/jre/lib/i386/libjava.so
b66ff000-b6700000 rw-p 00023000 08:04 404392     /usr/lib/jvm/java-7-oracle/jre/lib/i386/libjava.so
b6700000-b67f6000 rw-p 00000000 00:00 0 
b67f6000-b6800000 ---p 00000000 00:00 0 
b6800000-b6801000 r--s 00000000 08:04 2900372    /home/shauna/.gradle/wrapper/dists/gradle-2.4-all/6r4uqcc6ovnq6ac6s0txzcpc0/gradle-2.4/lib/javax.inject-1.jar
b6801000-b6803000 r--s 00000000 08:04 2900370    /home/shauna/.gradle/wrapper/dists/gradle-2.4-all/6r4uqcc6ovnq6ac6s0txzcpc0/gradle-2.4/lib/jul-to-slf4j-1.7.10.jar
b6803000-b680b000 rw-s 00000000 08:04 2620819    /tmp/hsperfdata_shauna/27335
b680b000-b6815000 r-xp 00000000 08:04 527068     /lib/i386-linux-gnu/libnss_nis-2.19.so
b6815000-b6816000 r--p 00009000 08:04 527068     /lib/i386-linux-gnu/libnss_nis-2.19.so
b6816000-b6817000 rw-p 0000a000 08:04 527068     /lib/i386-linux-gnu/libnss_nis-2.19.so
b6817000-b681e000 r-xp 00000000 08:04 527083     /lib/i386-linux-gnu/librt-2.19.so
b681e000-b681f000 r--p 00006000 08:04 527083     /lib/i386-linux-gnu/librt-2.19.so
b681f000-b6820000 rw-p 00007000 08:04 527083     /lib/i386-linux-gnu/librt-2.19.so
b6820000-b6823000 ---p 00000000 00:00 0 
b6823000-b6871000 rw-p 00000000 00:00 0          [stack:27337]
b6871000-b68b5000 r-xp 00000000 08:04 527073     /lib/i386-linux-gnu/libm-2.19.so
b68b5000-b68b6000 r--p 00043000 08:04 527073     /lib/i386-linux-gnu/libm-2.19.so
b68b6000-b68b7000 rw-p 00044000 08:04 527073     /lib/i386-linux-gnu/libm-2.19.so
b68b7000-b713c000 r-xp 00000000 08:04 404427     /usr/lib/jvm/java-7-oracle/jre/lib/i386/server/libjvm.so
b713c000-b71a0000 rw-p 00884000 08:04 404427     /usr/lib/jvm/java-7-oracle/jre/lib/i386/server/libjvm.so
b71a0000-b75c4000 rw-p 00000000 00:00 0 
b75c4000-b776c000 r-xp 00000000 08:04 527065     /lib/i386-linux-gnu/libc-2.19.so
b776c000-b776e000 r--p 001a8000 08:04 527065     /lib/i386-linux-gnu/libc-2.19.so
b776e000-b776f000 rw-p 001aa000 08:04 527065     /lib/i386-linux-gnu/libc-2.19.so
b776f000-b7772000 rw-p 00000000 00:00 0 
b7772000-b7775000 r-xp 00000000 08:04 527066     /lib/i386-linux-gnu/libdl-2.19.so
b7775000-b7776000 r--p 00002000 08:04 527066     /lib/i386-linux-gnu/libdl-2.19.so
b7776000-b7777000 rw-p 00003000 08:04 527066     /lib/i386-linux-gnu/libdl-2.19.so
b7777000-b7778000 rw-p 00000000 00:00 0 
b7778000-b778b000 r-xp 00000000 08:04 395898     /usr/lib/jvm/java-7-oracle/lib/i386/jli/libjli.so
b778b000-b778c000 rw-p 00012000 08:04 395898     /usr/lib/jvm/java-7-oracle/lib/i386/jli/libjli.so
b778c000-b77a4000 r-xp 00000000 08:04 527078     /lib/i386-linux-gnu/libpthread-2.19.so
b77a4000-b77a5000 r--p 00018000 08:04 527078     /lib/i386-linux-gnu/libpthread-2.19.so
b77a5000-b77a6000 rw-p 00019000 08:04 527078     /lib/i386-linux-gnu/libpthread-2.19.so
b77a6000-b77a8000 rw-p 00000000 00:00 0 
b77a8000-b77a9000 r--s 00000000 08:04 2900369    /home/shauna/.gradle/wrapper/dists/gradle-2.4-all/6r4uqcc6ovnq6ac6s0txzcpc0/gradle-2.4/lib/jcip-annotations-1.0.jar
b77a9000-b77ac000 r--s 00018000 08:04 2900368    /home/shauna/.gradle/wrapper/dists/gradle-2.4-all/6r4uqcc6ovnq6ac6s0txzcpc0/gradle-2.4/lib/commons-io-1.4.jar
b77ac000-b77ad000 r--s 00007000 08:04 2900359    /home/shauna/.gradle/wrapper/dists/gradle-2.4-all/6r4uqcc6ovnq6ac6s0txzcpc0/gradle-2.4/lib/slf4j-api-1.7.10.jar
b77ad000-b77ae000 r--s 00004000 08:04 2900385    /home/shauna/.gradle/wrapper/dists/gradle-2.4-all/6r4uqcc6ovnq6ac6s0txzcpc0/gradle-2.4/lib/ant-launcher-1.9.4.jar
b77ae000-b77af000 r--p 002c5000 08:04 264993     /usr/lib/locale/locale-archive
b77af000-b77b6000 r-xp 00000000 08:04 527074     /lib/i386-linux-gnu/libnss_compat-2.19.so
b77b6000-b77b7000 r--p 00006000 08:04 527074     /lib/i386-linux-gnu/libnss_compat-2.19.so
b77b7000-b77b8000 rw-p 00007000 08:04 527074     /lib/i386-linux-gnu/libnss_compat-2.19.so
b77b8000-b77b9000 rw-p 00000000 00:00 0 
b77b9000-b77ba000 ---p 00000000 00:00 0 
b77ba000-b77c5000 r-xp 00000000 08:04 404396     /usr/lib/jvm/java-7-oracle/jre/lib/i386/libverify.so
b77c5000-b77c6000 rw-p 0000b000 08:04 404396     /usr/lib/jvm/java-7-oracle/jre/lib/i386/libverify.so
b77c6000-b77c8000 rw-p 00000000 00:00 0 
b77c8000-b77c9000 r-xp 00000000 00:00 0          [vdso]
b77c9000-b77e9000 r-xp 00000000 08:04 527067     /lib/i386-linux-gnu/ld-2.19.so
b77e9000-b77ea000 r--p 0001f000 08:04 527067     /lib/i386-linux-gnu/ld-2.19.so
b77ea000-b77eb000 rw-p 00020000 08:04 527067     /lib/i386-linux-gnu/ld-2.19.so
bf89e000-bf89f000 rwxp 00000000 00:00 0 
bf8d0000-bf8f2000 rw-p 00000000 00:00 0          [stack]

VM Arguments:
jvm_args: -XX:MaxPermSize=256m -XX:+HeapDumpOnOutOfMemoryError -Xmx1024m -Dfile.encoding=UTF-8 -Duser.country=US -Duser.language=en -Duser.variant 
java_command: org.gradle.launcher.daemon.bootstrap.GradleDaemon 2.4 /home/shauna/.gradle /home/shauna/.gradle/daemon 10800000 cadca4a7-bb0d-436f-8d02-0fe91782b6f3 -XX:MaxPermSize=256m -XX:+HeapDumpOnOutOfMemoryError -Xmx1024m -Dfile.encoding=UTF-8 -Duser.country=US -Duser.language=en -Duser.variant
Launcher Type: SUN_STANDARD

Environment Variables:
PATH=/usr/local/Android/Sdk/platform-tools:/usr/local/Android/Sdk/tools:/usr/local/heroku/bin:/usr/local/Android/Sdk/platform-tools:/usr/local/Android/Sdk/tools:/home/shauna/bin:/usr/local/sbin:/usr/local/bin:/usr/sbin:/usr/bin:/sbin:/bin:/usr/games:/usr/local/games
LD_LIBRARY_PATH=.:
SHELL=/bin/bash
DISPLAY=:0

Signal Handlers:
SIGSEGV: [libjvm.so+0x7e9580], sa_mask[0]=0x7ffbfeff, sa_flags=0x10000004
SIGBUS: [libjvm.so+0x7e9580], sa_mask[0]=0x7ffbfeff, sa_flags=0x10000004
SIGFPE: [libjvm.so+0x682680], sa_mask[0]=0x7ffbfeff, sa_flags=0x10000004
SIGPIPE: [libjvm.so+0x682680], sa_mask[0]=0x7ffbfeff, sa_flags=0x10000004
SIGXFSZ: [libjvm.so+0x682680], sa_mask[0]=0x7ffbfeff, sa_flags=0x10000004
SIGILL: [libjvm.so+0x682680], sa_mask[0]=0x7ffbfeff, sa_flags=0x10000004
SIGUSR1: SIG_DFL, sa_mask[0]=0x00000000, sa_flags=0x00000000
SIGUSR2: [libjvm.so+0x683e80], sa_mask[0]=0x00000004, sa_flags=0x10000004
SIGHUP: [libjvm.so+0x6851b0], sa_mask[0]=0x7ffbfeff, sa_flags=0x10000004
SIGINT: [libjvm.so+0x6851b0], sa_mask[0]=0x7ffbfeff, sa_flags=0x10000004
SIGTERM: [libjvm.so+0x6851b0], sa_mask[0]=0x7ffbfeff, sa_flags=0x10000004
SIGQUIT: [libjvm.so+0x6851b0], sa_mask[0]=0x7ffbfeff, sa_flags=0x10000004


---------------  S Y S T E M  ---------------

OS:jessie/sid

uname:Linux 3.13.0-39-generic #66-Ubuntu SMP Tue Oct 28 13:31:23 UTC 2014 i686
libc:glibc 2.19 NPTL 2.19 
rlimit: STACK 8192k, CORE 0k, NPROC 29729, NOFILE 4096, AS infinity
load average:1.53 1.29 0.95

/proc/meminfo:
MemTotal:        3824608 kB
MemFree:          220176 kB
Buffers:            7356 kB
Cached:           446588 kB
SwapCached:            0 kB
Active:          3195252 kB
Inactive:         271268 kB
Active(anon):    3176684 kB
Inactive(anon):   258868 kB
Active(file):      18568 kB
Inactive(file):    12400 kB
Unevictable:         176 kB
Mlocked:             176 kB
HighTotal:       2971844 kB
HighFree:          41668 kB
LowTotal:         852764 kB
LowFree:          178508 kB
SwapTotal:             0 kB
SwapFree:              0 kB
Dirty:               928 kB
Writeback:             0 kB
AnonPages:       3013236 kB
Mapped:           168404 kB
Shmem:            422632 kB
Slab:              54020 kB
SReclaimable:      23224 kB
SUnreclaim:        30796 kB
KernelStack:        6968 kB
PageTables:        21872 kB
NFS_Unstable:          0 kB
Bounce:                0 kB
WritebackTmp:          0 kB
CommitLimit:     1912304 kB
Committed_AS:    9581664 kB
VmallocTotal:     122880 kB
VmallocUsed:       18264 kB
VmallocChunk:      69024 kB
HardwareCorrupted:     0 kB
AnonHugePages:    575488 kB
HugePages_Total:       0
HugePages_Free:        0
HugePages_Rsvd:        0
HugePages_Surp:        0
Hugepagesize:       2048 kB
DirectMap4k:       18424 kB
DirectMap2M:      892928 kB


CPU:total 4 (2 cores per cpu, 2 threads per core) family 6 model 58 stepping 9, cmov, cx8, fxsr, mmx, sse, sse2, sse3, ssse3, sse4.1, sse4.2, popcnt, avx, aes, erms, ht, tsc, tscinvbit, tscinv

/proc/cpuinfo:
processor	: 0
vendor_id	: GenuineIntel
cpu family	: 6
model		: 58
model name	: Intel(R) Core(TM) i5-3320M CPU @ 2.60GHz
stepping	: 9
microcode	: 0x13
cpu MHz		: 1200.000
cache size	: 3072 KB
physical id	: 0
siblings	: 4
core id		: 0
cpu cores	: 2
apicid		: 0
initial apicid	: 0
fdiv_bug	: no
f00f_bug	: no
coma_bug	: no
fpu		: yes
fpu_exception	: yes
cpuid level	: 13
wp		: yes
flags		: fpu vme de pse tsc msr pae mce cx8 apic sep mtrr pge mca cmov pat pse36 clflush dts acpi mmx fxsr sse sse2 ss ht tm pbe nx rdtscp lm constant_tsc arch_perfmon pebs bts xtopology nonstop_tsc aperfmperf eagerfpu pni pclmulqdq dtes64 monitor ds_cpl vmx smx est tm2 ssse3 cx16 xtpr pdcm pcid sse4_1 sse4_2 x2apic popcnt tsc_deadline_timer aes xsave avx f16c rdrand lahf_lm ida arat epb xsaveopt pln pts dtherm tpr_shadow vnmi flexpriority ept vpid fsgsbase smep erms
bogomips	: 5187.74
clflush size	: 64
cache_alignment	: 64
address sizes	: 36 bits physical, 48 bits virtual
power management:

processor	: 1
vendor_id	: GenuineIntel
cpu family	: 6
model		: 58
model name	: Intel(R) Core(TM) i5-3320M CPU @ 2.60GHz
stepping	: 9
microcode	: 0x13
cpu MHz		: 1200.000
cache size	: 3072 KB
physical id	: 0
siblings	: 4
core id		: 0
cpu cores	: 2
apicid		: 1
initial apicid	: 1
fdiv_bug	: no
f00f_bug	: no
coma_bug	: no
fpu		: yes
fpu_exception	: yes
cpuid level	: 13
wp		: yes
flags		: fpu vme de pse tsc msr pae mce cx8 apic sep mtrr pge mca cmov pat pse36 clflush dts acpi mmx fxsr sse sse2 ss ht tm pbe nx rdtscp lm constant_tsc arch_perfmon pebs bts xtopology nonstop_tsc aperfmperf eagerfpu pni pclmulqdq dtes64 monitor ds_cpl vmx smx est tm2 ssse3 cx16 xtpr pdcm pcid sse4_1 sse4_2 x2apic popcnt tsc_deadline_timer aes xsave avx f16c rdrand lahf_lm ida arat epb xsaveopt pln pts dtherm tpr_shadow vnmi flexpriority ept vpid fsgsbase smep erms
bogomips	: 5187.74
clflush size	: 64
cache_alignment	: 64
address sizes	: 36 bits physical, 48 bits virtual
power management:

processor	: 2
vendor_id	: GenuineIntel
cpu family	: 6
model		: 58
model name	: Intel(R) Core(TM) i5-3320M CPU @ 2.60GHz
stepping	: 9
microcode	: 0x13
cpu MHz		: 2601.000
cache size	: 3072 KB
physical id	: 0
siblings	: 4
core id		: 1
cpu cores	: 2
apicid		: 2
initial apicid	: 2
fdiv_bug	: no
f00f_bug	: no
coma_bug	: no
fpu		: yes
fpu_exception	: yes
cpuid level	: 13
wp		: yes
flags		: fpu vme de pse tsc msr pae mce cx8 apic sep mtrr pge mca cmov pat pse36 clflush dts acpi mmx fxsr sse sse2 ss ht tm pbe nx rdtscp lm constant_tsc arch_perfmon pebs bts xtopology nonstop_tsc aperfmperf eagerfpu pni pclmulqdq dtes64 monitor ds_cpl vmx smx est tm2 ssse3 cx16 xtpr pdcm pcid sse4_1 sse4_2 x2apic popcnt tsc_deadline_timer aes xsave avx f16c rdrand lahf_lm ida arat epb xsaveopt pln pts dtherm tpr_shadow vnmi flexpriority ept vpid fsgsbase smep erms
bogomips	: 5187.74
clflush size	: 64
cache_alignment	: 64
address sizes	: 36 bits physical, 48 bits virtual
power management:

processor	: 3
vendor_id	: GenuineIntel
cpu family	: 6
model		: 58
model name	: Intel(R) Core(TM) i5-3320M CPU @ 2.60GHz
stepping	: 9
microcode	: 0x13
cpu MHz		: 2601.000
cache size	: 3072 KB
physical id	: 0
siblings	: 4
core id		: 1
cpu cores	: 2
apicid		: 3
initial apicid	: 3
fdiv_bug	: no
f00f_bug	: no
coma_bug	: no
fpu		: yes
fpu_exception	: yes
cpuid level	: 13
wp		: yes
flags		: fpu vme de pse tsc msr pae mce cx8 apic sep mtrr pge mca cmov pat pse36 clflush dts acpi mmx fxsr sse sse2 ss ht tm pbe nx rdtscp lm constant_tsc arch_perfmon pebs bts xtopology nonstop_tsc aperfmperf eagerfpu pni pclmulqdq dtes64 monitor ds_cpl vmx smx est tm2 ssse3 cx16 xtpr pdcm pcid sse4_1 sse4_2 x2apic popcnt tsc_deadline_timer aes xsave avx f16c rdrand lahf_lm ida arat epb xsaveopt pln pts dtherm tpr_shadow vnmi flexpriority ept vpid fsgsbase smep erms
bogomips	: 5187.74
clflush size	: 64
cache_alignment	: 64
address sizes	: 36 bits physical, 48 bits virtual
power management:



Memory: 4k page, physical 3824608k(220176k free), swap 0k(0k free)

vm_info: Java HotSpot(TM) Server VM (24.72-b04) for linux-x86 JRE (1.7.0_72-b14), built on Sep 26 2014 19:38:09 by "java_re" with gcc 4.3.0 20080428 (Red Hat 4.3.0-8)

time: Mon Sep  7 12:48:42 2015
elapsed time: 580 seconds

