#
# There is insufficient memory for the Java Runtime Environment to continue.
# Native memory allocation (malloc) failed to allocate 50331648 bytes for committing reserved memory.
# Possible reasons:
#   The system is out of physical RAM or swap space
#   In 32 bit mode, the process size limit was hit
# Possible solutions:
#   Reduce memory load on the system
#   Increase physical memory or swap space
#   Check if swap backing store is full
#   Use 64 bit Java on a 64 bit OS
#   Decrease Java heap size (-Xmx/-Xms)
#   Decrease number of Java threads
#   Decrease Java thread stack sizes (-Xss)
#   Set larger code cache with -XX:ReservedCodeCacheSize=
# This output file may be truncated or incomplete.
#
#  Out of Memory Error (os_linux.cpp:2756), pid=11230, tid=1814035264
#
# JRE version: Java(TM) SE Runtime Environment (7.0_72-b14) (build 1.7.0_72-b14)
# Java VM: Java HotSpot(TM) Server VM (24.72-b04 mixed mode linux-x86 )
# Failed to write core dump. Core dumps have been disabled. To enable core dumping, try "ulimit -c unlimited" before starting Java again
#

---------------  T H R E A D  ---------------

Current thread (0x6c080c00):  VMThread [stack: 0x6c17f000,0x6c200000] [id=11240]

Stack: [0x6c17f000,0x6c200000],  sp=0x6c1fe9a0,  free space=510k
Native frames: (J=compiled Java code, j=interpreted, Vv=VM code, C=native code)
V  [libjvm.so+0x7e8a76]  VMError::report_and_die()+0x1a6
V  [libjvm.so+0x33d9e2]  report_vm_out_of_memory(char const*, int, unsigned int, char const*)+0x72
V  [libjvm.so+0x685b01]  os::Linux::commit_memory_impl(char*, unsigned int, bool)+0xe1
V  [libjvm.so+0x685fc8]  os::pd_commit_memory(char*, unsigned int, unsigned int, bool)+0x28
V  [libjvm.so+0x67f70c]  os::commit_memory(char*, unsigned int, unsigned int, bool)+0x2c
V  [libjvm.so+0x6e9368]  PSVirtualSpace::expand_by(unsigned int)+0x48
V  [libjvm.so+0x6ea46a]  PSYoungGen::resize_generation(unsigned int, unsigned int)+0xda
V  [libjvm.so+0x6e97a9]  PSYoungGen::resize(unsigned int, unsigned int)+0x19
V  [libjvm.so+0x6e715e]  PSScavenge::invoke_no_policy()+0xd5e
V  [libjvm.so+0x6e7938]  PSScavenge::invoke()+0x28
V  [libjvm.so+0x6a573a]  ParallelScavengeHeap::failed_mem_allocate(unsigned int)+0x5a
V  [libjvm.so+0x7ea30a]  VM_ParallelGCFailedAllocation::doit()+0x7a
V  [libjvm.so+0x7f3127]  VM_Operation::evaluate()+0x47
V  [libjvm.so+0x7f11c3]  VMThread::evaluate_operation(VM_Operation*)+0xb3
V  [libjvm.so+0x7f1560]  VMThread::loop()+0x1b0
V  [libjvm.so+0x7f19c5]  VMThread::run()+0x85
V  [libjvm.so+0x687dd9]  java_start(Thread*)+0x119
C  [libpthread.so.0+0x6f70]  start_thread+0xd0

VM_Operation (0xb67d0be4): ParallelGCFailedAllocation, mode: safepoint, requested by thread 0xb6607c00


---------------  P R O C E S S  ---------------

Java Threads: ( => current thread )
  0x6c09b400 JavaThread "Service Thread" daemon [_thread_blocked, id=11246, stack(0x6ba2e000,0x6ba7f000)]
  0x6c099800 JavaThread "C2 CompilerThread1" daemon [_thread_blocked, id=11245, stack(0x6ba7f000,0x6bb00000)]
  0x6c097800 JavaThread "C2 CompilerThread0" daemon [_thread_blocked, id=11244, stack(0x6be2e000,0x6beaf000)]
  0x6c095c00 JavaThread "Signal Dispatcher" daemon [_thread_blocked, id=11243, stack(0x6beaf000,0x6bf00000)]
  0x6c084c00 JavaThread "Finalizer" daemon [_thread_blocked, id=11242, stack(0x6c12e000,0x6c17f000)]
  0x6c083400 JavaThread "Reference Handler" daemon [_thread_blocked, id=11241, stack(0x6eb2e000,0x6eb7f000)]
  0xb6607c00 JavaThread "main" [_thread_blocked, id=11235, stack(0xb6781000,0xb67d2000)]

Other Threads:
=>0x6c080c00 VMThread [stack: 0x6c17f000,0x6c200000] [id=11240]
  0x6c09d400 WatcherThread [stack: 0x6b9ad000,0x6ba2e000] [id=11247]

VM state:at safepoint (normal execution)

VM Mutex/Monitor currently owned by a thread:  ([mutex/lock_event])
[0xb66053f0] Threads_lock - owner thread: 0x6c080c00
[0xb6605800] Heap_lock - owner thread: 0xb6607c00

Heap
 PSYoungGen      total 33024K, used 2300K [0x9df80000, 0xa0200000, 0xb3500000)
  eden space 30720K, 0% used [0x9df80000,0x9df80000,0x9fd80000)
  from space 2304K, 99% used [0x9fd80000,0x9ffbf1d0,0x9ffc0000)
  to   space 2304K, 0% used [0x9ffc0000,0x9ffc0000,0xa0200000)
 ParOldGen       total 39680K, used 22815K [0x73500000, 0x75bc0000, 0x9df80000)
  object space 39680K, 57% used [0x73500000,0x74b47ef0,0x75bc0000)
 PSPermGen       total 16384K, used 4507K [0x6f500000, 0x70500000, 0x73500000)
  object space 16384K, 27% used [0x6f500000,0x6f966d90,0x70500000)

Card table byte_map: [0x6f2df000,0x6f500000] byte_map_base: 0x6ef64800

Polling page: 0xb771a000

Code Cache  [0xb35e8000, 0xb3828000, 0xb65e8000)
 total_blobs=698 nmethods=565 adapters=86 free_code_cache=47827Kb largest_free_block=48947648

Compilation events (10 events):
Event: 2.097 Thread 0x6c099800 nmethod 527 0xb3734f48 code [0xb37352e0, 0xb3736afc]
Event: 2.097 Thread 0x6c099800  562             com.android.dex.ClassDef::getClassDataOffset (5 bytes)
Event: 2.097 Thread 0x6c099800 nmethod 562 0xb372d608 code [0xb372d6e0, 0xb372d730]
Event: 2.099 Thread 0x6c099800  563             com.android.dx.io.instructions.InstructionCodec$9::decode (37 bytes)
Event: 2.100 Thread 0x6c097800 nmethod 561 0xb372cc08 code [0xb372cd40, 0xb372d170]
Event: 2.100 Thread 0x6c097800  564             com.android.dx.io.instructions.InstructionCodec$9::encode (22 bytes)
Event: 2.101 Thread 0x6c099800 nmethod 563 0xb372c808 code [0xb372c920, 0xb372cab0]
Event: 2.101 Thread 0x6c099800  565             com.android.dx.io.instructions.DecodedInstruction::getBUnit (46 bytes)
Event: 2.102 Thread 0x6c097800 nmethod 564 0xb372c2c8 code [0xb372c3e0, 0xb372c590]
Event: 2.102 Thread 0x6c099800 nmethod 565 0xb372e648 code [0xb372e740, 0xb372e7d0]

GC Heap History (9 events):
Event: 0.733 GC heap before
{Heap before GC invocations=1 (full 0):
 PSYoungGen      total 17664K, used 15360K [0x9df80000, 0x9f300000, 0xb3500000)
  eden space 15360K, 100% used [0x9df80000,0x9ee80000,0x9ee80000)
  from space 2304K, 0% used [0x9f0c0000,0x9f0c0000,0x9f300000)
  to   space 2304K, 0% used [0x9ee80000,0x9ee80000,0x9f0c0000)
 ParOldGen       total 39680K, used 0K [0x73500000, 0x75bc0000, 0x9df80000)
  object space 39680K, 0% used [0x73500000,0x73500000,0x75bc0000)
 PSPermGen       total 16384K, used 3300K [0x6f500000, 0x70500000, 0x73500000)
  object space 16384K, 20% used [0x6f500000,0x6f8392a8,0x70500000)
Event: 0.739 GC heap after
Heap after GC invocations=1 (full 0):
 PSYoungGen      total 17664K, used 2299K [0x9df80000, 0x9f300000, 0xb3500000)
  eden space 15360K, 0% used [0x9df80000,0x9df80000,0x9ee80000)
  from space 2304K, 99% used [0x9ee80000,0x9f0befa0,0x9f0c0000)
  to   space 2304K, 0% used [0x9f0c0000,0x9f0c0000,0x9f300000)
 ParOldGen       total 39680K, used 1629K [0x73500000, 0x75bc0000, 0x9df80000)
  object space 39680K, 4% used [0x73500000,0x73697770,0x75bc0000)
 PSPermGen       total 16384K, used 3300K [0x6f500000, 0x70500000, 0x73500000)
  object space 16384K, 20% used [0x6f500000,0x6f8392a8,0x70500000)
}
Event: 1.089 GC heap before
{Heap before GC invocations=2 (full 0):
 PSYoungGen      total 17664K, used 17193K [0x9df80000, 0x9f300000, 0xb3500000)
  eden space 15360K, 96% used [0x9df80000,0x9ee0b5e0,0x9ee80000)
  from space 2304K, 99% used [0x9ee80000,0x9f0befa0,0x9f0c0000)
  to   space 2304K, 0% used [0x9f0c0000,0x9f0c0000,0x9f300000)
 ParOldGen       total 39680K, used 1629K [0x73500000, 0x75bc0000, 0x9df80000)
  object space 39680K, 4% used [0x73500000,0x73697770,0x75bc0000)
 PSPermGen       total 16384K, used 3605K [0x6f500000, 0x70500000, 0x73500000)
  object space 16384K, 22% used [0x6f500000,0x6f8856b0,0x70500000)
Event: 1.096 GC heap after
Heap after GC invocations=2 (full 0):
 PSYoungGen      total 17664K, used 2301K [0x9df80000, 0xa0200000, 0xb3500000)
  eden space 15360K, 0% used [0x9df80000,0x9df80000,0x9ee80000)
  from space 2304K, 99% used [0x9f0c0000,0x9f2ff718,0x9f300000)
  to   space 2304K, 0% used [0x9ee80000,0x9ee80000,0x9f0c0000)
 ParOldGen       total 39680K, used 5351K [0x73500000, 0x75bc0000, 0x9df80000)
  object space 39680K, 13% used [0x73500000,0x73a39d20,0x75bc0000)
 PSPermGen       total 16384K, used 3605K [0x6f500000, 0x70500000, 0x73500000)
  object space 16384K, 22% used [0x6f500000,0x6f8856b0,0x70500000)
}
Event: 1.672 GC heap before
{Heap before GC invocations=3 (full 0):
 PSYoungGen      total 17664K, used 17661K [0x9df80000, 0xa0200000, 0xb3500000)
  eden space 15360K, 100% used [0x9df80000,0x9ee80000,0x9ee80000)
  from space 2304K, 99% used [0x9f0c0000,0x9f2ff718,0x9f300000)
  to   space 2304K, 0% used [0x9ee80000,0x9ee80000,0x9f0c0000)
 ParOldGen       total 39680K, used 5351K [0x73500000, 0x75bc0000, 0x9df80000)
  object space 39680K, 13% used [0x73500000,0x73a39d20,0x75bc0000)
 PSPermGen       total 16384K, used 4470K [0x6f500000, 0x70500000, 0x73500000)
  object space 16384K, 27% used [0x6f500000,0x6f95d9c8,0x70500000)
Event: 1.678 GC heap after
Heap after GC invocations=3 (full 0):
 PSYoungGen      total 17664K, used 2298K [0x9df80000, 0xa0200000, 0xb3500000)
  eden space 15360K, 0% used [0x9df80000,0x9df80000,0x9ee80000)
  from space 2304K, 99% used [0x9ee80000,0x9f0be9d0,0x9f0c0000)
  to   space 2304K, 0% used [0x9ffc0000,0x9ffc0000,0xa0200000)
 ParOldGen       total 39680K, used 9580K [0x73500000, 0x75bc0000, 0x9df80000)
  object space 39680K, 24% used [0x73500000,0x73e5b398,0x75bc0000)
 PSPermGen       total 16384K, used 4470K [0x6f500000, 0x70500000, 0x73500000)
  object space 16384K, 27% used [0x6f500000,0x6f95d9c8,0x70500000)
}
Event: 1.843 GC heap before
{Heap before GC invocations=4 (full 0):
 PSYoungGen      total 17664K, used 17658K [0x9df80000, 0xa0200000, 0xb3500000)
  eden space 15360K, 100% used [0x9df80000,0x9ee80000,0x9ee80000)
  from space 2304K, 99% used [0x9ee80000,0x9f0be9d0,0x9f0c0000)
  to   space 2304K, 0% used [0x9ffc0000,0x9ffc0000,0xa0200000)
 ParOldGen       total 39680K, used 9580K [0x73500000, 0x75bc0000, 0x9df80000)
  object space 39680K, 24% used [0x73500000,0x73e5b398,0x75bc0000)
 PSPermGen       total 16384K, used 4487K [0x6f500000, 0x70500000, 0x73500000)
  object space 16384K, 27% used [0x6f500000,0x6f961c70,0x70500000)
Event: 1.849 GC heap after
Heap after GC invocations=4 (full 0):
 PSYoungGen      total 33024K, used 2291K [0x9df80000, 0xa0200000, 0xb3500000)
  eden space 30720K, 0% used [0x9df80000,0x9df80000,0x9fd80000)
  from space 2304K, 99% used [0x9ffc0000,0xa01fcfa0,0xa0200000)
  to   space 2304K, 0% used [0x9fd80000,0x9fd80000,0x9ffc0000)
 ParOldGen       total 39680K, used 18959K [0x73500000, 0x75bc0000, 0x9df80000)
  object space 39680K, 47% used [0x73500000,0x74783f30,0x75bc0000)
 PSPermGen       total 16384K, used 4487K [0x6f500000, 0x70500000, 0x73500000)
  object space 16384K, 27% used [0x6f500000,0x6f961c70,0x70500000)
}
Event: 2.105 GC heap before
{Heap before GC invocations=5 (full 0):
 PSYoungGen      total 33024K, used 33011K [0x9df80000, 0xa0200000, 0xb3500000)
  eden space 30720K, 100% used [0x9df80000,0x9fd80000,0x9fd80000)
  from space 2304K, 99% used [0x9ffc0000,0xa01fcfa0,0xa0200000)
  to   space 2304K, 0% used [0x9fd80000,0x9fd80000,0x9ffc0000)
 ParOldGen       total 39680K, used 18959K [0x73500000, 0x75bc0000, 0x9df80000)
  object space 39680K, 47% used [0x73500000,0x74783f30,0x75bc0000)
 PSPermGen       total 16384K, used 4507K [0x6f500000, 0x70500000, 0x73500000)
  object space 16384K, 27% used [0x6f500000,0x6f966d90,0x70500000)

Deoptimization events (10 events):
Event: 1.293 Thread 0xb6607c00 Uncommon trap: reason=unreached action=reinterpret pc=0xb3667a6c method=java.util.Arrays.copyOf([Ljava/lang/Object;ILjava/lang/Class;)[Ljava/lang/Object; @ 4
Event: 1.339 Thread 0xb6607c00 Uncommon trap: reason=class_check action=maybe_recompile pc=0xb36b70dc method=com.android.dex.Leb128.writeUnsignedLeb128(Lcom/android/dex/util/ByteOutput;I)V @ 40
Event: 1.339 Thread 0xb6607c00 Uncommon trap: reason=class_check action=maybe_recompile pc=0xb36b70dc method=com.android.dex.Leb128.writeUnsignedLeb128(Lcom/android/dex/util/ByteOutput;I)V @ 40
Event: 1.339 Thread 0xb6607c00 Uncommon trap: reason=class_check action=maybe_recompile pc=0xb36b70dc method=com.android.dex.Leb128.writeUnsignedLeb128(Lcom/android/dex/util/ByteOutput;I)V @ 40
Event: 1.339 Thread 0xb6607c00 Uncommon trap: reason=class_check action=maybe_recompile pc=0xb36b70dc method=com.android.dex.Leb128.writeUnsignedLeb128(Lcom/android/dex/util/ByteOutput;I)V @ 40
Event: 1.500 Thread 0xb6607c00 Uncommon trap: reason=class_check action=maybe_recompile pc=0xb36c8220 method=com.android.dex.Leb128.readUnsignedLeb128(Lcom/android/dex/util/ByteInput;)I @ 5
Event: 1.500 Thread 0xb6607c00 Uncommon trap: reason=class_check action=maybe_recompile pc=0xb36c8220 method=com.android.dex.Leb128.readUnsignedLeb128(Lcom/android/dex/util/ByteInput;)I @ 5
Event: 1.500 Thread 0xb6607c00 Uncommon trap: reason=class_check action=maybe_recompile pc=0xb36c8220 method=com.android.dex.Leb128.readUnsignedLeb128(Lcom/android/dex/util/ByteInput;)I @ 5
Event: 1.500 Thread 0xb6607c00 Uncommon trap: reason=class_check action=maybe_recompile pc=0xb36c8220 method=com.android.dex.Leb128.readUnsignedLeb128(Lcom/android/dex/util/ByteInput;)I @ 5
Event: 1.646 Thread 0xb6607c00 Uncommon trap: reason=predicate action=maybe_recompile pc=0xb36c5438 method=com.android.dex.Leb128.readUnsignedLeb128(Lcom/android/dex/util/ByteInput;)I @ 41

Internal exceptions (10 events):
Event: 1.412 Thread 0xb6607c00 Threw 0x9e4ad888 at /HUDSON/workspace/7u-2-build-linux-i586/jdk7u72/1606/hotspot/src/share/vm/prims/jvm.cpp:1281
Event: 1.413 Thread 0xb6607c00 Threw 0x9e4b0968 at /HUDSON/workspace/7u-2-build-linux-i586/jdk7u72/1606/hotspot/src/share/vm/prims/jvm.cpp:1281
Event: 1.413 Thread 0xb6607c00 Threw 0x9e4b3b98 at /HUDSON/workspace/7u-2-build-linux-i586/jdk7u72/1606/hotspot/src/share/vm/prims/jvm.cpp:1281
Event: 1.414 Thread 0xb6607c00 Threw 0x9e4b8ad8 at /HUDSON/workspace/7u-2-build-linux-i586/jdk7u72/1606/hotspot/src/share/vm/prims/jvm.cpp:1281
Event: 1.414 Thread 0xb6607c00 Threw 0x9e4bb700 at /HUDSON/workspace/7u-2-build-linux-i586/jdk7u72/1606/hotspot/src/share/vm/prims/jvm.cpp:1281
Event: 1.415 Thread 0xb6607c00 Threw 0x9e4be4c0 at /HUDSON/workspace/7u-2-build-linux-i586/jdk7u72/1606/hotspot/src/share/vm/prims/jvm.cpp:1281
Event: 1.415 Thread 0xb6607c00 Threw 0x9e4c16b8 at /HUDSON/workspace/7u-2-build-linux-i586/jdk7u72/1606/hotspot/src/share/vm/prims/jvm.cpp:1281
Event: 1.416 Thread 0xb6607c00 Threw 0x9e4c7e28 at /HUDSON/workspace/7u-2-build-linux-i586/jdk7u72/1606/hotspot/src/share/vm/prims/jvm.cpp:1281
Event: 1.417 Thread 0xb6607c00 Threw 0x9e4c9d70 at /HUDSON/workspace/7u-2-build-linux-i586/jdk7u72/1606/hotspot/src/share/vm/prims/jvm.cpp:1281
Event: 1.745 Thread 0xb6607c00 Threw 0x9e2a50b8 at /HUDSON/workspace/7u-2-build-linux-i586/jdk7u72/1606/hotspot/src/share/vm/prims/jvm.cpp:1281

Events (10 events):
Event: 1.646 Thread 0xb6607c00 DEOPT UNPACKING pc=0xb3614bc8 sp=0xb67d0c5c mode 2
Event: 1.672 Executing VM operation: ParallelGCFailedAllocation
Event: 1.678 Executing VM operation: ParallelGCFailedAllocation done
Event: 1.745 loading class 0x6b8b45f0
Event: 1.745 loading class 0x6b8b45f0 done
Event: 1.843 Executing VM operation: ParallelGCFailedAllocation
Event: 1.849 Executing VM operation: ParallelGCFailedAllocation done
Event: 2.052 loading class 0x6ef34e90
Event: 2.053 loading class 0x6ef34e90 done
Event: 2.105 Executing VM operation: ParallelGCFailedAllocation


Dynamic libraries:
08048000-08049000 r-xp 00000000 08:04 405196     /usr/lib/jvm/java-7-oracle/bin/java
08049000-0804a000 rw-p 00000000 08:04 405196     /usr/lib/jvm/java-7-oracle/bin/java
09155000-09176000 rw-p 00000000 00:00 0          [heap]
6b000000-6b0f9000 rw-p 00000000 00:00 0 
6b0f9000-6b100000 ---p 00000000 00:00 0 
6b100000-6b14e000 rw-p 00000000 00:00 0 
6b14e000-6b200000 ---p 00000000 00:00 0 
6b200000-6b2e5000 rw-p 00000000 00:00 0 
6b2e5000-6b300000 ---p 00000000 00:00 0 
6b300000-6b3f9000 rw-p 00000000 00:00 0 
6b3f9000-6b400000 ---p 00000000 00:00 0 
6b400000-6b4f3000 rw-p 00000000 00:00 0 
6b4f3000-6b500000 ---p 00000000 00:00 0 
6b600000-6b7fe000 rw-p 00000000 00:00 0 
6b7fe000-6b800000 ---p 00000000 00:00 0 
6b800000-6b8ce000 rw-p 00000000 00:00 0 
6b8ce000-6b900000 ---p 00000000 00:00 0 
6b9ad000-6b9ae000 ---p 00000000 00:00 0 
6b9ae000-6ba2e000 rw-p 00000000 00:00 0          [stack:11247]
6ba2e000-6ba31000 ---p 00000000 00:00 0 
6ba31000-6ba7f000 rw-p 00000000 00:00 0          [stack:11246]
6ba7f000-6ba82000 ---p 00000000 00:00 0 
6ba82000-6bb00000 rw-p 00000000 00:00 0          [stack:11245]
6bb00000-6bd00000 r--p 00000000 08:04 264993     /usr/lib/locale/locale-archive
6bd00000-6bd21000 rw-p 00000000 00:00 0 
6bd21000-6be00000 ---p 00000000 00:00 0 
6be2e000-6be31000 ---p 00000000 00:00 0 
6be31000-6beaf000 rw-p 00000000 00:00 0          [stack:11244]
6beaf000-6beb2000 ---p 00000000 00:00 0 
6beb2000-6bf00000 rw-p 00000000 00:00 0          [stack:11243]
6bf00000-6bff9000 rw-p 00000000 00:00 0 
6bff9000-6c000000 ---p 00000000 00:00 0 
6c000000-6c0ff000 rw-p 00000000 00:00 0 
6c0ff000-6c100000 ---p 00000000 00:00 0 
6c12e000-6c131000 ---p 00000000 00:00 0 
6c131000-6c17f000 rw-p 00000000 00:00 0          [stack:11242]
6c17f000-6c180000 ---p 00000000 00:00 0 
6c180000-6c200000 rw-p 00000000 00:00 0          [stack:11240]
6c200000-6c3c0000 r--s 039ea000 08:04 404966     /usr/lib/jvm/java-7-oracle/jre/lib/rt.jar
6c3c0000-6ea00000 rw-p 00000000 00:00 0 
6ea00000-6eaf8000 rw-p 00000000 00:00 0 
6eaf8000-6eb00000 ---p 00000000 00:00 0 
6eb2e000-6eb31000 ---p 00000000 00:00 0 
6eb31000-6eb7f000 rw-p 00000000 00:00 0          [stack:11241]
6eb7f000-6eb80000 ---p 00000000 00:00 0 
6eb80000-6ec00000 rw-p 00000000 00:00 0          [stack:11239]
6ec00000-6ec21000 rw-p 00000000 00:00 0 
6ec21000-6ed00000 ---p 00000000 00:00 0 
6ed0f000-6ed24000 r-xp 00000000 08:04 404371     /usr/lib/jvm/java-7-oracle/jre/lib/i386/libnet.so
6ed24000-6ed25000 rw-p 00014000 08:04 404371     /usr/lib/jvm/java-7-oracle/jre/lib/i386/libnet.so
6ed25000-6ed33000 r-xp 00000000 08:04 404381     /usr/lib/jvm/java-7-oracle/jre/lib/i386/libnio.so
6ed33000-6ed34000 rw-p 0000e000 08:04 404381     /usr/lib/jvm/java-7-oracle/jre/lib/i386/libnio.so
6ed34000-6ed7f000 rw-p 00000000 00:00 0 
6ed7f000-6ed80000 ---p 00000000 00:00 0 
6ed80000-6ee00000 rw-p 00000000 00:00 0          [stack:11238]
6ee00000-6ee21000 rw-p 00000000 00:00 0 
6ee21000-6ef00000 ---p 00000000 00:00 0 
6ef0a000-6ef7f000 rw-p 00000000 00:00 0 
6ef7f000-6ef80000 ---p 00000000 00:00 0 
6ef80000-6f000000 rw-p 00000000 00:00 0          [stack:11237]
6f000000-6f021000 rw-p 00000000 00:00 0 
6f021000-6f100000 ---p 00000000 00:00 0 
6f108000-6f109000 ---p 00000000 00:00 0 
6f109000-6f19d000 rw-p 00000000 00:00 0          [stack:11236]
6f19d000-6f2df000 rw-p 00000000 00:00 0 
6f2df000-6f2e7000 rw-p 00000000 00:00 0 
6f2e7000-6f2ff000 rw-p 00000000 00:00 0 
6f2ff000-6f313000 rw-p 00000000 00:00 0 
6f313000-6f454000 rw-p 00000000 00:00 0 
6f454000-6f466000 rw-p 00000000 00:00 0 
6f466000-6f4ff000 rw-p 00000000 00:00 0 
6f4ff000-70500000 rw-p 00000000 00:00 0 
70500000-73500000 rw-p 00000000 00:00 0 
73500000-75bc0000 rw-p 00000000 00:00 0 
75bc0000-9df80000 rw-p 00000000 00:00 0 
9df80000-a0200000 rw-p 00000000 00:00 0 
a2fe4000-a3200000 rw-p 00000000 00:00 0 
a3200000-b3500000 rw-p 00000000 00:00 0 
b3508000-b3510000 rw-p 00000000 00:00 0 
b3510000-b3528000 rw-p 00000000 00:00 0 
b3528000-b3531000 rw-p 00000000 00:00 0 
b3531000-b35e8000 rw-p 00000000 00:00 0 
b35e8000-b3828000 rwxp 00000000 00:00 0 
b3828000-b65e8000 rw-p 00000000 00:00 0 
b65e8000-b65ff000 r-xp 00000000 08:04 404437     /usr/lib/jvm/java-7-oracle/jre/lib/i386/libzip.so
b65ff000-b6600000 rw-p 00017000 08:04 404437     /usr/lib/jvm/java-7-oracle/jre/lib/i386/libzip.so
b6600000-b66f6000 rw-p 00000000 00:00 0 
b66f6000-b6700000 ---p 00000000 00:00 0 
b6704000-b670f000 r-xp 00000000 08:04 527082     /lib/i386-linux-gnu/libnss_files-2.19.so
b670f000-b6710000 r--p 0000a000 08:04 527082     /lib/i386-linux-gnu/libnss_files-2.19.so
b6710000-b6711000 rw-p 0000b000 08:04 527082     /lib/i386-linux-gnu/libnss_files-2.19.so
b6711000-b671b000 r-xp 00000000 08:04 527068     /lib/i386-linux-gnu/libnss_nis-2.19.so
b671b000-b671c000 r--p 00009000 08:04 527068     /lib/i386-linux-gnu/libnss_nis-2.19.so
b671c000-b671d000 rw-p 0000a000 08:04 527068     /lib/i386-linux-gnu/libnss_nis-2.19.so
b671d000-b6732000 r-xp 00000000 08:04 527069     /lib/i386-linux-gnu/libnsl-2.19.so
b6732000-b6733000 r--p 00015000 08:04 527069     /lib/i386-linux-gnu/libnsl-2.19.so
b6733000-b6734000 rw-p 00016000 08:04 527069     /lib/i386-linux-gnu/libnsl-2.19.so
b6734000-b6736000 rw-p 00000000 00:00 0 
b673c000-b673d000 rw-p 00000000 00:00 0 
b673d000-b674c000 r--s 000dd000 08:04 3021049    /home/shauna/Android/Sdk/build-tools/22.0.1/lib/dx.jar
b674c000-b6754000 rw-s 00000000 08:04 2617268    /tmp/hsperfdata_shauna/11230
b6754000-b6777000 r-xp 00000000 08:04 404392     /usr/lib/jvm/java-7-oracle/jre/lib/i386/libjava.so
b6777000-b6778000 rw-p 00023000 08:04 404392     /usr/lib/jvm/java-7-oracle/jre/lib/i386/libjava.so
b6778000-b677f000 r-xp 00000000 08:04 527083     /lib/i386-linux-gnu/librt-2.19.so
b677f000-b6780000 r--p 00006000 08:04 527083     /lib/i386-linux-gnu/librt-2.19.so
b6780000-b6781000 rw-p 00007000 08:04 527083     /lib/i386-linux-gnu/librt-2.19.so
b6781000-b6784000 ---p 00000000 00:00 0 
b6784000-b67d2000 rw-p 00000000 00:00 0          [stack:11235]
b67d2000-b6816000 r-xp 00000000 08:04 527073     /lib/i386-linux-gnu/libm-2.19.so
b6816000-b6817000 r--p 00043000 08:04 527073     /lib/i386-linux-gnu/libm-2.19.so
b6817000-b6818000 rw-p 00044000 08:04 527073     /lib/i386-linux-gnu/libm-2.19.so
b6818000-b709d000 r-xp 00000000 08:04 404427     /usr/lib/jvm/java-7-oracle/jre/lib/i386/server/libjvm.so
b709d000-b7101000 rw-p 00884000 08:04 404427     /usr/lib/jvm/java-7-oracle/jre/lib/i386/server/libjvm.so
b7101000-b7525000 rw-p 00000000 00:00 0 
b7525000-b76cd000 r-xp 00000000 08:04 527065     /lib/i386-linux-gnu/libc-2.19.so
b76cd000-b76cf000 r--p 001a8000 08:04 527065     /lib/i386-linux-gnu/libc-2.19.so
b76cf000-b76d0000 rw-p 001aa000 08:04 527065     /lib/i386-linux-gnu/libc-2.19.so
b76d0000-b76d3000 rw-p 00000000 00:00 0 
b76d3000-b76d6000 r-xp 00000000 08:04 527066     /lib/i386-linux-gnu/libdl-2.19.so
b76d6000-b76d7000 r--p 00002000 08:04 527066     /lib/i386-linux-gnu/libdl-2.19.so
b76d7000-b76d8000 rw-p 00003000 08:04 527066     /lib/i386-linux-gnu/libdl-2.19.so
b76d8000-b76d9000 rw-p 00000000 00:00 0 
b76d9000-b76ec000 r-xp 00000000 08:04 395898     /usr/lib/jvm/java-7-oracle/lib/i386/jli/libjli.so
b76ec000-b76ed000 rw-p 00012000 08:04 395898     /usr/lib/jvm/java-7-oracle/lib/i386/jli/libjli.so
b76ed000-b7705000 r-xp 00000000 08:04 527078     /lib/i386-linux-gnu/libpthread-2.19.so
b7705000-b7706000 r--p 00018000 08:04 527078     /lib/i386-linux-gnu/libpthread-2.19.so
b7706000-b7707000 rw-p 00019000 08:04 527078     /lib/i386-linux-gnu/libpthread-2.19.so
b7707000-b770a000 rw-p 00000000 00:00 0 
b770a000-b770f000 r--s 0008a000 08:04 404482     /usr/lib/jvm/java-7-oracle/jre/lib/jsse.jar
b770f000-b7710000 r--p 002c5000 08:04 264993     /usr/lib/locale/locale-archive
b7710000-b7717000 r-xp 00000000 08:04 527074     /lib/i386-linux-gnu/libnss_compat-2.19.so
b7717000-b7718000 r--p 00006000 08:04 527074     /lib/i386-linux-gnu/libnss_compat-2.19.so
b7718000-b7719000 rw-p 00007000 08:04 527074     /lib/i386-linux-gnu/libnss_compat-2.19.so
b7719000-b771a000 rw-p 00000000 00:00 0 
b771a000-b771b000 ---p 00000000 00:00 0 
b771b000-b7726000 r-xp 00000000 08:04 404396     /usr/lib/jvm/java-7-oracle/jre/lib/i386/libverify.so
b7726000-b7727000 rw-p 0000b000 08:04 404396     /usr/lib/jvm/java-7-oracle/jre/lib/i386/libverify.so
b7727000-b7729000 rw-p 00000000 00:00 0 
b7729000-b772a000 r-xp 00000000 00:00 0          [vdso]
b772a000-b774a000 r-xp 00000000 08:04 527067     /lib/i386-linux-gnu/ld-2.19.so
b774a000-b774b000 r--p 0001f000 08:04 527067     /lib/i386-linux-gnu/ld-2.19.so
b774b000-b774c000 rw-p 00020000 08:04 527067     /lib/i386-linux-gnu/ld-2.19.so
bfd6a000-bfd6b000 rwxp 00000000 00:00 0 
bfd9c000-bfdbe000 rw-p 00000000 00:00 0          [stack]

VM Arguments:
jvm_args: -Xmx1024M -Dfile.encoding=UTF-8 -Duser.country=US -Duser.language=en -Duser.variant 
java_command: com.android.dx.command.Main --dex --output /home/shauna/Desktop/shared/git/public-misc/smalltalk-mobile/smalltalk/app/build/intermediates/dex/debug /home/shauna/Desktop/shared/git/public-misc/smalltalk-mobile/smalltalk/app/build/intermediates/classes/debug /home/shauna/Desktop/shared/git/public-misc/smalltalk-mobile/smalltalk/app/build/intermediates/pre-dexed/debug/support-annotations-22.2.1-179610870c06c5d131779ba1552f844db69d188c.jar /home/shauna/Desktop/shared/git/public-misc/smalltalk-mobile/smalltalk/app/build/intermediates/pre-dexed/debug/internal_impl-22.2.1-5e084960364880096d2c7804bb4563600a46c017.jar /home/shauna/Desktop/shared/git/public-misc/smalltalk-mobile/smalltalk/app/build/intermediates/pre-dexed/debug/classes-51f3b8a6f290cedcd83c64115c1c77d425f8f8b8.jar /home/shauna/Desktop/shared/git/public-misc/smalltalk-mobile/smalltalk/app/build/intermediates/pre-dexed/debug/classes-bc79ea749cc84966ba1eadb26f5e8de5afcfa590.jar
Launcher Type: SUN_STANDARD

Environment Variables:
PATH=/usr/local/Android/Sdk/platform-tools:/usr/local/Android/Sdk/tools:/usr/local/heroku/bin:/usr/local/Android/Sdk/platform-tools:/usr/local/Android/Sdk/tools:/home/shauna/bin:/usr/local/sbin:/usr/local/bin:/usr/sbin:/usr/bin:/sbin:/bin:/usr/games:/usr/local/games
LD_LIBRARY_PATH=.:
SHELL=/bin/bash
DISPLAY=:0

Signal Handlers:
SIGSEGV: [libjvm.so+0x7e9580], sa_mask[0]=0x7ffbfeff, sa_flags=0x10000004
SIGBUS: [libjvm.so+0x7e9580], sa_mask[0]=0x7ffbfeff, sa_flags=0x10000004
SIGFPE: [libjvm.so+0x682680], sa_mask[0]=0x7ffbfeff, sa_flags=0x10000004
SIGPIPE: [libjvm.so+0x682680], sa_mask[0]=0x7ffbfeff, sa_flags=0x10000004
SIGXFSZ: [libjvm.so+0x682680], sa_mask[0]=0x7ffbfeff, sa_flags=0x10000004
SIGILL: [libjvm.so+0x682680], sa_mask[0]=0x7ffbfeff, sa_flags=0x10000004
SIGUSR1: SIG_DFL, sa_mask[0]=0x00000000, sa_flags=0x00000000
SIGUSR2: [libjvm.so+0x683e80], sa_mask[0]=0x00000004, sa_flags=0x10000004
SIGHUP: [libjvm.so+0x6851b0], sa_mask[0]=0x7ffbfeff, sa_flags=0x10000004
SIGINT: [libjvm.so+0x6851b0], sa_mask[0]=0x7ffbfeff, sa_flags=0x10000004
SIGTERM: [libjvm.so+0x6851b0], sa_mask[0]=0x7ffbfeff, sa_flags=0x10000004
SIGQUIT: [libjvm.so+0x6851b0], sa_mask[0]=0x7ffbfeff, sa_flags=0x10000004


---------------  S Y S T E M  ---------------

OS:jessie/sid

uname:Linux 3.13.0-39-generic #66-Ubuntu SMP Tue Oct 28 13:31:23 UTC 2014 i686
libc:glibc 2.19 NPTL 2.19 
rlimit: STACK 8192k, CORE 0k, NPROC 29729, NOFILE 4096, AS infinity
load average:1.24 0.95 0.83

/proc/meminfo:
MemTotal:        3824608 kB
MemFree:          205576 kB
Buffers:            1668 kB
Cached:           332368 kB
SwapCached:            0 kB
Active:          3170032 kB
Inactive:         312808 kB
Active(anon):    3152176 kB
Inactive(anon):   295864 kB
Active(file):      17856 kB
Inactive(file):    16944 kB
Unevictable:         176 kB
Mlocked:             176 kB
HighTotal:       2971844 kB
HighFree:          43148 kB
LowTotal:         852764 kB
LowFree:          162428 kB
SwapTotal:             0 kB
SwapFree:              0 kB
Dirty:               472 kB
Writeback:             0 kB
AnonPages:       3149168 kB
Mapped:            72608 kB
Shmem:            299000 kB
Slab:              51728 kB
SReclaimable:      22580 kB
SUnreclaim:        29148 kB
KernelStack:        6264 kB
PageTables:        18112 kB
NFS_Unstable:          0 kB
Bounce:                0 kB
WritebackTmp:          0 kB
CommitLimit:     1912304 kB
Committed_AS:    8338808 kB
VmallocTotal:     122880 kB
VmallocUsed:       17900 kB
VmallocChunk:      51548 kB
HardwareCorrupted:     0 kB
AnonHugePages:    571392 kB
HugePages_Total:       0
HugePages_Free:        0
HugePages_Rsvd:        0
HugePages_Surp:        0
Hugepagesize:       2048 kB
DirectMap4k:       24568 kB
DirectMap2M:      886784 kB


CPU:total 4 (2 cores per cpu, 2 threads per core) family 6 model 58 stepping 9, cmov, cx8, fxsr, mmx, sse, sse2, sse3, ssse3, sse4.1, sse4.2, popcnt, avx, aes, erms, ht, tsc, tscinvbit, tscinv

/proc/cpuinfo:
processor	: 0
vendor_id	: GenuineIntel
cpu family	: 6
model		: 58
model name	: Intel(R) Core(TM) i5-3320M CPU @ 2.60GHz
stepping	: 9
microcode	: 0x13
cpu MHz		: 2601.000
cache size	: 3072 KB
physical id	: 0
siblings	: 4
core id		: 0
cpu cores	: 2
apicid		: 0
initial apicid	: 0
fdiv_bug	: no
f00f_bug	: no
coma_bug	: no
fpu		: yes
fpu_exception	: yes
cpuid level	: 13
wp		: yes
flags		: fpu vme de pse tsc msr pae mce cx8 apic sep mtrr pge mca cmov pat pse36 clflush dts acpi mmx fxsr sse sse2 ss ht tm pbe nx rdtscp lm constant_tsc arch_perfmon pebs bts xtopology nonstop_tsc aperfmperf eagerfpu pni pclmulqdq dtes64 monitor ds_cpl vmx smx est tm2 ssse3 cx16 xtpr pdcm pcid sse4_1 sse4_2 x2apic popcnt tsc_deadline_timer aes xsave avx f16c rdrand lahf_lm ida arat epb xsaveopt pln pts dtherm tpr_shadow vnmi flexpriority ept vpid fsgsbase smep erms
bogomips	: 5188.07
clflush size	: 64
cache_alignment	: 64
address sizes	: 36 bits physical, 48 bits virtual
power management:

processor	: 1
vendor_id	: GenuineIntel
cpu family	: 6
model		: 58
model name	: Intel(R) Core(TM) i5-3320M CPU @ 2.60GHz
stepping	: 9
microcode	: 0x13
cpu MHz		: 1200.000
cache size	: 3072 KB
physical id	: 0
siblings	: 4
core id		: 0
cpu cores	: 2
apicid		: 1
initial apicid	: 1
fdiv_bug	: no
f00f_bug	: no
coma_bug	: no
fpu		: yes
fpu_exception	: yes
cpuid level	: 13
wp		: yes
flags		: fpu vme de pse tsc msr pae mce cx8 apic sep mtrr pge mca cmov pat pse36 clflush dts acpi mmx fxsr sse sse2 ss ht tm pbe nx rdtscp lm constant_tsc arch_perfmon pebs bts xtopology nonstop_tsc aperfmperf eagerfpu pni pclmulqdq dtes64 monitor ds_cpl vmx smx est tm2 ssse3 cx16 xtpr pdcm pcid sse4_1 sse4_2 x2apic popcnt tsc_deadline_timer aes xsave avx f16c rdrand lahf_lm ida arat epb xsaveopt pln pts dtherm tpr_shadow vnmi flexpriority ept vpid fsgsbase smep erms
bogomips	: 5188.07
clflush size	: 64
cache_alignment	: 64
address sizes	: 36 bits physical, 48 bits virtual
power management:

processor	: 2
vendor_id	: GenuineIntel
cpu family	: 6
model		: 58
model name	: Intel(R) Core(TM) i5-3320M CPU @ 2.60GHz
stepping	: 9
microcode	: 0x13
cpu MHz		: 1200.000
cache size	: 3072 KB
physical id	: 0
siblings	: 4
core id		: 1
cpu cores	: 2
apicid		: 2
initial apicid	: 2
fdiv_bug	: no
f00f_bug	: no
coma_bug	: no
fpu		: yes
fpu_exception	: yes
cpuid level	: 13
wp		: yes
flags		: fpu vme de pse tsc msr pae mce cx8 apic sep mtrr pge mca cmov pat pse36 clflush dts acpi mmx fxsr sse sse2 ss ht tm pbe nx rdtscp lm constant_tsc arch_perfmon pebs bts xtopology nonstop_tsc aperfmperf eagerfpu pni pclmulqdq dtes64 monitor ds_cpl vmx smx est tm2 ssse3 cx16 xtpr pdcm pcid sse4_1 sse4_2 x2apic popcnt tsc_deadline_timer aes xsave avx f16c rdrand lahf_lm ida arat epb xsaveopt pln pts dtherm tpr_shadow vnmi flexpriority ept vpid fsgsbase smep erms
bogomips	: 5188.07
clflush size	: 64
cache_alignment	: 64
address sizes	: 36 bits physical, 48 bits virtual
power management:

processor	: 3
vendor_id	: GenuineIntel
cpu family	: 6
model		: 58
model name	: Intel(R) Core(TM) i5-3320M CPU @ 2.60GHz
stepping	: 9
microcode	: 0x13
cpu MHz		: 1800.000
cache size	: 3072 KB
physical id	: 0
siblings	: 4
core id		: 1
cpu cores	: 2
apicid		: 3
initial apicid	: 3
fdiv_bug	: no
f00f_bug	: no
coma_bug	: no
fpu		: yes
fpu_exception	: yes
cpuid level	: 13
wp		: yes
flags		: fpu vme de pse tsc msr pae mce cx8 apic sep mtrr pge mca cmov pat pse36 clflush dts acpi mmx fxsr sse sse2 ss ht tm pbe nx rdtscp lm constant_tsc arch_perfmon pebs bts xtopology nonstop_tsc aperfmperf eagerfpu pni pclmulqdq dtes64 monitor ds_cpl vmx smx est tm2 ssse3 cx16 xtpr pdcm pcid sse4_1 sse4_2 x2apic popcnt tsc_deadline_timer aes xsave avx f16c rdrand lahf_lm ida arat epb xsaveopt pln pts dtherm tpr_shadow vnmi flexpriority ept vpid fsgsbase smep erms
bogomips	: 5188.07
clflush size	: 64
cache_alignment	: 64
address sizes	: 36 bits physical, 48 bits virtual
power management:



Memory: 4k page, physical 3824608k(205576k free), swap 0k(0k free)

vm_info: Java HotSpot(TM) Server VM (24.72-b04) for linux-x86 JRE (1.7.0_72-b14), built on Sep 26 2014 19:38:09 by "java_re" with gcc 4.3.0 20080428 (Red Hat 4.3.0-8)

time: Thu Aug 27 16:07:37 2015
elapsed time: 2 seconds

