#
# There is insufficient memory for the Java Runtime Environment to continue.
# Native memory allocation (malloc) failed to allocate 54001664 bytes for committing reserved memory.
# Possible reasons:
#   The system is out of physical RAM or swap space
#   In 32 bit mode, the process size limit was hit
# Possible solutions:
#   Reduce memory load on the system
#   Increase physical memory or swap space
#   Check if swap backing store is full
#   Use 64 bit Java on a 64 bit OS
#   Decrease Java heap size (-Xmx/-Xms)
#   Decrease number of Java threads
#   Decrease Java thread stack sizes (-Xss)
#   Set larger code cache with -XX:ReservedCodeCacheSize=
# This output file may be truncated or incomplete.
#
#  Out of Memory Error (os_linux.cpp:2756), pid=11724, tid=1814035264
#
# JRE version: Java(TM) SE Runtime Environment (7.0_72-b14) (build 1.7.0_72-b14)
# Java VM: Java HotSpot(TM) Server VM (24.72-b04 mixed mode linux-x86 )
# Failed to write core dump. Core dumps have been disabled. To enable core dumping, try "ulimit -c unlimited" before starting Java again
#

---------------  T H R E A D  ---------------

Current thread (0x6c080c00):  VMThread [stack: 0x6c17f000,0x6c200000] [id=11734]

Stack: [0x6c17f000,0x6c200000],  sp=0x6c1feaa0,  free space=510k
Native frames: (J=compiled Java code, j=interpreted, Vv=VM code, C=native code)
V  [libjvm.so+0x7e8a76]  VMError::report_and_die()+0x1a6
V  [libjvm.so+0x33d9e2]  report_vm_out_of_memory(char const*, int, unsigned int, char const*)+0x72
V  [libjvm.so+0x685b01]  os::Linux::commit_memory_impl(char*, unsigned int, bool)+0xe1
V  [libjvm.so+0x685fc8]  os::pd_commit_memory(char*, unsigned int, unsigned int, bool)+0x28
V  [libjvm.so+0x67f70c]  os::commit_memory(char*, unsigned int, unsigned int, bool)+0x2c
V  [libjvm.so+0x6e9368]  PSVirtualSpace::expand_by(unsigned int)+0x48
V  [libjvm.so+0x6ea46a]  PSYoungGen::resize_generation(unsigned int, unsigned int)+0xda
V  [libjvm.so+0x6e97a9]  PSYoungGen::resize(unsigned int, unsigned int)+0x19
V  [libjvm.so+0x6e715e]  PSScavenge::invoke_no_policy()+0xd5e
V  [libjvm.so+0x6e7938]  PSScavenge::invoke()+0x28
V  [libjvm.so+0x6a573a]  ParallelScavengeHeap::failed_mem_allocate(unsigned int)+0x5a
V  [libjvm.so+0x7ea30a]  VM_ParallelGCFailedAllocation::doit()+0x7a
V  [libjvm.so+0x7f3127]  VM_Operation::evaluate()+0x47
V  [libjvm.so+0x7f11c3]  VMThread::evaluate_operation(VM_Operation*)+0xb3
V  [libjvm.so+0x7f1560]  VMThread::loop()+0x1b0
V  [libjvm.so+0x7f19c5]  VMThread::run()+0x85
V  [libjvm.so+0x687dd9]  java_start(Thread*)+0x119
C  [libpthread.so.0+0x6f70]  start_thread+0xd0

VM_Operation (0xb67bdbb4): ParallelGCFailedAllocation, mode: safepoint, requested by thread 0xb6607c00


---------------  P R O C E S S  ---------------

Java Threads: ( => current thread )
  0x6c09b400 JavaThread "Service Thread" daemon [_thread_blocked, id=11740, stack(0x6ba2e000,0x6ba7f000)]
  0x6c099800 JavaThread "C2 CompilerThread1" daemon [_thread_blocked, id=11739, stack(0x6ba7f000,0x6bb00000)]
  0x6c097800 JavaThread "C2 CompilerThread0" daemon [_thread_blocked, id=11738, stack(0x6be2e000,0x6beaf000)]
  0x6c096000 JavaThread "Signal Dispatcher" daemon [_thread_blocked, id=11737, stack(0x6beaf000,0x6bf00000)]
  0x6c084c00 JavaThread "Finalizer" daemon [_thread_blocked, id=11736, stack(0x6c12e000,0x6c17f000)]
  0x6c083400 JavaThread "Reference Handler" daemon [_thread_blocked, id=11735, stack(0x6eb2e000,0x6eb7f000)]
  0xb6607c00 JavaThread "main" [_thread_blocked, id=11729, stack(0xb676e000,0xb67bf000)]

Other Threads:
=>0x6c080c00 VMThread [stack: 0x6c17f000,0x6c200000] [id=11734]
  0x6c09d400 WatcherThread [stack: 0x6b9ad000,0x6ba2e000] [id=11741]

VM state:at safepoint (normal execution)

VM Mutex/Monitor currently owned by a thread:  ([mutex/lock_event])
[0xb66053f0] Threads_lock - owner thread: 0x6c080c00
[0xb6605800] Heap_lock - owner thread: 0xb6607c00

Heap
 PSYoungGen      total 33024K, used 2300K [0x9df80000, 0xa0200000, 0xb3500000)
  eden space 30720K, 0% used [0x9df80000,0x9df80000,0x9fd80000)
  from space 2304K, 99% used [0x9fd80000,0x9ffbf188,0x9ffc0000)
  to   space 2304K, 0% used [0x9ffc0000,0x9ffc0000,0xa0200000)
 ParOldGen       total 39680K, used 27637K [0x73500000, 0x75bc0000, 0x9df80000)
  object space 39680K, 69% used [0x73500000,0x74ffd458,0x75bc0000)
 PSPermGen       total 16384K, used 4503K [0x6f500000, 0x70500000, 0x73500000)
  object space 16384K, 27% used [0x6f500000,0x6f965f98,0x70500000)

Card table byte_map: [0x6f2df000,0x6f500000] byte_map_base: 0x6ef64800

Polling page: 0xb7707000

Code Cache  [0xb35cf000, 0xb380f000, 0xb65cf000)
 total_blobs=691 nmethods=558 adapters=86 free_code_cache=47874Kb largest_free_block=48994816

Compilation events (10 events):
Event: 2.017 Thread 0x6c099800 nmethod 556 0xb370bd08 code [0xb370bde0, 0xb370be30]
Event: 2.020 Thread 0x6c097800 nmethod 522 0xb370ee88 code [0xb370f220, 0xb3710a3c]
Event: 2.025 Thread 0x6c099800  557             com.android.dx.merge.InstructionTransformer$TypeVisitor::visit (63 bytes)
Event: 2.028 Thread 0x6c097800  558             com.android.dx.io.instructions.InstructionCodec$9::decode (37 bytes)
Event: 2.030 Thread 0x6c099800 nmethod 557 0xb370c988 code [0xb370cac0, 0xb370cef0]
Event: 2.030 Thread 0x6c099800  559             com.android.dx.io.instructions.InstructionCodec$9::encode (22 bytes)
Event: 2.030 Thread 0x6c097800 nmethod 558 0xb370c588 code [0xb370c6a0, 0xb370c830]
Event: 2.030 Thread 0x6c097800  560             com.android.dx.io.instructions.DecodedInstruction::getBUnit (46 bytes)
Event: 2.030 Thread 0x6c097800 nmethod 560 0xb370d548 code [0xb370d640, 0xb370d6d0]
Event: 2.031 Thread 0x6c099800 nmethod 559 0xb370c048 code [0xb370c160, 0xb370c310]

GC Heap History (9 events):
Event: 0.693 GC heap before
{Heap before GC invocations=1 (full 0):
 PSYoungGen      total 17664K, used 15360K [0x9df80000, 0x9f300000, 0xb3500000)
  eden space 15360K, 100% used [0x9df80000,0x9ee80000,0x9ee80000)
  from space 2304K, 0% used [0x9f0c0000,0x9f0c0000,0x9f300000)
  to   space 2304K, 0% used [0x9ee80000,0x9ee80000,0x9f0c0000)
 ParOldGen       total 39680K, used 0K [0x73500000, 0x75bc0000, 0x9df80000)
  object space 39680K, 0% used [0x73500000,0x73500000,0x75bc0000)
 PSPermGen       total 16384K, used 3300K [0x6f500000, 0x70500000, 0x73500000)
  object space 16384K, 20% used [0x6f500000,0x6f8392b8,0x70500000)
Event: 0.700 GC heap after
Heap after GC invocations=1 (full 0):
 PSYoungGen      total 17664K, used 2299K [0x9df80000, 0x9f300000, 0xb3500000)
  eden space 15360K, 0% used [0x9df80000,0x9df80000,0x9ee80000)
  from space 2304K, 99% used [0x9ee80000,0x9f0befa0,0x9f0c0000)
  to   space 2304K, 0% used [0x9f0c0000,0x9f0c0000,0x9f300000)
 ParOldGen       total 39680K, used 1631K [0x73500000, 0x75bc0000, 0x9df80000)
  object space 39680K, 4% used [0x73500000,0x73697df0,0x75bc0000)
 PSPermGen       total 16384K, used 3300K [0x6f500000, 0x70500000, 0x73500000)
  object space 16384K, 20% used [0x6f500000,0x6f8392b8,0x70500000)
}
Event: 1.052 GC heap before
{Heap before GC invocations=2 (full 0):
 PSYoungGen      total 17664K, used 17659K [0x9df80000, 0x9f300000, 0xb3500000)
  eden space 15360K, 100% used [0x9df80000,0x9ee80000,0x9ee80000)
  from space 2304K, 99% used [0x9ee80000,0x9f0befa0,0x9f0c0000)
  to   space 2304K, 0% used [0x9f0c0000,0x9f0c0000,0x9f300000)
 ParOldGen       total 39680K, used 1631K [0x73500000, 0x75bc0000, 0x9df80000)
  object space 39680K, 4% used [0x73500000,0x73697df0,0x75bc0000)
 PSPermGen       total 16384K, used 3630K [0x6f500000, 0x70500000, 0x73500000)
  object space 16384K, 22% used [0x6f500000,0x6f88b9e0,0x70500000)
Event: 1.058 GC heap after
Heap after GC invocations=2 (full 0):
 PSYoungGen      total 17664K, used 2300K [0x9df80000, 0xa0200000, 0xb3500000)
  eden space 15360K, 0% used [0x9df80000,0x9df80000,0x9ee80000)
  from space 2304K, 99% used [0x9f0c0000,0x9f2ff188,0x9f300000)
  to   space 2304K, 0% used [0x9ee80000,0x9ee80000,0x9f0c0000)
 ParOldGen       total 39680K, used 4837K [0x73500000, 0x75bc0000, 0x9df80000)
  object space 39680K, 12% used [0x73500000,0x739b9790,0x75bc0000)
 PSPermGen       total 16384K, used 3630K [0x6f500000, 0x70500000, 0x73500000)
  object space 16384K, 22% used [0x6f500000,0x6f88b9e0,0x70500000)
}
Event: 1.635 GC heap before
{Heap before GC invocations=3 (full 0):
 PSYoungGen      total 17664K, used 17660K [0x9df80000, 0xa0200000, 0xb3500000)
  eden space 15360K, 100% used [0x9df80000,0x9ee80000,0x9ee80000)
  from space 2304K, 99% used [0x9f0c0000,0x9f2ff188,0x9f300000)
  to   space 2304K, 0% used [0x9ee80000,0x9ee80000,0x9f0c0000)
 ParOldGen       total 39680K, used 4837K [0x73500000, 0x75bc0000, 0x9df80000)
  object space 39680K, 12% used [0x73500000,0x739b9790,0x75bc0000)
 PSPermGen       total 16384K, used 4467K [0x6f500000, 0x70500000, 0x73500000)
  object space 16384K, 27% used [0x6f500000,0x6f95ccd8,0x70500000)
Event: 1.640 GC heap after
Heap after GC invocations=3 (full 0):
 PSYoungGen      total 17664K, used 2292K [0x9df80000, 0xa0200000, 0xb3500000)
  eden space 15360K, 0% used [0x9df80000,0x9df80000,0x9ee80000)
  from space 2304K, 99% used [0x9ee80000,0x9f0bd198,0x9f0c0000)
  to   space 2304K, 0% used [0x9ffc0000,0x9ffc0000,0xa0200000)
 ParOldGen       total 39680K, used 11404K [0x73500000, 0x75bc0000, 0x9df80000)
  object space 39680K, 28% used [0x73500000,0x74023358,0x75bc0000)
 PSPermGen       total 16384K, used 4467K [0x6f500000, 0x70500000, 0x73500000)
  object space 16384K, 27% used [0x6f500000,0x6f95ccd8,0x70500000)
}
Event: 1.783 GC heap before
{Heap before GC invocations=4 (full 0):
 PSYoungGen      total 17664K, used 17652K [0x9df80000, 0xa0200000, 0xb3500000)
  eden space 15360K, 100% used [0x9df80000,0x9ee80000,0x9ee80000)
  from space 2304K, 99% used [0x9ee80000,0x9f0bd198,0x9f0c0000)
  to   space 2304K, 0% used [0x9ffc0000,0x9ffc0000,0xa0200000)
 ParOldGen       total 39680K, used 11404K [0x73500000, 0x75bc0000, 0x9df80000)
  object space 39680K, 28% used [0x73500000,0x74023358,0x75bc0000)
 PSPermGen       total 16384K, used 4485K [0x6f500000, 0x70500000, 0x73500000)
  object space 16384K, 27% used [0x6f500000,0x6f9616c8,0x70500000)
Event: 1.788 GC heap after
Heap after GC invocations=4 (full 0):
 PSYoungGen      total 33024K, used 2300K [0x9df80000, 0xa0200000, 0xb3500000)
  eden space 30720K, 0% used [0x9df80000,0x9df80000,0x9fd80000)
  from space 2304K, 99% used [0x9ffc0000,0xa01ff188,0xa0200000)
  to   space 2304K, 0% used [0x9fd80000,0x9fd80000,0x9ffc0000)
 ParOldGen       total 39680K, used 20933K [0x73500000, 0x75bc0000, 0x9df80000)
  object space 39680K, 52% used [0x73500000,0x74971460,0x75bc0000)
 PSPermGen       total 16384K, used 4485K [0x6f500000, 0x70500000, 0x73500000)
  object space 16384K, 27% used [0x6f500000,0x6f9616c8,0x70500000)
}
Event: 2.032 GC heap before
{Heap before GC invocations=5 (full 0):
 PSYoungGen      total 33024K, used 33020K [0x9df80000, 0xa0200000, 0xb3500000)
  eden space 30720K, 100% used [0x9df80000,0x9fd80000,0x9fd80000)
  from space 2304K, 99% used [0x9ffc0000,0xa01ff188,0xa0200000)
  to   space 2304K, 0% used [0x9fd80000,0x9fd80000,0x9ffc0000)
 ParOldGen       total 39680K, used 20933K [0x73500000, 0x75bc0000, 0x9df80000)
  object space 39680K, 52% used [0x73500000,0x74971460,0x75bc0000)
 PSPermGen       total 16384K, used 4503K [0x6f500000, 0x70500000, 0x73500000)
  object space 16384K, 27% used [0x6f500000,0x6f965f98,0x70500000)

Deoptimization events (10 events):
Event: 1.226 Thread 0xb6607c00 Uncommon trap: reason=unreached action=reinterpret pc=0xb364602c method=java.util.Arrays.copyOf([Ljava/lang/Object;ILjava/lang/Class;)[Ljava/lang/Object; @ 4
Event: 1.263 Thread 0xb6607c00 Uncommon trap: reason=class_check action=maybe_recompile pc=0xb3699490 method=com.android.dex.Leb128.writeUnsignedLeb128(Lcom/android/dex/util/ByteOutput;I)V @ 40
Event: 1.263 Thread 0xb6607c00 Uncommon trap: reason=class_check action=maybe_recompile pc=0xb3699490 method=com.android.dex.Leb128.writeUnsignedLeb128(Lcom/android/dex/util/ByteOutput;I)V @ 40
Event: 1.263 Thread 0xb6607c00 Uncommon trap: reason=class_check action=maybe_recompile pc=0xb3699490 method=com.android.dex.Leb128.writeUnsignedLeb128(Lcom/android/dex/util/ByteOutput;I)V @ 40
Event: 1.263 Thread 0xb6607c00 Uncommon trap: reason=class_check action=maybe_recompile pc=0xb3699490 method=com.android.dex.Leb128.writeUnsignedLeb128(Lcom/android/dex/util/ByteOutput;I)V @ 40
Event: 1.428 Thread 0xb6607c00 Uncommon trap: reason=class_check action=maybe_recompile pc=0xb36a46a0 method=com.android.dex.Leb128.readUnsignedLeb128(Lcom/android/dex/util/ByteInput;)I @ 5
Event: 1.428 Thread 0xb6607c00 Uncommon trap: reason=class_check action=maybe_recompile pc=0xb36a46a0 method=com.android.dex.Leb128.readUnsignedLeb128(Lcom/android/dex/util/ByteInput;)I @ 5
Event: 1.428 Thread 0xb6607c00 Uncommon trap: reason=class_check action=maybe_recompile pc=0xb36a46a0 method=com.android.dex.Leb128.readUnsignedLeb128(Lcom/android/dex/util/ByteInput;)I @ 5
Event: 1.428 Thread 0xb6607c00 Uncommon trap: reason=class_check action=maybe_recompile pc=0xb36a46a0 method=com.android.dex.Leb128.readUnsignedLeb128(Lcom/android/dex/util/ByteInput;)I @ 5
Event: 1.572 Thread 0xb6607c00 Uncommon trap: reason=predicate action=maybe_recompile pc=0xb36aed38 method=com.android.dex.Leb128.readUnsignedLeb128(Lcom/android/dex/util/ByteInput;)I @ 41

Internal exceptions (10 events):
Event: 1.337 Thread 0xb6607c00 Threw 0x9e38d3b8 at /HUDSON/workspace/7u-2-build-linux-i586/jdk7u72/1606/hotspot/src/share/vm/prims/jvm.cpp:1281
Event: 1.337 Thread 0xb6607c00 Threw 0x9e390498 at /HUDSON/workspace/7u-2-build-linux-i586/jdk7u72/1606/hotspot/src/share/vm/prims/jvm.cpp:1281
Event: 1.337 Thread 0xb6607c00 Threw 0x9e3936c8 at /HUDSON/workspace/7u-2-build-linux-i586/jdk7u72/1606/hotspot/src/share/vm/prims/jvm.cpp:1281
Event: 1.338 Thread 0xb6607c00 Threw 0x9e398608 at /HUDSON/workspace/7u-2-build-linux-i586/jdk7u72/1606/hotspot/src/share/vm/prims/jvm.cpp:1281
Event: 1.339 Thread 0xb6607c00 Threw 0x9e39b230 at /HUDSON/workspace/7u-2-build-linux-i586/jdk7u72/1606/hotspot/src/share/vm/prims/jvm.cpp:1281
Event: 1.339 Thread 0xb6607c00 Threw 0x9e39dff0 at /HUDSON/workspace/7u-2-build-linux-i586/jdk7u72/1606/hotspot/src/share/vm/prims/jvm.cpp:1281
Event: 1.339 Thread 0xb6607c00 Threw 0x9e3a11e8 at /HUDSON/workspace/7u-2-build-linux-i586/jdk7u72/1606/hotspot/src/share/vm/prims/jvm.cpp:1281
Event: 1.341 Thread 0xb6607c00 Threw 0x9e3e7988 at /HUDSON/workspace/7u-2-build-linux-i586/jdk7u72/1606/hotspot/src/share/vm/prims/jvm.cpp:1281
Event: 1.341 Thread 0xb6607c00 Threw 0x9e3e9958 at /HUDSON/workspace/7u-2-build-linux-i586/jdk7u72/1606/hotspot/src/share/vm/prims/jvm.cpp:1281
Event: 1.669 Thread 0xb6607c00 Threw 0x9e17caa0 at /HUDSON/workspace/7u-2-build-linux-i586/jdk7u72/1606/hotspot/src/share/vm/prims/jvm.cpp:1281

Events (10 events):
Event: 1.640 Executing VM operation: ParallelGCFailedAllocation done
Event: 1.669 loading class 0x6b88b5f0
Event: 1.669 loading class 0x6b88b5f0 done
Event: 1.783 Executing VM operation: ParallelGCFailedAllocation
Event: 1.788 Executing VM operation: ParallelGCFailedAllocation done
Event: 1.840 Thread 0x6c097800 flushing nmethod 0xb36209c8
Event: 1.841 Thread 0x6c097800 flushing nmethod 0xb3628f48
Event: 1.974 loading class 0x6ee4ee90
Event: 1.975 loading class 0x6ee4ee90 done
Event: 2.032 Executing VM operation: ParallelGCFailedAllocation


Dynamic libraries:
08048000-08049000 r-xp 00000000 08:04 405196     /usr/lib/jvm/java-7-oracle/bin/java
08049000-0804a000 rw-p 00000000 08:04 405196     /usr/lib/jvm/java-7-oracle/bin/java
08de0000-08e3b000 rw-p 00000000 00:00 0          [heap]
6ae00000-6aefb000 rw-p 00000000 00:00 0 
6aefb000-6af00000 ---p 00000000 00:00 0 
6b000000-6b0fb000 rw-p 00000000 00:00 0 
6b0fb000-6b100000 ---p 00000000 00:00 0 
6b100000-6b1fc000 rw-p 00000000 00:00 0 
6b1fc000-6b200000 ---p 00000000 00:00 0 
6b200000-6b2fe000 rw-p 00000000 00:00 0 
6b2fe000-6b300000 ---p 00000000 00:00 0 
6b400000-6b4f9000 rw-p 00000000 00:00 0 
6b4f9000-6b500000 ---p 00000000 00:00 0 
6b600000-6b6fa000 rw-p 00000000 00:00 0 
6b6fa000-6b700000 ---p 00000000 00:00 0 
6b700000-6b7fc000 rw-p 00000000 00:00 0 
6b7fc000-6b800000 ---p 00000000 00:00 0 
6b800000-6b8a5000 rw-p 00000000 00:00 0 
6b8a5000-6b900000 ---p 00000000 00:00 0 
6b9ad000-6b9ae000 ---p 00000000 00:00 0 
6b9ae000-6ba2e000 rw-p 00000000 00:00 0          [stack:11741]
6ba2e000-6ba31000 ---p 00000000 00:00 0 
6ba31000-6ba7f000 rw-p 00000000 00:00 0          [stack:11740]
6ba7f000-6ba82000 ---p 00000000 00:00 0 
6ba82000-6bb00000 rw-p 00000000 00:00 0          [stack:11739]
6bb00000-6bd00000 r--p 00000000 08:04 264993     /usr/lib/locale/locale-archive
6bd00000-6bd21000 rw-p 00000000 00:00 0 
6bd21000-6be00000 ---p 00000000 00:00 0 
6be2e000-6be31000 ---p 00000000 00:00 0 
6be31000-6beaf000 rw-p 00000000 00:00 0          [stack:11738]
6beaf000-6beb2000 ---p 00000000 00:00 0 
6beb2000-6bf00000 rw-p 00000000 00:00 0          [stack:11737]
6bf00000-6c000000 rw-p 00000000 00:00 0 
6c000000-6c100000 rw-p 00000000 00:00 0 
6c12e000-6c131000 ---p 00000000 00:00 0 
6c131000-6c17f000 rw-p 00000000 00:00 0          [stack:11736]
6c17f000-6c180000 ---p 00000000 00:00 0 
6c180000-6c200000 rw-p 00000000 00:00 0          [stack:11734]
6c200000-6c3c0000 r--s 039ea000 08:04 404966     /usr/lib/jvm/java-7-oracle/jre/lib/rt.jar
6c3c0000-6ea00000 rw-p 00000000 00:00 0 
6ea00000-6eaff000 rw-p 00000000 00:00 0 
6eaff000-6eb00000 ---p 00000000 00:00 0 
6eb2e000-6eb31000 ---p 00000000 00:00 0 
6eb31000-6eb7f000 rw-p 00000000 00:00 0          [stack:11735]
6eb7f000-6eb80000 ---p 00000000 00:00 0 
6eb80000-6ec00000 rw-p 00000000 00:00 0          [stack:11733]
6ec00000-6ec21000 rw-p 00000000 00:00 0 
6ec21000-6ed00000 ---p 00000000 00:00 0 
6ed00000-6ed21000 rw-p 00000000 00:00 0 
6ed21000-6ee00000 ---p 00000000 00:00 0 
6ee0e000-6ee23000 r-xp 00000000 08:04 404371     /usr/lib/jvm/java-7-oracle/jre/lib/i386/libnet.so
6ee23000-6ee24000 rw-p 00014000 08:04 404371     /usr/lib/jvm/java-7-oracle/jre/lib/i386/libnet.so
6ee24000-6ee7f000 rw-p 00000000 00:00 0 
6ee7f000-6ee80000 ---p 00000000 00:00 0 
6ee80000-6ef00000 rw-p 00000000 00:00 0          [stack:11732]
6ef00000-6ef21000 rw-p 00000000 00:00 0 
6ef21000-6f000000 ---p 00000000 00:00 0 
6f002000-6f067000 rw-p 00000000 00:00 0 
6f067000-6f068000 ---p 00000000 00:00 0 
6f068000-6f0e8000 rw-p 00000000 00:00 0          [stack:11731]
6f0e8000-6f0e9000 ---p 00000000 00:00 0 
6f0e9000-6f171000 rw-p 00000000 00:00 0          [stack:11730]
6f171000-6f189000 rw-p 00000000 00:00 0 
6f189000-6f19d000 rw-p 00000000 00:00 0 
6f19d000-6f2df000 rw-p 00000000 00:00 0 
6f2df000-6f2e7000 rw-p 00000000 00:00 0 
6f2e7000-6f2ff000 rw-p 00000000 00:00 0 
6f2ff000-6f313000 rw-p 00000000 00:00 0 
6f313000-6f454000 rw-p 00000000 00:00 0 
6f454000-6f466000 rw-p 00000000 00:00 0 
6f466000-6f4ff000 rw-p 00000000 00:00 0 
6f4ff000-70500000 rw-p 00000000 00:00 0 
70500000-73500000 rw-p 00000000 00:00 0 
73500000-75bc0000 rw-p 00000000 00:00 0 
75bc0000-9df80000 rw-p 00000000 00:00 0 
9df80000-a0200000 rw-p 00000000 00:00 0 
a3364000-a3580000 rw-p 00000000 00:00 0 
a3580000-b3500000 rw-p 00000000 00:00 0 
b3500000-b350e000 r-xp 00000000 08:04 404381     /usr/lib/jvm/java-7-oracle/jre/lib/i386/libnio.so
b350e000-b350f000 rw-p 0000e000 08:04 404381     /usr/lib/jvm/java-7-oracle/jre/lib/i386/libnio.so
b350f000-b3518000 rw-p 00000000 00:00 0 
b3518000-b35cf000 rw-p 00000000 00:00 0 
b35cf000-b380f000 rwxp 00000000 00:00 0 
b380f000-b65cf000 rw-p 00000000 00:00 0 
b65cf000-b65e6000 r-xp 00000000 08:04 404437     /usr/lib/jvm/java-7-oracle/jre/lib/i386/libzip.so
b65e6000-b65e7000 rw-p 00017000 08:04 404437     /usr/lib/jvm/java-7-oracle/jre/lib/i386/libzip.so
b65e7000-b65f2000 r-xp 00000000 08:04 527082     /lib/i386-linux-gnu/libnss_files-2.19.so
b65f2000-b65f3000 r--p 0000a000 08:04 527082     /lib/i386-linux-gnu/libnss_files-2.19.so
b65f3000-b65f4000 rw-p 0000b000 08:04 527082     /lib/i386-linux-gnu/libnss_files-2.19.so
b65f4000-b65fe000 r-xp 00000000 08:04 527068     /lib/i386-linux-gnu/libnss_nis-2.19.so
b65fe000-b65ff000 r--p 00009000 08:04 527068     /lib/i386-linux-gnu/libnss_nis-2.19.so
b65ff000-b6600000 rw-p 0000a000 08:04 527068     /lib/i386-linux-gnu/libnss_nis-2.19.so
b6600000-b66f6000 rw-p 00000000 00:00 0 
b66f6000-b6700000 ---p 00000000 00:00 0 
b670a000-b671f000 r-xp 00000000 08:04 527069     /lib/i386-linux-gnu/libnsl-2.19.so
b671f000-b6720000 r--p 00015000 08:04 527069     /lib/i386-linux-gnu/libnsl-2.19.so
b6720000-b6721000 rw-p 00016000 08:04 527069     /lib/i386-linux-gnu/libnsl-2.19.so
b6721000-b6723000 rw-p 00000000 00:00 0 
b6729000-b672a000 rw-p 00000000 00:00 0 
b672a000-b6739000 r--s 000dd000 08:04 3021049    /home/shauna/Android/Sdk/build-tools/22.0.1/lib/dx.jar
b6739000-b6741000 rw-s 00000000 08:04 2617129    /tmp/hsperfdata_shauna/11724
b6741000-b6764000 r-xp 00000000 08:04 404392     /usr/lib/jvm/java-7-oracle/jre/lib/i386/libjava.so
b6764000-b6765000 rw-p 00023000 08:04 404392     /usr/lib/jvm/java-7-oracle/jre/lib/i386/libjava.so
b6765000-b676c000 r-xp 00000000 08:04 527083     /lib/i386-linux-gnu/librt-2.19.so
b676c000-b676d000 r--p 00006000 08:04 527083     /lib/i386-linux-gnu/librt-2.19.so
b676d000-b676e000 rw-p 00007000 08:04 527083     /lib/i386-linux-gnu/librt-2.19.so
b676e000-b6771000 ---p 00000000 00:00 0 
b6771000-b67bf000 rw-p 00000000 00:00 0          [stack:11729]
b67bf000-b6803000 r-xp 00000000 08:04 527073     /lib/i386-linux-gnu/libm-2.19.so
b6803000-b6804000 r--p 00043000 08:04 527073     /lib/i386-linux-gnu/libm-2.19.so
b6804000-b6805000 rw-p 00044000 08:04 527073     /lib/i386-linux-gnu/libm-2.19.so
b6805000-b708a000 r-xp 00000000 08:04 404427     /usr/lib/jvm/java-7-oracle/jre/lib/i386/server/libjvm.so
b708a000-b70ee000 rw-p 00884000 08:04 404427     /usr/lib/jvm/java-7-oracle/jre/lib/i386/server/libjvm.so
b70ee000-b7512000 rw-p 00000000 00:00 0 
b7512000-b76ba000 r-xp 00000000 08:04 527065     /lib/i386-linux-gnu/libc-2.19.so
b76ba000-b76bc000 r--p 001a8000 08:04 527065     /lib/i386-linux-gnu/libc-2.19.so
b76bc000-b76bd000 rw-p 001aa000 08:04 527065     /lib/i386-linux-gnu/libc-2.19.so
b76bd000-b76c0000 rw-p 00000000 00:00 0 
b76c0000-b76c3000 r-xp 00000000 08:04 527066     /lib/i386-linux-gnu/libdl-2.19.so
b76c3000-b76c4000 r--p 00002000 08:04 527066     /lib/i386-linux-gnu/libdl-2.19.so
b76c4000-b76c5000 rw-p 00003000 08:04 527066     /lib/i386-linux-gnu/libdl-2.19.so
b76c5000-b76c6000 rw-p 00000000 00:00 0 
b76c6000-b76d9000 r-xp 00000000 08:04 395898     /usr/lib/jvm/java-7-oracle/lib/i386/jli/libjli.so
b76d9000-b76da000 rw-p 00012000 08:04 395898     /usr/lib/jvm/java-7-oracle/lib/i386/jli/libjli.so
b76da000-b76f2000 r-xp 00000000 08:04 527078     /lib/i386-linux-gnu/libpthread-2.19.so
b76f2000-b76f3000 r--p 00018000 08:04 527078     /lib/i386-linux-gnu/libpthread-2.19.so
b76f3000-b76f4000 rw-p 00019000 08:04 527078     /lib/i386-linux-gnu/libpthread-2.19.so
b76f4000-b76f7000 rw-p 00000000 00:00 0 
b76f7000-b76fc000 r--s 0008a000 08:04 404482     /usr/lib/jvm/java-7-oracle/jre/lib/jsse.jar
b76fc000-b76fd000 r--p 002c5000 08:04 264993     /usr/lib/locale/locale-archive
b76fd000-b7704000 r-xp 00000000 08:04 527074     /lib/i386-linux-gnu/libnss_compat-2.19.so
b7704000-b7705000 r--p 00006000 08:04 527074     /lib/i386-linux-gnu/libnss_compat-2.19.so
b7705000-b7706000 rw-p 00007000 08:04 527074     /lib/i386-linux-gnu/libnss_compat-2.19.so
b7706000-b7707000 rw-p 00000000 00:00 0 
b7707000-b7708000 ---p 00000000 00:00 0 
b7708000-b7713000 r-xp 00000000 08:04 404396     /usr/lib/jvm/java-7-oracle/jre/lib/i386/libverify.so
b7713000-b7714000 rw-p 0000b000 08:04 404396     /usr/lib/jvm/java-7-oracle/jre/lib/i386/libverify.so
b7714000-b7716000 rw-p 00000000 00:00 0 
b7716000-b7717000 r-xp 00000000 00:00 0          [vdso]
b7717000-b7737000 r-xp 00000000 08:04 527067     /lib/i386-linux-gnu/ld-2.19.so
b7737000-b7738000 r--p 0001f000 08:04 527067     /lib/i386-linux-gnu/ld-2.19.so
b7738000-b7739000 rw-p 00020000 08:04 527067     /lib/i386-linux-gnu/ld-2.19.so
bf9f7000-bf9f8000 rwxp 00000000 00:00 0 
bfa29000-bfa4b000 rw-p 00000000 00:00 0          [stack]

VM Arguments:
jvm_args: -Xmx1024M -Dfile.encoding=UTF-8 -Duser.country=US -Duser.language=en -Duser.variant 
java_command: com.android.dx.command.Main --dex --output /home/shauna/Desktop/shared/git/public-misc/smalltalk-mobile/smalltalk/app/build/intermediates/dex/debug /home/shauna/Desktop/shared/git/public-misc/smalltalk-mobile/smalltalk/app/build/intermediates/classes/debug /home/shauna/Desktop/shared/git/public-misc/smalltalk-mobile/smalltalk/app/build/intermediates/pre-dexed/debug/support-annotations-22.2.1-179610870c06c5d131779ba1552f844db69d188c.jar /home/shauna/Desktop/shared/git/public-misc/smalltalk-mobile/smalltalk/app/build/intermediates/pre-dexed/debug/internal_impl-22.2.1-5e084960364880096d2c7804bb4563600a46c017.jar /home/shauna/Desktop/shared/git/public-misc/smalltalk-mobile/smalltalk/app/build/intermediates/pre-dexed/debug/classes-51f3b8a6f290cedcd83c64115c1c77d425f8f8b8.jar /home/shauna/Desktop/shared/git/public-misc/smalltalk-mobile/smalltalk/app/build/intermediates/pre-dexed/debug/classes-bc79ea749cc84966ba1eadb26f5e8de5afcfa590.jar
Launcher Type: SUN_STANDARD

Environment Variables:
PATH=/usr/local/Android/Sdk/platform-tools:/usr/local/Android/Sdk/tools:/usr/local/heroku/bin:/usr/local/Android/Sdk/platform-tools:/usr/local/Android/Sdk/tools:/home/shauna/bin:/usr/local/sbin:/usr/local/bin:/usr/sbin:/usr/bin:/sbin:/bin:/usr/games:/usr/local/games
LD_LIBRARY_PATH=.:
SHELL=/bin/bash
DISPLAY=:0

Signal Handlers:
SIGSEGV: [libjvm.so+0x7e9580], sa_mask[0]=0x7ffbfeff, sa_flags=0x10000004
SIGBUS: [libjvm.so+0x7e9580], sa_mask[0]=0x7ffbfeff, sa_flags=0x10000004
SIGFPE: [libjvm.so+0x682680], sa_mask[0]=0x7ffbfeff, sa_flags=0x10000004
SIGPIPE: [libjvm.so+0x682680], sa_mask[0]=0x7ffbfeff, sa_flags=0x10000004
SIGXFSZ: [libjvm.so+0x682680], sa_mask[0]=0x7ffbfeff, sa_flags=0x10000004
SIGILL: [libjvm.so+0x682680], sa_mask[0]=0x7ffbfeff, sa_flags=0x10000004
SIGUSR1: SIG_DFL, sa_mask[0]=0x00000000, sa_flags=0x00000000
SIGUSR2: [libjvm.so+0x683e80], sa_mask[0]=0x00000004, sa_flags=0x10000004
SIGHUP: [libjvm.so+0x6851b0], sa_mask[0]=0x7ffbfeff, sa_flags=0x10000004
SIGINT: [libjvm.so+0x6851b0], sa_mask[0]=0x7ffbfeff, sa_flags=0x10000004
SIGTERM: [libjvm.so+0x6851b0], sa_mask[0]=0x7ffbfeff, sa_flags=0x10000004
SIGQUIT: [libjvm.so+0x6851b0], sa_mask[0]=0x7ffbfeff, sa_flags=0x10000004


---------------  S Y S T E M  ---------------

OS:jessie/sid

uname:Linux 3.13.0-39-generic #66-Ubuntu SMP Tue Oct 28 13:31:23 UTC 2014 i686
libc:glibc 2.19 NPTL 2.19 
rlimit: STACK 8192k, CORE 0k, NPROC 29729, NOFILE 4096, AS infinity
load average:0.99 0.92 0.87

/proc/meminfo:
MemTotal:        3824608 kB
MemFree:          198484 kB
Buffers:            5924 kB
Cached:           367072 kB
SwapCached:            0 kB
Active:          3166384 kB
Inactive:         325072 kB
Active(anon):    3121736 kB
Inactive(anon):   289348 kB
Active(file):      44648 kB
Inactive(file):    35724 kB
Unevictable:         176 kB
Mlocked:             176 kB
HighTotal:       2971844 kB
HighFree:          37292 kB
LowTotal:         852764 kB
LowFree:          161192 kB
SwapTotal:             0 kB
SwapFree:              0 kB
Dirty:              1192 kB
Writeback:             0 kB
AnonPages:       3118960 kB
Mapped:            94708 kB
Shmem:            292568 kB
Slab:              51520 kB
SReclaimable:      21656 kB
SUnreclaim:        29864 kB
KernelStack:        6264 kB
PageTables:        18264 kB
NFS_Unstable:          0 kB
Bounce:                0 kB
WritebackTmp:          0 kB
CommitLimit:     1912304 kB
Committed_AS:    8357176 kB
VmallocTotal:     122880 kB
VmallocUsed:       17900 kB
VmallocChunk:      51548 kB
HardwareCorrupted:     0 kB
AnonHugePages:    569344 kB
HugePages_Total:       0
HugePages_Free:        0
HugePages_Rsvd:        0
HugePages_Surp:        0
Hugepagesize:       2048 kB
DirectMap4k:       24568 kB
DirectMap2M:      886784 kB


CPU:total 4 (2 cores per cpu, 2 threads per core) family 6 model 58 stepping 9, cmov, cx8, fxsr, mmx, sse, sse2, sse3, ssse3, sse4.1, sse4.2, popcnt, avx, aes, erms, ht, tsc, tscinvbit, tscinv

/proc/cpuinfo:
processor	: 0
vendor_id	: GenuineIntel
cpu family	: 6
model		: 58
model name	: Intel(R) Core(TM) i5-3320M CPU @ 2.60GHz
stepping	: 9
microcode	: 0x13
cpu MHz		: 1200.000
cache size	: 3072 KB
physical id	: 0
siblings	: 4
core id		: 0
cpu cores	: 2
apicid		: 0
initial apicid	: 0
fdiv_bug	: no
f00f_bug	: no
coma_bug	: no
fpu		: yes
fpu_exception	: yes
cpuid level	: 13
wp		: yes
flags		: fpu vme de pse tsc msr pae mce cx8 apic sep mtrr pge mca cmov pat pse36 clflush dts acpi mmx fxsr sse sse2 ss ht tm pbe nx rdtscp lm constant_tsc arch_perfmon pebs bts xtopology nonstop_tsc aperfmperf eagerfpu pni pclmulqdq dtes64 monitor ds_cpl vmx smx est tm2 ssse3 cx16 xtpr pdcm pcid sse4_1 sse4_2 x2apic popcnt tsc_deadline_timer aes xsave avx f16c rdrand lahf_lm ida arat epb xsaveopt pln pts dtherm tpr_shadow vnmi flexpriority ept vpid fsgsbase smep erms
bogomips	: 5188.07
clflush size	: 64
cache_alignment	: 64
address sizes	: 36 bits physical, 48 bits virtual
power management:

processor	: 1
vendor_id	: GenuineIntel
cpu family	: 6
model		: 58
model name	: Intel(R) Core(TM) i5-3320M CPU @ 2.60GHz
stepping	: 9
microcode	: 0x13
cpu MHz		: 1200.000
cache size	: 3072 KB
physical id	: 0
siblings	: 4
core id		: 0
cpu cores	: 2
apicid		: 1
initial apicid	: 1
fdiv_bug	: no
f00f_bug	: no
coma_bug	: no
fpu		: yes
fpu_exception	: yes
cpuid level	: 13
wp		: yes
flags		: fpu vme de pse tsc msr pae mce cx8 apic sep mtrr pge mca cmov pat pse36 clflush dts acpi mmx fxsr sse sse2 ss ht tm pbe nx rdtscp lm constant_tsc arch_perfmon pebs bts xtopology nonstop_tsc aperfmperf eagerfpu pni pclmulqdq dtes64 monitor ds_cpl vmx smx est tm2 ssse3 cx16 xtpr pdcm pcid sse4_1 sse4_2 x2apic popcnt tsc_deadline_timer aes xsave avx f16c rdrand lahf_lm ida arat epb xsaveopt pln pts dtherm tpr_shadow vnmi flexpriority ept vpid fsgsbase smep erms
bogomips	: 5188.07
clflush size	: 64
cache_alignment	: 64
address sizes	: 36 bits physical, 48 bits virtual
power management:

processor	: 2
vendor_id	: GenuineIntel
cpu family	: 6
model		: 58
model name	: Intel(R) Core(TM) i5-3320M CPU @ 2.60GHz
stepping	: 9
microcode	: 0x13
cpu MHz		: 1800.000
cache size	: 3072 KB
physical id	: 0
siblings	: 4
core id		: 1
cpu cores	: 2
apicid		: 2
initial apicid	: 2
fdiv_bug	: no
f00f_bug	: no
coma_bug	: no
fpu		: yes
fpu_exception	: yes
cpuid level	: 13
wp		: yes
flags		: fpu vme de pse tsc msr pae mce cx8 apic sep mtrr pge mca cmov pat pse36 clflush dts acpi mmx fxsr sse sse2 ss ht tm pbe nx rdtscp lm constant_tsc arch_perfmon pebs bts xtopology nonstop_tsc aperfmperf eagerfpu pni pclmulqdq dtes64 monitor ds_cpl vmx smx est tm2 ssse3 cx16 xtpr pdcm pcid sse4_1 sse4_2 x2apic popcnt tsc_deadline_timer aes xsave avx f16c rdrand lahf_lm ida arat epb xsaveopt pln pts dtherm tpr_shadow vnmi flexpriority ept vpid fsgsbase smep erms
bogomips	: 5188.07
clflush size	: 64
cache_alignment	: 64
address sizes	: 36 bits physical, 48 bits virtual
power management:

processor	: 3
vendor_id	: GenuineIntel
cpu family	: 6
model		: 58
model name	: Intel(R) Core(TM) i5-3320M CPU @ 2.60GHz
stepping	: 9
microcode	: 0x13
cpu MHz		: 2500.000
cache size	: 3072 KB
physical id	: 0
siblings	: 4
core id		: 1
cpu cores	: 2
apicid		: 3
initial apicid	: 3
fdiv_bug	: no
f00f_bug	: no
coma_bug	: no
fpu		: yes
fpu_exception	: yes
cpuid level	: 13
wp		: yes
flags		: fpu vme de pse tsc msr pae mce cx8 apic sep mtrr pge mca cmov pat pse36 clflush dts acpi mmx fxsr sse sse2 ss ht tm pbe nx rdtscp lm constant_tsc arch_perfmon pebs bts xtopology nonstop_tsc aperfmperf eagerfpu pni pclmulqdq dtes64 monitor ds_cpl vmx smx est tm2 ssse3 cx16 xtpr pdcm pcid sse4_1 sse4_2 x2apic popcnt tsc_deadline_timer aes xsave avx f16c rdrand lahf_lm ida arat epb xsaveopt pln pts dtherm tpr_shadow vnmi flexpriority ept vpid fsgsbase smep erms
bogomips	: 5188.07
clflush size	: 64
cache_alignment	: 64
address sizes	: 36 bits physical, 48 bits virtual
power management:



Memory: 4k page, physical 3824608k(198484k free), swap 0k(0k free)

vm_info: Java HotSpot(TM) Server VM (24.72-b04) for linux-x86 JRE (1.7.0_72-b14), built on Sep 26 2014 19:38:09 by "java_re" with gcc 4.3.0 20080428 (Red Hat 4.3.0-8)

time: Thu Aug 27 16:30:32 2015
elapsed time: 2 seconds

