#
# There is insufficient memory for the Java Runtime Environment to continue.
# Native memory allocation (malloc) failed to allocate 40632320 bytes for committing reserved memory.
# Possible reasons:
#   The system is out of physical RAM or swap space
#   In 32 bit mode, the process size limit was hit
# Possible solutions:
#   Reduce memory load on the system
#   Increase physical memory or swap space
#   Check if swap backing store is full
#   Use 64 bit Java on a 64 bit OS
#   Decrease Java heap size (-Xmx/-Xms)
#   Decrease number of Java threads
#   Decrease Java thread stack sizes (-Xss)
#   Set larger code cache with -XX:ReservedCodeCacheSize=
# This output file may be truncated or incomplete.
#
#  Out of Memory Error (os_linux.cpp:2756), pid=16186, tid=3061504832
#
# JRE version:  (7.0_72-b14) (build )
# Java VM: Java HotSpot(TM) Server VM (24.72-b04 mixed mode linux-x86 )
# Failed to write core dump. Core dumps have been disabled. To enable core dumping, try "ulimit -c unlimited" before starting Java again
#

---------------  T H R E A D  ---------------

Current thread (0xb6607c00):  JavaThread "Unknown thread" [_thread_in_vm, id=16191, stack(0xb675d000,0xb67ae000)]

Stack: [0xb675d000,0xb67ae000],  sp=0xb67acb20,  free space=318k
Native frames: (J=compiled Java code, j=interpreted, Vv=VM code, C=native code)
V  [libjvm.so+0x7e8a76]  VMError::report_and_die()+0x1a6
V  [libjvm.so+0x33d9e2]  report_vm_out_of_memory(char const*, int, unsigned int, char const*)+0x72
V  [libjvm.so+0x685b01]  os::Linux::commit_memory_impl(char*, unsigned int, bool)+0xe1
V  [libjvm.so+0x685fc8]  os::pd_commit_memory(char*, unsigned int, unsigned int, bool)+0x28
V  [libjvm.so+0x67f70c]  os::commit_memory(char*, unsigned int, unsigned int, bool)+0x2c
V  [libjvm.so+0x6e9368]  PSVirtualSpace::expand_by(unsigned int)+0x48
V  [libjvm.so+0x6db18d]  PSOldGen::initialize(ReservedSpace, unsigned int, char const*, int)+0x7d
V  [libjvm.so+0x187a36]  AdjoiningGenerations::AdjoiningGenerations(ReservedSpace, unsigned int, unsigned int, unsigned int, unsigned int, unsigned int, unsigned int, unsigned int)+0x2a6
V  [libjvm.so+0x6a4d14]  ParallelScavengeHeap::initialize()+0x3b4
V  [libjvm.so+0x7bb784]  Universe::initialize_heap()+0xa4
V  [libjvm.so+0x7bcdb5]  universe_init()+0x55
V  [libjvm.so+0x450d05]  init_globals()+0x55
V  [libjvm.so+0x7a59c0]  Threads::create_vm(JavaVMInitArgs*, bool*)+0x200
V  [libjvm.so+0x4c3a2c]  JNI_CreateJavaVM+0x5c
C  [libjli.so+0x2668]  JavaMain+0x98
C  [libpthread.so.0+0x6f70]  start_thread+0xd0


---------------  P R O C E S S  ---------------

Java Threads: ( => current thread )

Other Threads:

=>0xb6607c00 (exited) JavaThread "Unknown thread" [_thread_in_vm, id=16191, stack(0xb675d000,0xb67ae000)]

VM state:not at safepoint (not fully initialized)

VM Mutex/Monitor currently owned by a thread: None

GC Heap History (0 events):
No events

Deoptimization events (0 events):
No events

Internal exceptions (0 events):
No events

Events (0 events):
No events


Dynamic libraries:
08048000-08049000 r-xp 00000000 08:04 405196     /usr/lib/jvm/java-7-oracle/bin/java
08049000-0804a000 rw-p 00000000 08:04 405196     /usr/lib/jvm/java-7-oracle/bin/java
0904c000-0906d000 rw-p 00000000 00:00 0          [heap]
6f2df000-6f454000 rw-p 00000000 00:00 0 
6f454000-6f45e000 rw-p 00000000 00:00 0 
6f45e000-6f4ff000 rw-p 00000000 00:00 0 
6f4ff000-6f500000 rw-p 00000000 00:00 0 
6f500000-73500000 rw-p 00000000 00:00 0 
759a4000-75bc0000 rw-p 00000000 00:00 0 
75bc0000-9df80000 rw-p 00000000 00:00 0 
9df80000-9f300000 rw-p 00000000 00:00 0 
9f300000-b3500000 rw-p 00000000 00:00 0 
b3502000-b350b000 rw-p 00000000 00:00 0 
b350b000-b35c2000 rw-p 00000000 00:00 0 
b35c2000-b3802000 rwxp 00000000 00:00 0 
b3802000-b65c2000 rw-p 00000000 00:00 0 
b65c2000-b65d9000 r-xp 00000000 08:04 404437     /usr/lib/jvm/java-7-oracle/jre/lib/i386/libzip.so
b65d9000-b65da000 rw-p 00017000 08:04 404437     /usr/lib/jvm/java-7-oracle/jre/lib/i386/libzip.so
b65da000-b65e5000 r-xp 00000000 08:04 527082     /lib/i386-linux-gnu/libnss_files-2.19.so
b65e5000-b65e6000 r--p 0000a000 08:04 527082     /lib/i386-linux-gnu/libnss_files-2.19.so
b65e6000-b65e7000 rw-p 0000b000 08:04 527082     /lib/i386-linux-gnu/libnss_files-2.19.so
b65e7000-b65fc000 r-xp 00000000 08:04 527069     /lib/i386-linux-gnu/libnsl-2.19.so
b65fc000-b65fd000 r--p 00015000 08:04 527069     /lib/i386-linux-gnu/libnsl-2.19.so
b65fd000-b65fe000 rw-p 00016000 08:04 527069     /lib/i386-linux-gnu/libnsl-2.19.so
b65fe000-b6600000 rw-p 00000000 00:00 0 
b6600000-b6621000 rw-p 00000000 00:00 0 
b6621000-b6700000 ---p 00000000 00:00 0 
b6706000-b6710000 r-xp 00000000 08:04 527068     /lib/i386-linux-gnu/libnss_nis-2.19.so
b6710000-b6711000 r--p 00009000 08:04 527068     /lib/i386-linux-gnu/libnss_nis-2.19.so
b6711000-b6712000 rw-p 0000a000 08:04 527068     /lib/i386-linux-gnu/libnss_nis-2.19.so
b6728000-b6730000 rw-s 00000000 08:04 2621278    /tmp/hsperfdata_shauna/16186
b6730000-b6753000 r-xp 00000000 08:04 404392     /usr/lib/jvm/java-7-oracle/jre/lib/i386/libjava.so
b6753000-b6754000 rw-p 00023000 08:04 404392     /usr/lib/jvm/java-7-oracle/jre/lib/i386/libjava.so
b6754000-b675b000 r-xp 00000000 08:04 527083     /lib/i386-linux-gnu/librt-2.19.so
b675b000-b675c000 r--p 00006000 08:04 527083     /lib/i386-linux-gnu/librt-2.19.so
b675c000-b675d000 rw-p 00007000 08:04 527083     /lib/i386-linux-gnu/librt-2.19.so
b675d000-b6760000 ---p 00000000 00:00 0 
b6760000-b67ae000 rw-p 00000000 00:00 0          [stack:16191]
b67ae000-b67f2000 r-xp 00000000 08:04 527073     /lib/i386-linux-gnu/libm-2.19.so
b67f2000-b67f3000 r--p 00043000 08:04 527073     /lib/i386-linux-gnu/libm-2.19.so
b67f3000-b67f4000 rw-p 00044000 08:04 527073     /lib/i386-linux-gnu/libm-2.19.so
b67f4000-b7079000 r-xp 00000000 08:04 404427     /usr/lib/jvm/java-7-oracle/jre/lib/i386/server/libjvm.so
b7079000-b70dd000 rw-p 00884000 08:04 404427     /usr/lib/jvm/java-7-oracle/jre/lib/i386/server/libjvm.so
b70dd000-b7501000 rw-p 00000000 00:00 0 
b7501000-b76a9000 r-xp 00000000 08:04 527065     /lib/i386-linux-gnu/libc-2.19.so
b76a9000-b76ab000 r--p 001a8000 08:04 527065     /lib/i386-linux-gnu/libc-2.19.so
b76ab000-b76ac000 rw-p 001aa000 08:04 527065     /lib/i386-linux-gnu/libc-2.19.so
b76ac000-b76af000 rw-p 00000000 00:00 0 
b76af000-b76b2000 r-xp 00000000 08:04 527066     /lib/i386-linux-gnu/libdl-2.19.so
b76b2000-b76b3000 r--p 00002000 08:04 527066     /lib/i386-linux-gnu/libdl-2.19.so
b76b3000-b76b4000 rw-p 00003000 08:04 527066     /lib/i386-linux-gnu/libdl-2.19.so
b76b4000-b76b5000 rw-p 00000000 00:00 0 
b76b5000-b76c8000 r-xp 00000000 08:04 395898     /usr/lib/jvm/java-7-oracle/lib/i386/jli/libjli.so
b76c8000-b76c9000 rw-p 00012000 08:04 395898     /usr/lib/jvm/java-7-oracle/lib/i386/jli/libjli.so
b76c9000-b76e1000 r-xp 00000000 08:04 527078     /lib/i386-linux-gnu/libpthread-2.19.so
b76e1000-b76e2000 r--p 00018000 08:04 527078     /lib/i386-linux-gnu/libpthread-2.19.so
b76e2000-b76e3000 rw-p 00019000 08:04 527078     /lib/i386-linux-gnu/libpthread-2.19.so
b76e3000-b76e5000 rw-p 00000000 00:00 0 
b76e9000-b76ec000 rw-p 00000000 00:00 0 
b76ec000-b76f3000 r-xp 00000000 08:04 527074     /lib/i386-linux-gnu/libnss_compat-2.19.so
b76f3000-b76f4000 r--p 00006000 08:04 527074     /lib/i386-linux-gnu/libnss_compat-2.19.so
b76f4000-b76f5000 rw-p 00007000 08:04 527074     /lib/i386-linux-gnu/libnss_compat-2.19.so
b76f5000-b76f6000 rw-p 00000000 00:00 0 
b76f6000-b76f7000 r--p 00000000 00:00 0 
b76f7000-b7702000 r-xp 00000000 08:04 404396     /usr/lib/jvm/java-7-oracle/jre/lib/i386/libverify.so
b7702000-b7703000 rw-p 0000b000 08:04 404396     /usr/lib/jvm/java-7-oracle/jre/lib/i386/libverify.so
b7703000-b7705000 rw-p 00000000 00:00 0 
b7705000-b7706000 r-xp 00000000 00:00 0          [vdso]
b7706000-b7726000 r-xp 00000000 08:04 527067     /lib/i386-linux-gnu/ld-2.19.so
b7726000-b7727000 r--p 0001f000 08:04 527067     /lib/i386-linux-gnu/ld-2.19.so
b7727000-b7728000 rw-p 00020000 08:04 527067     /lib/i386-linux-gnu/ld-2.19.so
bfb8c000-bfb8d000 rwxp 00000000 00:00 0 
bfbbe000-bfbe0000 rw-p 00000000 00:00 0          [stack]

VM Arguments:
jvm_args: -Xmx1024M -Dfile.encoding=UTF-8 -Duser.country=US -Duser.language=en -Duser.variant 
java_command: com.android.dx.command.Main --dex --output /home/shauna/Desktop/shared/git/public-misc/smalltalk-mobile/smalltalk/app/build/intermediates/dex/debug /home/shauna/Desktop/shared/git/public-misc/smalltalk-mobile/smalltalk/app/build/intermediates/classes/debug /home/shauna/Desktop/shared/git/public-misc/smalltalk-mobile/smalltalk/app/build/intermediates/pre-dexed/debug/support-annotations-22.2.1-179610870c06c5d131779ba1552f844db69d188c.jar /home/shauna/Desktop/shared/git/public-misc/smalltalk-mobile/smalltalk/app/build/intermediates/pre-dexed/debug/internal_impl-22.2.1-5e084960364880096d2c7804bb4563600a46c017.jar /home/shauna/Desktop/shared/git/public-misc/smalltalk-mobile/smalltalk/app/build/intermediates/pre-dexed/debug/classes-51f3b8a6f290cedcd83c64115c1c77d425f8f8b8.jar /home/shauna/Desktop/shared/git/public-misc/smalltalk-mobile/smalltalk/app/build/intermediates/pre-dexed/debug/classes-bc79ea749cc84966ba1eadb26f5e8de5afcfa590.jar
Launcher Type: SUN_STANDARD

Environment Variables:
PATH=/usr/local/Android/Sdk/platform-tools:/usr/local/Android/Sdk/tools:/usr/local/heroku/bin:/usr/local/Android/Sdk/platform-tools:/usr/local/Android/Sdk/tools:/home/shauna/bin:/usr/local/sbin:/usr/local/bin:/usr/sbin:/usr/bin:/sbin:/bin:/usr/games:/usr/local/games
LD_LIBRARY_PATH=.:
SHELL=/bin/bash
DISPLAY=:0

Signal Handlers:
SIGSEGV: [libjvm.so+0x7e9580], sa_mask[0]=0x7ffbfeff, sa_flags=0x10000004
SIGBUS: [libjvm.so+0x7e9580], sa_mask[0]=0x7ffbfeff, sa_flags=0x10000004
SIGFPE: [libjvm.so+0x682680], sa_mask[0]=0x7ffbfeff, sa_flags=0x10000004
SIGPIPE: [libjvm.so+0x682680], sa_mask[0]=0x7ffbfeff, sa_flags=0x10000004
SIGXFSZ: [libjvm.so+0x682680], sa_mask[0]=0x7ffbfeff, sa_flags=0x10000004
SIGILL: [libjvm.so+0x682680], sa_mask[0]=0x7ffbfeff, sa_flags=0x10000004
SIGUSR1: SIG_DFL, sa_mask[0]=0x00000000, sa_flags=0x00000000
SIGUSR2: [libjvm.so+0x683e80], sa_mask[0]=0x00000004, sa_flags=0x10000004
SIGHUP: SIG_DFL, sa_mask[0]=0x00000000, sa_flags=0x00000000
SIGINT: SIG_DFL, sa_mask[0]=0x00000000, sa_flags=0x00000000
SIGTERM: SIG_DFL, sa_mask[0]=0x00000000, sa_flags=0x00000000
SIGQUIT: SIG_DFL, sa_mask[0]=0x00000000, sa_flags=0x00000000


---------------  S Y S T E M  ---------------

OS:jessie/sid

uname:Linux 3.13.0-39-generic #66-Ubuntu SMP Tue Oct 28 13:31:23 UTC 2014 i686
libc:glibc 2.19 NPTL 2.19 
rlimit: STACK 8192k, CORE 0k, NPROC 29729, NOFILE 4096, AS infinity
load average:2.02 1.64 1.15

/proc/meminfo:
MemTotal:        3824608 kB
MemFree:          217676 kB
Buffers:            4792 kB
Cached:           377284 kB
SwapCached:            0 kB
Active:          3098104 kB
Inactive:         357180 kB
Active(anon):    3077724 kB
Inactive(anon):   340460 kB
Active(file):      20380 kB
Inactive(file):    16720 kB
Unevictable:         160 kB
Mlocked:             160 kB
HighTotal:       2971844 kB
HighFree:          59508 kB
LowTotal:         852764 kB
LowFree:          158168 kB
SwapTotal:             0 kB
SwapFree:              0 kB
Dirty:                64 kB
Writeback:             0 kB
AnonPages:       3074024 kB
Mapped:           117168 kB
Shmem:            344352 kB
Slab:              53028 kB
SReclaimable:      22708 kB
SUnreclaim:        30320 kB
KernelStack:        6560 kB
PageTables:        19632 kB
NFS_Unstable:          0 kB
Bounce:                0 kB
WritebackTmp:          0 kB
CommitLimit:     1912304 kB
Committed_AS:    8767732 kB
VmallocTotal:     122880 kB
VmallocUsed:       18112 kB
VmallocChunk:      77500 kB
HardwareCorrupted:     0 kB
AnonHugePages:    788480 kB
HugePages_Total:       0
HugePages_Free:        0
HugePages_Rsvd:        0
HugePages_Surp:        0
Hugepagesize:       2048 kB
DirectMap4k:       22520 kB
DirectMap2M:      888832 kB


CPU:total 4 (2 cores per cpu, 2 threads per core) family 6 model 58 stepping 9, cmov, cx8, fxsr, mmx, sse, sse2, sse3, ssse3, sse4.1, sse4.2, popcnt, avx, aes, erms, ht, tsc, tscinvbit, tscinv

/proc/cpuinfo:
processor	: 0
vendor_id	: GenuineIntel
cpu family	: 6
model		: 58
model name	: Intel(R) Core(TM) i5-3320M CPU @ 2.60GHz
stepping	: 9
microcode	: 0x13
cpu MHz		: 2601.000
cache size	: 3072 KB
physical id	: 0
siblings	: 4
core id		: 0
cpu cores	: 2
apicid		: 0
initial apicid	: 0
fdiv_bug	: no
f00f_bug	: no
coma_bug	: no
fpu		: yes
fpu_exception	: yes
cpuid level	: 13
wp		: yes
flags		: fpu vme de pse tsc msr pae mce cx8 apic sep mtrr pge mca cmov pat pse36 clflush dts acpi mmx fxsr sse sse2 ss ht tm pbe nx rdtscp lm constant_tsc arch_perfmon pebs bts xtopology nonstop_tsc aperfmperf eagerfpu pni pclmulqdq dtes64 monitor ds_cpl vmx smx est tm2 ssse3 cx16 xtpr pdcm pcid sse4_1 sse4_2 x2apic popcnt tsc_deadline_timer aes xsave avx f16c rdrand lahf_lm ida arat epb xsaveopt pln pts dtherm tpr_shadow vnmi flexpriority ept vpid fsgsbase smep erms
bogomips	: 5188.12
clflush size	: 64
cache_alignment	: 64
address sizes	: 36 bits physical, 48 bits virtual
power management:

processor	: 1
vendor_id	: GenuineIntel
cpu family	: 6
model		: 58
model name	: Intel(R) Core(TM) i5-3320M CPU @ 2.60GHz
stepping	: 9
microcode	: 0x13
cpu MHz		: 2601.000
cache size	: 3072 KB
physical id	: 0
siblings	: 4
core id		: 0
cpu cores	: 2
apicid		: 1
initial apicid	: 1
fdiv_bug	: no
f00f_bug	: no
coma_bug	: no
fpu		: yes
fpu_exception	: yes
cpuid level	: 13
wp		: yes
flags		: fpu vme de pse tsc msr pae mce cx8 apic sep mtrr pge mca cmov pat pse36 clflush dts acpi mmx fxsr sse sse2 ss ht tm pbe nx rdtscp lm constant_tsc arch_perfmon pebs bts xtopology nonstop_tsc aperfmperf eagerfpu pni pclmulqdq dtes64 monitor ds_cpl vmx smx est tm2 ssse3 cx16 xtpr pdcm pcid sse4_1 sse4_2 x2apic popcnt tsc_deadline_timer aes xsave avx f16c rdrand lahf_lm ida arat epb xsaveopt pln pts dtherm tpr_shadow vnmi flexpriority ept vpid fsgsbase smep erms
bogomips	: 5188.12
clflush size	: 64
cache_alignment	: 64
address sizes	: 36 bits physical, 48 bits virtual
power management:

processor	: 2
vendor_id	: GenuineIntel
cpu family	: 6
model		: 58
model name	: Intel(R) Core(TM) i5-3320M CPU @ 2.60GHz
stepping	: 9
microcode	: 0x13
cpu MHz		: 2601.000
cache size	: 3072 KB
physical id	: 0
siblings	: 4
core id		: 1
cpu cores	: 2
apicid		: 2
initial apicid	: 2
fdiv_bug	: no
f00f_bug	: no
coma_bug	: no
fpu		: yes
fpu_exception	: yes
cpuid level	: 13
wp		: yes
flags		: fpu vme de pse tsc msr pae mce cx8 apic sep mtrr pge mca cmov pat pse36 clflush dts acpi mmx fxsr sse sse2 ss ht tm pbe nx rdtscp lm constant_tsc arch_perfmon pebs bts xtopology nonstop_tsc aperfmperf eagerfpu pni pclmulqdq dtes64 monitor ds_cpl vmx smx est tm2 ssse3 cx16 xtpr pdcm pcid sse4_1 sse4_2 x2apic popcnt tsc_deadline_timer aes xsave avx f16c rdrand lahf_lm ida arat epb xsaveopt pln pts dtherm tpr_shadow vnmi flexpriority ept vpid fsgsbase smep erms
bogomips	: 5188.12
clflush size	: 64
cache_alignment	: 64
address sizes	: 36 bits physical, 48 bits virtual
power management:

processor	: 3
vendor_id	: GenuineIntel
cpu family	: 6
model		: 58
model name	: Intel(R) Core(TM) i5-3320M CPU @ 2.60GHz
stepping	: 9
microcode	: 0x13
cpu MHz		: 2200.000
cache size	: 3072 KB
physical id	: 0
siblings	: 4
core id		: 1
cpu cores	: 2
apicid		: 3
initial apicid	: 3
fdiv_bug	: no
f00f_bug	: no
coma_bug	: no
fpu		: yes
fpu_exception	: yes
cpuid level	: 13
wp		: yes
flags		: fpu vme de pse tsc msr pae mce cx8 apic sep mtrr pge mca cmov pat pse36 clflush dts acpi mmx fxsr sse sse2 ss ht tm pbe nx rdtscp lm constant_tsc arch_perfmon pebs bts xtopology nonstop_tsc aperfmperf eagerfpu pni pclmulqdq dtes64 monitor ds_cpl vmx smx est tm2 ssse3 cx16 xtpr pdcm pcid sse4_1 sse4_2 x2apic popcnt tsc_deadline_timer aes xsave avx f16c rdrand lahf_lm ida arat epb xsaveopt pln pts dtherm tpr_shadow vnmi flexpriority ept vpid fsgsbase smep erms
bogomips	: 5188.12
clflush size	: 64
cache_alignment	: 64
address sizes	: 36 bits physical, 48 bits virtual
power management:



Memory: 4k page, physical 3824608k(217676k free), swap 0k(0k free)

vm_info: Java HotSpot(TM) Server VM (24.72-b04) for linux-x86 JRE (1.7.0_72-b14), built on Sep 26 2014 19:38:09 by "java_re" with gcc 4.3.0 20080428 (Red Hat 4.3.0-8)

time: Mon Sep 14 12:22:56 2015
elapsed time: 0 seconds

