#
# There is insufficient memory for the Java Runtime Environment to continue.
# Native memory allocation (malloc) failed to allocate 47710208 bytes for committing reserved memory.
# Possible reasons:
#   The system is out of physical RAM or swap space
#   In 32 bit mode, the process size limit was hit
# Possible solutions:
#   Reduce memory load on the system
#   Increase physical memory or swap space
#   Check if swap backing store is full
#   Use 64 bit Java on a 64 bit OS
#   Decrease Java heap size (-Xmx/-Xms)
#   Decrease number of Java threads
#   Decrease Java thread stack sizes (-Xss)
#   Set larger code cache with -XX:ReservedCodeCacheSize=
# This output file may be truncated or incomplete.
#
#  Out of Memory Error (os_linux.cpp:2756), pid=22784, tid=1814035264
#
# JRE version: Java(TM) SE Runtime Environment (7.0_72-b14) (build 1.7.0_72-b14)
# Java VM: Java HotSpot(TM) Server VM (24.72-b04 mixed mode linux-x86 )
# Failed to write core dump. Core dumps have been disabled. To enable core dumping, try "ulimit -c unlimited" before starting Java again
#

---------------  T H R E A D  ---------------

Current thread (0x6c080c00):  VMThread [stack: 0x6c17f000,0x6c200000] [id=22794]

Stack: [0x6c17f000,0x6c200000],  sp=0x6c1fe8a0,  free space=510k
Native frames: (J=compiled Java code, j=interpreted, Vv=VM code, C=native code)
V  [libjvm.so+0x7e8a76]  VMError::report_and_die()+0x1a6
V  [libjvm.so+0x33d9e2]  report_vm_out_of_memory(char const*, int, unsigned int, char const*)+0x72
V  [libjvm.so+0x685b01]  os::Linux::commit_memory_impl(char*, unsigned int, bool)+0xe1
V  [libjvm.so+0x685fc8]  os::pd_commit_memory(char*, unsigned int, unsigned int, bool)+0x28
V  [libjvm.so+0x67f70c]  os::commit_memory(char*, unsigned int, unsigned int, bool)+0x2c
V  [libjvm.so+0x6e9368]  PSVirtualSpace::expand_by(unsigned int)+0x48
V  [libjvm.so+0x6ea46a]  PSYoungGen::resize_generation(unsigned int, unsigned int)+0xda
V  [libjvm.so+0x6e97a9]  PSYoungGen::resize(unsigned int, unsigned int)+0x19
V  [libjvm.so+0x6e715e]  PSScavenge::invoke_no_policy()+0xd5e
V  [libjvm.so+0x6e7938]  PSScavenge::invoke()+0x28
V  [libjvm.so+0x6a573a]  ParallelScavengeHeap::failed_mem_allocate(unsigned int)+0x5a
V  [libjvm.so+0x7ea30a]  VM_ParallelGCFailedAllocation::doit()+0x7a
V  [libjvm.so+0x7f3127]  VM_Operation::evaluate()+0x47
V  [libjvm.so+0x7f11c3]  VMThread::evaluate_operation(VM_Operation*)+0xb3
V  [libjvm.so+0x7f1560]  VMThread::loop()+0x1b0
V  [libjvm.so+0x7f19c5]  VMThread::run()+0x85
V  [libjvm.so+0x687dd9]  java_start(Thread*)+0x119
C  [libpthread.so.0+0x6f70]  start_thread+0xd0

VM_Operation (0xb67fec40): ParallelGCFailedAllocation, mode: safepoint, requested by thread 0xb6607c00


---------------  P R O C E S S  ---------------

Java Threads: ( => current thread )
  0x6c09b400 JavaThread "Service Thread" daemon [_thread_blocked, id=22800, stack(0x6ba2e000,0x6ba7f000)]
  0x6c099800 JavaThread "C2 CompilerThread1" daemon [_thread_blocked, id=22799, stack(0x6ba7f000,0x6bb00000)]
  0x6c097800 JavaThread "C2 CompilerThread0" daemon [_thread_blocked, id=22798, stack(0x6be2e000,0x6beaf000)]
  0x6c096000 JavaThread "Signal Dispatcher" daemon [_thread_blocked, id=22797, stack(0x6beaf000,0x6bf00000)]
  0x6c084c00 JavaThread "Finalizer" daemon [_thread_blocked, id=22796, stack(0x6c12e000,0x6c17f000)]
  0x6c083400 JavaThread "Reference Handler" daemon [_thread_blocked, id=22795, stack(0x6eb2e000,0x6eb7f000)]
  0xb6607c00 JavaThread "main" [_thread_blocked, id=22789, stack(0xb67af000,0xb6800000)]

Other Threads:
=>0x6c080c00 VMThread [stack: 0x6c17f000,0x6c200000] [id=22794]
  0x6c0a5400 WatcherThread [stack: 0x6b9ad000,0x6ba2e000] [id=22801]

VM state:at safepoint (normal execution)

VM Mutex/Monitor currently owned by a thread:  ([mutex/lock_event])
[0xb66053f0] Threads_lock - owner thread: 0x6c080c00
[0xb6605800] Heap_lock - owner thread: 0xb6607c00

Heap
 PSYoungGen      total 33024K, used 2288K [0x9dfc0000, 0xa0240000, 0xb3540000)
  eden space 30720K, 0% used [0x9dfc0000,0x9dfc0000,0x9fdc0000)
  from space 2304K, 99% used [0x9fdc0000,0x9fffc0a0,0xa0000000)
  to   space 2304K, 0% used [0xa0000000,0xa0000000,0xa0240000)
 ParOldGen       total 39680K, used 19914K [0x73540000, 0x75c00000, 0x9dfc0000)
  object space 39680K, 50% used [0x73540000,0x748b29f8,0x75c00000)
 PSPermGen       total 16384K, used 4524K [0x6f540000, 0x70540000, 0x73540000)
  object space 16384K, 27% used [0x6f540000,0x6f9ab2a0,0x70540000)

Card table byte_map: [0x6f31f000,0x6f540000] byte_map_base: 0x6efa4600

Polling page: 0xb7748000

Code Cache  [0xb3600000, 0xb3840000, 0xb6600000)
 total_blobs=735 nmethods=602 adapters=86 free_code_cache=47680Kb largest_free_block=48801920

Compilation events (10 events):
Event: 2.281 Thread 0x6c099800 nmethod 599 0xb375fd08 code [0xb375fde0, 0xb375fe30]
Event: 2.281 Thread 0x6c099800  600             com.android.dex.Dex::readCode (28 bytes)
Event: 2.333 Thread 0x6c099800 nmethod 600 0xb3768e88 code [0xb37691c0, 0xb376a8e8]
Event: 2.333 Thread 0x6c099800  601             com.android.dex.Dex$Section::access$900 (5 bytes)
Event: 2.363 Thread 0x6c099800 nmethod 601 0xb376db08 code [0xb376de00, 0xb376f2a8]
Event: 2.363 Thread 0x6c099800  602             com.android.dex.Dex$Section::readCode (136 bytes)
Event: 2.396 Thread 0x6c099800 nmethod 602 0xb3771b48 code [0xb3771e40, 0xb37732c8]
Event: 2.396 Thread 0x6c099800  603             com.android.dex.Code::<init> (44 bytes)
Event: 2.396 Thread 0x6c099800 nmethod 603 0xb375fb88 code [0xb375fc60, 0xb375fcd0]
Event: 2.396 Thread 0x6c099800  604             com.android.dx.merge.DexMerger::transformCode (252 bytes)

GC Heap History (9 events):
Event: 0.700 GC heap before
{Heap before GC invocations=1 (full 0):
 PSYoungGen      total 17664K, used 15360K [0x9dfc0000, 0x9f340000, 0xb3540000)
  eden space 15360K, 100% used [0x9dfc0000,0x9eec0000,0x9eec0000)
  from space 2304K, 0% used [0x9f100000,0x9f100000,0x9f340000)
  to   space 2304K, 0% used [0x9eec0000,0x9eec0000,0x9f100000)
 ParOldGen       total 39680K, used 0K [0x73540000, 0x75c00000, 0x9dfc0000)
  object space 39680K, 0% used [0x73540000,0x73540000,0x75c00000)
 PSPermGen       total 16384K, used 3300K [0x6f540000, 0x70540000, 0x73540000)
  object space 16384K, 20% used [0x6f540000,0x6f8793e0,0x70540000)
Event: 0.707 GC heap after
Heap after GC invocations=1 (full 0):
 PSYoungGen      total 17664K, used 2300K [0x9dfc0000, 0x9f340000, 0xb3540000)
  eden space 15360K, 0% used [0x9dfc0000,0x9dfc0000,0x9eec0000)
  from space 2304K, 99% used [0x9eec0000,0x9f0ff0d8,0x9f100000)
  to   space 2304K, 0% used [0x9f100000,0x9f100000,0x9f340000)
 ParOldGen       total 39680K, used 1631K [0x73540000, 0x75c00000, 0x9dfc0000)
  object space 39680K, 4% used [0x73540000,0x736d7f90,0x75c00000)
 PSPermGen       total 16384K, used 3300K [0x6f540000, 0x70540000, 0x73540000)
  object space 16384K, 20% used [0x6f540000,0x6f8793e0,0x70540000)
}
Event: 1.127 GC heap before
{Heap before GC invocations=2 (full 0):
 PSYoungGen      total 17664K, used 17660K [0x9dfc0000, 0x9f340000, 0xb3540000)
  eden space 15360K, 100% used [0x9dfc0000,0x9eec0000,0x9eec0000)
  from space 2304K, 99% used [0x9eec0000,0x9f0ff0d8,0x9f100000)
  to   space 2304K, 0% used [0x9f100000,0x9f100000,0x9f340000)
 ParOldGen       total 39680K, used 1631K [0x73540000, 0x75c00000, 0x9dfc0000)
  object space 39680K, 4% used [0x73540000,0x736d7f90,0x75c00000)
 PSPermGen       total 16384K, used 3375K [0x6f540000, 0x70540000, 0x73540000)
  object space 16384K, 20% used [0x6f540000,0x6f88bec8,0x70540000)
Event: 1.136 GC heap after
Heap after GC invocations=2 (full 0):
 PSYoungGen      total 17664K, used 2300K [0x9dfc0000, 0xa0240000, 0xb3540000)
  eden space 15360K, 0% used [0x9dfc0000,0x9dfc0000,0x9eec0000)
  from space 2304K, 99% used [0x9f100000,0x9f33f2f8,0x9f340000)
  to   space 2304K, 0% used [0x9eec0000,0x9eec0000,0x9f100000)
 ParOldGen       total 39680K, used 4170K [0x73540000, 0x75c00000, 0x9dfc0000)
  object space 39680K, 10% used [0x73540000,0x73952a18,0x75c00000)
 PSPermGen       total 16384K, used 3375K [0x6f540000, 0x70540000, 0x73540000)
  object space 16384K, 20% used [0x6f540000,0x6f88bec8,0x70540000)
}
Event: 1.843 GC heap before
{Heap before GC invocations=3 (full 0):
 PSYoungGen      total 17664K, used 17660K [0x9dfc0000, 0xa0240000, 0xb3540000)
  eden space 15360K, 100% used [0x9dfc0000,0x9eec0000,0x9eec0000)
  from space 2304K, 99% used [0x9f100000,0x9f33f2f8,0x9f340000)
  to   space 2304K, 0% used [0x9eec0000,0x9eec0000,0x9f100000)
 ParOldGen       total 39680K, used 4170K [0x73540000, 0x75c00000, 0x9dfc0000)
  object space 39680K, 10% used [0x73540000,0x73952a18,0x75c00000)
 PSPermGen       total 16384K, used 4462K [0x6f540000, 0x70540000, 0x73540000)
  object space 16384K, 27% used [0x6f540000,0x6f99ba00,0x70540000)
Event: 1.851 GC heap after
Heap after GC invocations=3 (full 0):
 PSYoungGen      total 17664K, used 2289K [0x9dfc0000, 0xa0240000, 0xb3540000)
  eden space 15360K, 0% used [0x9dfc0000,0x9dfc0000,0x9eec0000)
  from space 2304K, 99% used [0x9eec0000,0x9f0fc500,0x9f100000)
  to   space 2304K, 0% used [0xa0000000,0xa0000000,0xa0240000)
 ParOldGen       total 39680K, used 8528K [0x73540000, 0x75c00000, 0x9dfc0000)
  object space 39680K, 21% used [0x73540000,0x73d941e0,0x75c00000)
 PSPermGen       total 16384K, used 4462K [0x6f540000, 0x70540000, 0x73540000)
  object space 16384K, 27% used [0x6f540000,0x6f99ba00,0x70540000)
}
Event: 2.156 GC heap before
{Heap before GC invocations=4 (full 0):
 PSYoungGen      total 17664K, used 17649K [0x9dfc0000, 0xa0240000, 0xb3540000)
  eden space 15360K, 100% used [0x9dfc0000,0x9eec0000,0x9eec0000)
  from space 2304K, 99% used [0x9eec0000,0x9f0fc500,0x9f100000)
  to   space 2304K, 0% used [0xa0000000,0xa0000000,0xa0240000)
 ParOldGen       total 39680K, used 8528K [0x73540000, 0x75c00000, 0x9dfc0000)
  object space 39680K, 21% used [0x73540000,0x73d941e0,0x75c00000)
 PSPermGen       total 16384K, used 4500K [0x6f540000, 0x70540000, 0x73540000)
  object space 16384K, 27% used [0x6f540000,0x6f9a52a0,0x70540000)
Event: 2.162 GC heap after
Heap after GC invocations=4 (full 0):
 PSYoungGen      total 33024K, used 2296K [0x9dfc0000, 0xa0240000, 0xb3540000)
  eden space 30720K, 0% used [0x9dfc0000,0x9dfc0000,0x9fdc0000)
  from space 2304K, 99% used [0xa0000000,0xa023e2d0,0xa0240000)
  to   space 2304K, 0% used [0x9fdc0000,0x9fdc0000,0xa0000000)
 ParOldGen       total 39680K, used 11859K [0x73540000, 0x75c00000, 0x9dfc0000)
  object space 39680K, 29% used [0x73540000,0x740d4d80,0x75c00000)
 PSPermGen       total 16384K, used 4500K [0x6f540000, 0x70540000, 0x73540000)
  object space 16384K, 27% used [0x6f540000,0x6f9a52a0,0x70540000)
}
Event: 2.399 GC heap before
{Heap before GC invocations=5 (full 0):
 PSYoungGen      total 33024K, used 33016K [0x9dfc0000, 0xa0240000, 0xb3540000)
  eden space 30720K, 100% used [0x9dfc0000,0x9fdc0000,0x9fdc0000)
  from space 2304K, 99% used [0xa0000000,0xa023e2d0,0xa0240000)
  to   space 2304K, 0% used [0x9fdc0000,0x9fdc0000,0xa0000000)
 ParOldGen       total 39680K, used 11859K [0x73540000, 0x75c00000, 0x9dfc0000)
  object space 39680K, 29% used [0x73540000,0x740d4d80,0x75c00000)
 PSPermGen       total 16384K, used 4524K [0x6f540000, 0x70540000, 0x73540000)
  object space 16384K, 27% used [0x6f540000,0x6f9ab2a0,0x70540000)

Deoptimization events (10 events):
Event: 1.648 Thread 0xb6607c00 Uncommon trap: reason=class_check action=maybe_recompile pc=0xb36a38bc method=java.util.HashMap.<init>(IF)V @ 115
Event: 1.689 Thread 0xb6607c00 Uncommon trap: reason=class_check action=maybe_recompile pc=0xb3710448 method=com.android.dex.Leb128.writeUnsignedLeb128(Lcom/android/dex/util/ByteOutput;I)V @ 40
Event: 1.689 Thread 0xb6607c00 Uncommon trap: reason=class_check action=maybe_recompile pc=0xb3710448 method=com.android.dex.Leb128.writeUnsignedLeb128(Lcom/android/dex/util/ByteOutput;I)V @ 40
Event: 1.689 Thread 0xb6607c00 Uncommon trap: reason=class_check action=maybe_recompile pc=0xb3710448 method=com.android.dex.Leb128.writeUnsignedLeb128(Lcom/android/dex/util/ByteOutput;I)V @ 40
Event: 1.689 Thread 0xb6607c00 Uncommon trap: reason=class_check action=maybe_recompile pc=0xb3710448 method=com.android.dex.Leb128.writeUnsignedLeb128(Lcom/android/dex/util/ByteOutput;I)V @ 40
Event: 1.888 Thread 0xb6607c00 Uncommon trap: reason=class_check action=maybe_recompile pc=0xb3720120 method=com.android.dex.Leb128.readUnsignedLeb128(Lcom/android/dex/util/ByteInput;)I @ 5
Event: 1.888 Thread 0xb6607c00 Uncommon trap: reason=class_check action=maybe_recompile pc=0xb3720120 method=com.android.dex.Leb128.readUnsignedLeb128(Lcom/android/dex/util/ByteInput;)I @ 5
Event: 1.888 Thread 0xb6607c00 Uncommon trap: reason=class_check action=maybe_recompile pc=0xb3720120 method=com.android.dex.Leb128.readUnsignedLeb128(Lcom/android/dex/util/ByteInput;)I @ 5
Event: 1.888 Thread 0xb6607c00 Uncommon trap: reason=class_check action=maybe_recompile pc=0xb3720120 method=com.android.dex.Leb128.readUnsignedLeb128(Lcom/android/dex/util/ByteInput;)I @ 5
Event: 2.029 Thread 0xb6607c00 Uncommon trap: reason=predicate action=maybe_recompile pc=0xb3729bc8 method=com.android.dex.Leb128.readUnsignedLeb128(Lcom/android/dex/util/ByteInput;)I @ 41

Internal exceptions (10 events):
Event: 1.778 Thread 0xb6607c00 Threw 0x9ed12580 at /HUDSON/workspace/7u-2-build-linux-i586/jdk7u72/1606/hotspot/src/share/vm/prims/jvm.cpp:1281
Event: 1.778 Thread 0xb6607c00 Threw 0x9ed15670 at /HUDSON/workspace/7u-2-build-linux-i586/jdk7u72/1606/hotspot/src/share/vm/prims/jvm.cpp:1281
Event: 1.779 Thread 0xb6607c00 Threw 0x9ed188a0 at /HUDSON/workspace/7u-2-build-linux-i586/jdk7u72/1606/hotspot/src/share/vm/prims/jvm.cpp:1281
Event: 1.781 Thread 0xb6607c00 Threw 0x9ed1d7e0 at /HUDSON/workspace/7u-2-build-linux-i586/jdk7u72/1606/hotspot/src/share/vm/prims/jvm.cpp:1281
Event: 1.781 Thread 0xb6607c00 Threw 0x9ed20408 at /HUDSON/workspace/7u-2-build-linux-i586/jdk7u72/1606/hotspot/src/share/vm/prims/jvm.cpp:1281
Event: 1.781 Thread 0xb6607c00 Threw 0x9ed231c8 at /HUDSON/workspace/7u-2-build-linux-i586/jdk7u72/1606/hotspot/src/share/vm/prims/jvm.cpp:1281
Event: 1.782 Thread 0xb6607c00 Threw 0x9ed263c0 at /HUDSON/workspace/7u-2-build-linux-i586/jdk7u72/1606/hotspot/src/share/vm/prims/jvm.cpp:1281
Event: 1.784 Thread 0xb6607c00 Threw 0x9ed2cb30 at /HUDSON/workspace/7u-2-build-linux-i586/jdk7u72/1606/hotspot/src/share/vm/prims/jvm.cpp:1281
Event: 1.784 Thread 0xb6607c00 Threw 0x9ed2ea78 at /HUDSON/workspace/7u-2-build-linux-i586/jdk7u72/1606/hotspot/src/share/vm/prims/jvm.cpp:1281
Event: 2.113 Thread 0xb6607c00 Threw 0x9eb493a8 at /HUDSON/workspace/7u-2-build-linux-i586/jdk7u72/1606/hotspot/src/share/vm/prims/jvm.cpp:1281

Events (10 events):
Event: 2.029 Thread 0xb6607c00 Uncommon trap: trap_request=0xffffff86 fr.pc=0xb3729bc8
Event: 2.029 Thread 0xb6607c00 DEOPT PACKING pc=0xb3729bc8 sp=0xb67fec70
Event: 2.029 Thread 0xb6607c00 DEOPT UNPACKING pc=0xb362cbc8 sp=0xb67fec5c mode 2
Event: 2.113 loading class 0x6b8bd7e0
Event: 2.113 loading class 0x6b8bd7e0 done
Event: 2.156 Executing VM operation: ParallelGCFailedAllocation
Event: 2.162 Executing VM operation: ParallelGCFailedAllocation done
Event: 2.393 loading class 0x6ef4ee90
Event: 2.394 loading class 0x6ef4ee90 done
Event: 2.397 Executing VM operation: ParallelGCFailedAllocation


Dynamic libraries:
08048000-08049000 r-xp 00000000 08:04 405196     /usr/lib/jvm/java-7-oracle/bin/java
08049000-0804a000 rw-p 00000000 08:04 405196     /usr/lib/jvm/java-7-oracle/bin/java
091ce000-09299000 rw-p 00000000 00:00 0          [heap]
6aa00000-6aaf7000 rw-p 00000000 00:00 0 
6aaf7000-6ab00000 ---p 00000000 00:00 0 
6ac00000-6acb5000 rw-p 00000000 00:00 0 
6acb5000-6ad00000 ---p 00000000 00:00 0 
6ad00000-6ae00000 rw-p 00000000 00:00 0 
6ae00000-6aef0000 rw-p 00000000 00:00 0 
6aef0000-6af00000 ---p 00000000 00:00 0 
6b000000-6b0fa000 rw-p 00000000 00:00 0 
6b0fa000-6b100000 ---p 00000000 00:00 0 
6b100000-6b1ad000 rw-p 00000000 00:00 0 
6b1ad000-6b200000 ---p 00000000 00:00 0 
6b200000-6b2fb000 rw-p 00000000 00:00 0 
6b2fb000-6b300000 ---p 00000000 00:00 0 
6b400000-6b4cf000 rw-p 00000000 00:00 0 
6b4cf000-6b500000 ---p 00000000 00:00 0 
6b500000-6b5ef000 rw-p 00000000 00:00 0 
6b5ef000-6b600000 ---p 00000000 00:00 0 
6b600000-6b6e0000 rw-p 00000000 00:00 0 
6b6e0000-6b700000 ---p 00000000 00:00 0 
6b700000-6b7f9000 rw-p 00000000 00:00 0 
6b7f9000-6b800000 ---p 00000000 00:00 0 
6b800000-6b8d6000 rw-p 00000000 00:00 0 
6b8d6000-6b900000 ---p 00000000 00:00 0 
6b9ad000-6b9ae000 ---p 00000000 00:00 0 
6b9ae000-6ba2e000 rw-p 00000000 00:00 0          [stack:22801]
6ba2e000-6ba31000 ---p 00000000 00:00 0 
6ba31000-6ba7f000 rw-p 00000000 00:00 0          [stack:22800]
6ba7f000-6ba82000 ---p 00000000 00:00 0 
6ba82000-6bb00000 rw-p 00000000 00:00 0          [stack:22799]
6bb00000-6bd00000 r--p 00000000 08:04 264993     /usr/lib/locale/locale-archive
6bd00000-6bd21000 rw-p 00000000 00:00 0 
6bd21000-6be00000 ---p 00000000 00:00 0 
6be2e000-6be31000 ---p 00000000 00:00 0 
6be31000-6beaf000 rw-p 00000000 00:00 0          [stack:22798]
6beaf000-6beb2000 ---p 00000000 00:00 0 
6beb2000-6bf00000 rw-p 00000000 00:00 0          [stack:22797]
6bf00000-6bff9000 rw-p 00000000 00:00 0 
6bff9000-6c000000 ---p 00000000 00:00 0 
6c000000-6c100000 rw-p 00000000 00:00 0 
6c12e000-6c131000 ---p 00000000 00:00 0 
6c131000-6c17f000 rw-p 00000000 00:00 0          [stack:22796]
6c17f000-6c180000 ---p 00000000 00:00 0 
6c180000-6c200000 rw-p 00000000 00:00 0          [stack:22794]
6c200000-6c3c0000 r--s 039ea000 08:04 404966     /usr/lib/jvm/java-7-oracle/jre/lib/rt.jar
6c3c0000-6ea00000 rw-p 00000000 00:00 0 
6ea00000-6eafa000 rw-p 00000000 00:00 0 
6eafa000-6eb00000 ---p 00000000 00:00 0 
6eb2e000-6eb31000 ---p 00000000 00:00 0 
6eb31000-6eb7f000 rw-p 00000000 00:00 0          [stack:22795]
6eb7f000-6eb80000 ---p 00000000 00:00 0 
6eb80000-6ec00000 rw-p 00000000 00:00 0          [stack:22793]
6ec00000-6ec21000 rw-p 00000000 00:00 0 
6ec21000-6ed00000 ---p 00000000 00:00 0 
6ed34000-6ed7f000 rw-p 00000000 00:00 0 
6ed7f000-6ed80000 ---p 00000000 00:00 0 
6ed80000-6ee00000 rw-p 00000000 00:00 0          [stack:22792]
6ee00000-6ee21000 rw-p 00000000 00:00 0 
6ee21000-6ef00000 ---p 00000000 00:00 0 
6ef24000-6ef7f000 rw-p 00000000 00:00 0 
6ef7f000-6ef80000 ---p 00000000 00:00 0 
6ef80000-6f000000 rw-p 00000000 00:00 0          [stack:22791]
6f000000-6f021000 rw-p 00000000 00:00 0 
6f021000-6f100000 ---p 00000000 00:00 0 
6f103000-6f118000 r-xp 00000000 08:04 404371     /usr/lib/jvm/java-7-oracle/jre/lib/i386/libnet.so
6f118000-6f119000 rw-p 00014000 08:04 404371     /usr/lib/jvm/java-7-oracle/jre/lib/i386/libnet.so
6f119000-6f127000 r-xp 00000000 08:04 404381     /usr/lib/jvm/java-7-oracle/jre/lib/i386/libnio.so
6f127000-6f128000 rw-p 0000e000 08:04 404381     /usr/lib/jvm/java-7-oracle/jre/lib/i386/libnio.so
6f128000-6f129000 ---p 00000000 00:00 0 
6f129000-6f1b1000 rw-p 00000000 00:00 0          [stack:22790]
6f1b1000-6f1c9000 rw-p 00000000 00:00 0 
6f1c9000-6f1dd000 rw-p 00000000 00:00 0 
6f1dd000-6f31f000 rw-p 00000000 00:00 0 
6f31f000-6f327000 rw-p 00000000 00:00 0 
6f327000-6f33f000 rw-p 00000000 00:00 0 
6f33f000-6f353000 rw-p 00000000 00:00 0 
6f353000-6f494000 rw-p 00000000 00:00 0 
6f494000-6f4a6000 rw-p 00000000 00:00 0 
6f4a6000-6f53f000 rw-p 00000000 00:00 0 
6f53f000-70540000 rw-p 00000000 00:00 0 
70540000-73540000 rw-p 00000000 00:00 0 
73540000-75c00000 rw-p 00000000 00:00 0 
75c00000-9dfc0000 rw-p 00000000 00:00 0 
9dfc0000-a0240000 rw-p 00000000 00:00 0 
a2fc0000-b3540000 rw-p 00000000 00:00 0 
b3540000-b3549000 rw-p 00000000 00:00 0 
b3549000-b3600000 rw-p 00000000 00:00 0 
b3600000-b3840000 rwxp 00000000 00:00 0 
b3840000-b66f6000 rw-p 00000000 00:00 0 
b66f6000-b6700000 ---p 00000000 00:00 0 
b6700000-b671a000 rw-p 00000000 00:00 0 
b671a000-b6731000 r-xp 00000000 08:04 404437     /usr/lib/jvm/java-7-oracle/jre/lib/i386/libzip.so
b6731000-b6732000 rw-p 00017000 08:04 404437     /usr/lib/jvm/java-7-oracle/jre/lib/i386/libzip.so
b6732000-b673d000 r-xp 00000000 08:04 527082     /lib/i386-linux-gnu/libnss_files-2.19.so
b673d000-b673e000 r--p 0000a000 08:04 527082     /lib/i386-linux-gnu/libnss_files-2.19.so
b673e000-b673f000 rw-p 0000b000 08:04 527082     /lib/i386-linux-gnu/libnss_files-2.19.so
b673f000-b6749000 r-xp 00000000 08:04 527068     /lib/i386-linux-gnu/libnss_nis-2.19.so
b6749000-b674a000 r--p 00009000 08:04 527068     /lib/i386-linux-gnu/libnss_nis-2.19.so
b674a000-b674b000 rw-p 0000a000 08:04 527068     /lib/i386-linux-gnu/libnss_nis-2.19.so
b674b000-b6760000 r-xp 00000000 08:04 527069     /lib/i386-linux-gnu/libnsl-2.19.so
b6760000-b6761000 r--p 00015000 08:04 527069     /lib/i386-linux-gnu/libnsl-2.19.so
b6761000-b6762000 rw-p 00016000 08:04 527069     /lib/i386-linux-gnu/libnsl-2.19.so
b6762000-b6764000 rw-p 00000000 00:00 0 
b676b000-b677a000 r--s 000dd000 08:04 3021049    /home/shauna/Android/Sdk/build-tools/22.0.1/lib/dx.jar
b677a000-b6782000 rw-s 00000000 08:04 2617032    /tmp/hsperfdata_shauna/22784
b6782000-b67a5000 r-xp 00000000 08:04 404392     /usr/lib/jvm/java-7-oracle/jre/lib/i386/libjava.so
b67a5000-b67a6000 rw-p 00023000 08:04 404392     /usr/lib/jvm/java-7-oracle/jre/lib/i386/libjava.so
b67a6000-b67ad000 r-xp 00000000 08:04 527083     /lib/i386-linux-gnu/librt-2.19.so
b67ad000-b67ae000 r--p 00006000 08:04 527083     /lib/i386-linux-gnu/librt-2.19.so
b67ae000-b67af000 rw-p 00007000 08:04 527083     /lib/i386-linux-gnu/librt-2.19.so
b67af000-b67b2000 ---p 00000000 00:00 0 
b67b2000-b6800000 rw-p 00000000 00:00 0          [stack:22789]
b6800000-b6844000 r-xp 00000000 08:04 527073     /lib/i386-linux-gnu/libm-2.19.so
b6844000-b6845000 r--p 00043000 08:04 527073     /lib/i386-linux-gnu/libm-2.19.so
b6845000-b6846000 rw-p 00044000 08:04 527073     /lib/i386-linux-gnu/libm-2.19.so
b6846000-b70cb000 r-xp 00000000 08:04 404427     /usr/lib/jvm/java-7-oracle/jre/lib/i386/server/libjvm.so
b70cb000-b712f000 rw-p 00884000 08:04 404427     /usr/lib/jvm/java-7-oracle/jre/lib/i386/server/libjvm.so
b712f000-b7553000 rw-p 00000000 00:00 0 
b7553000-b76fb000 r-xp 00000000 08:04 527065     /lib/i386-linux-gnu/libc-2.19.so
b76fb000-b76fd000 r--p 001a8000 08:04 527065     /lib/i386-linux-gnu/libc-2.19.so
b76fd000-b76fe000 rw-p 001aa000 08:04 527065     /lib/i386-linux-gnu/libc-2.19.so
b76fe000-b7701000 rw-p 00000000 00:00 0 
b7701000-b7704000 r-xp 00000000 08:04 527066     /lib/i386-linux-gnu/libdl-2.19.so
b7704000-b7705000 r--p 00002000 08:04 527066     /lib/i386-linux-gnu/libdl-2.19.so
b7705000-b7706000 rw-p 00003000 08:04 527066     /lib/i386-linux-gnu/libdl-2.19.so
b7706000-b7707000 rw-p 00000000 00:00 0 
b7707000-b771a000 r-xp 00000000 08:04 395898     /usr/lib/jvm/java-7-oracle/lib/i386/jli/libjli.so
b771a000-b771b000 rw-p 00012000 08:04 395898     /usr/lib/jvm/java-7-oracle/lib/i386/jli/libjli.so
b771b000-b7733000 r-xp 00000000 08:04 527078     /lib/i386-linux-gnu/libpthread-2.19.so
b7733000-b7734000 r--p 00018000 08:04 527078     /lib/i386-linux-gnu/libpthread-2.19.so
b7734000-b7735000 rw-p 00019000 08:04 527078     /lib/i386-linux-gnu/libpthread-2.19.so
b7735000-b7737000 rw-p 00000000 00:00 0 
b7738000-b773d000 r--s 0008a000 08:04 404482     /usr/lib/jvm/java-7-oracle/jre/lib/jsse.jar
b773d000-b773e000 r--p 002c5000 08:04 264993     /usr/lib/locale/locale-archive
b773e000-b7745000 r-xp 00000000 08:04 527074     /lib/i386-linux-gnu/libnss_compat-2.19.so
b7745000-b7746000 r--p 00006000 08:04 527074     /lib/i386-linux-gnu/libnss_compat-2.19.so
b7746000-b7747000 rw-p 00007000 08:04 527074     /lib/i386-linux-gnu/libnss_compat-2.19.so
b7747000-b7748000 rw-p 00000000 00:00 0 
b7748000-b7749000 ---p 00000000 00:00 0 
b7749000-b7754000 r-xp 00000000 08:04 404396     /usr/lib/jvm/java-7-oracle/jre/lib/i386/libverify.so
b7754000-b7755000 rw-p 0000b000 08:04 404396     /usr/lib/jvm/java-7-oracle/jre/lib/i386/libverify.so
b7755000-b7757000 rw-p 00000000 00:00 0 
b7757000-b7758000 r-xp 00000000 00:00 0          [vdso]
b7758000-b7778000 r-xp 00000000 08:04 527067     /lib/i386-linux-gnu/ld-2.19.so
b7778000-b7779000 r--p 0001f000 08:04 527067     /lib/i386-linux-gnu/ld-2.19.so
b7779000-b777a000 rw-p 00020000 08:04 527067     /lib/i386-linux-gnu/ld-2.19.so
bfc53000-bfc54000 rwxp 00000000 00:00 0 
bfc85000-bfca7000 rw-p 00000000 00:00 0          [stack]

VM Arguments:
jvm_args: -Xmx1024M -Dfile.encoding=UTF-8 -Duser.country=US -Duser.language=en -Duser.variant 
java_command: com.android.dx.command.Main --dex --output /home/shauna/Desktop/shared/git/public-misc/smalltalk-mobile/smalltalk/app/build/intermediates/dex/debug /home/shauna/Desktop/shared/git/public-misc/smalltalk-mobile/smalltalk/app/build/intermediates/classes/debug /home/shauna/Desktop/shared/git/public-misc/smalltalk-mobile/smalltalk/app/build/intermediates/pre-dexed/debug/support-annotations-22.2.1-179610870c06c5d131779ba1552f844db69d188c.jar /home/shauna/Desktop/shared/git/public-misc/smalltalk-mobile/smalltalk/app/build/intermediates/pre-dexed/debug/internal_impl-22.2.1-5e084960364880096d2c7804bb4563600a46c017.jar /home/shauna/Desktop/shared/git/public-misc/smalltalk-mobile/smalltalk/app/build/intermediates/pre-dexed/debug/classes-51f3b8a6f290cedcd83c64115c1c77d425f8f8b8.jar /home/shauna/Desktop/shared/git/public-misc/smalltalk-mobile/smalltalk/app/build/intermediates/pre-dexed/debug/classes-bc79ea749cc84966ba1eadb26f5e8de5afcfa590.jar
Launcher Type: SUN_STANDARD

Environment Variables:
PATH=/usr/local/Android/Sdk/platform-tools:/usr/local/Android/Sdk/tools:/usr/local/heroku/bin:/usr/local/Android/Sdk/platform-tools:/usr/local/Android/Sdk/tools:/home/shauna/bin:/usr/local/sbin:/usr/local/bin:/usr/sbin:/usr/bin:/sbin:/bin:/usr/games:/usr/local/games
LD_LIBRARY_PATH=.:
SHELL=/bin/bash
DISPLAY=:0

Signal Handlers:
SIGSEGV: [libjvm.so+0x7e9580], sa_mask[0]=0x7ffbfeff, sa_flags=0x10000004
SIGBUS: [libjvm.so+0x7e9580], sa_mask[0]=0x7ffbfeff, sa_flags=0x10000004
SIGFPE: [libjvm.so+0x682680], sa_mask[0]=0x7ffbfeff, sa_flags=0x10000004
SIGPIPE: [libjvm.so+0x682680], sa_mask[0]=0x7ffbfeff, sa_flags=0x10000004
SIGXFSZ: [libjvm.so+0x682680], sa_mask[0]=0x7ffbfeff, sa_flags=0x10000004
SIGILL: [libjvm.so+0x682680], sa_mask[0]=0x7ffbfeff, sa_flags=0x10000004
SIGUSR1: SIG_DFL, sa_mask[0]=0x00000000, sa_flags=0x00000000
SIGUSR2: [libjvm.so+0x683e80], sa_mask[0]=0x00000004, sa_flags=0x10000004
SIGHUP: [libjvm.so+0x6851b0], sa_mask[0]=0x7ffbfeff, sa_flags=0x10000004
SIGINT: [libjvm.so+0x6851b0], sa_mask[0]=0x7ffbfeff, sa_flags=0x10000004
SIGTERM: [libjvm.so+0x6851b0], sa_mask[0]=0x7ffbfeff, sa_flags=0x10000004
SIGQUIT: [libjvm.so+0x6851b0], sa_mask[0]=0x7ffbfeff, sa_flags=0x10000004


---------------  S Y S T E M  ---------------

OS:jessie/sid

uname:Linux 3.13.0-39-generic #66-Ubuntu SMP Tue Oct 28 13:31:23 UTC 2014 i686
libc:glibc 2.19 NPTL 2.19 
rlimit: STACK 8192k, CORE 0k, NPROC 29729, NOFILE 4096, AS infinity
load average:0.43 0.57 0.65

/proc/meminfo:
MemTotal:        3824608 kB
MemFree:          199100 kB
Buffers:             308 kB
Cached:           369268 kB
SwapCached:            0 kB
Active:          3121180 kB
Inactive:         361224 kB
Active(anon):    3116260 kB
Inactive(anon):   345872 kB
Active(file):       4920 kB
Inactive(file):    15352 kB
Unevictable:         160 kB
Mlocked:             160 kB
HighTotal:       2971844 kB
HighFree:          44428 kB
LowTotal:         852764 kB
LowFree:          154672 kB
SwapTotal:             0 kB
SwapFree:              0 kB
Dirty:                44 kB
Writeback:             0 kB
AnonPages:       3113364 kB
Mapped:           101932 kB
Shmem:            348796 kB
Slab:              52900 kB
SReclaimable:      23296 kB
SUnreclaim:        29604 kB
KernelStack:        6664 kB
PageTables:        19596 kB
NFS_Unstable:          0 kB
Bounce:                0 kB
WritebackTmp:          0 kB
CommitLimit:     1912304 kB
Committed_AS:    8993816 kB
VmallocTotal:     122880 kB
VmallocUsed:       18048 kB
VmallocChunk:      77500 kB
HardwareCorrupted:     0 kB
AnonHugePages:   1009664 kB
HugePages_Total:       0
HugePages_Free:        0
HugePages_Rsvd:        0
HugePages_Surp:        0
Hugepagesize:       2048 kB
DirectMap4k:       22520 kB
DirectMap2M:      888832 kB


CPU:total 4 (2 cores per cpu, 2 threads per core) family 6 model 58 stepping 9, cmov, cx8, fxsr, mmx, sse, sse2, sse3, ssse3, sse4.1, sse4.2, popcnt, avx, aes, erms, ht, tsc, tscinvbit, tscinv

/proc/cpuinfo:
processor	: 0
vendor_id	: GenuineIntel
cpu family	: 6
model		: 58
model name	: Intel(R) Core(TM) i5-3320M CPU @ 2.60GHz
stepping	: 9
microcode	: 0x13
cpu MHz		: 2601.000
cache size	: 3072 KB
physical id	: 0
siblings	: 4
core id		: 0
cpu cores	: 2
apicid		: 0
initial apicid	: 0
fdiv_bug	: no
f00f_bug	: no
coma_bug	: no
fpu		: yes
fpu_exception	: yes
cpuid level	: 13
wp		: yes
flags		: fpu vme de pse tsc msr pae mce cx8 apic sep mtrr pge mca cmov pat pse36 clflush dts acpi mmx fxsr sse sse2 ss ht tm pbe nx rdtscp lm constant_tsc arch_perfmon pebs bts xtopology nonstop_tsc aperfmperf eagerfpu pni pclmulqdq dtes64 monitor ds_cpl vmx smx est tm2 ssse3 cx16 xtpr pdcm pcid sse4_1 sse4_2 x2apic popcnt tsc_deadline_timer aes xsave avx f16c rdrand lahf_lm ida arat epb xsaveopt pln pts dtherm tpr_shadow vnmi flexpriority ept vpid fsgsbase smep erms
bogomips	: 5188.12
clflush size	: 64
cache_alignment	: 64
address sizes	: 36 bits physical, 48 bits virtual
power management:

processor	: 1
vendor_id	: GenuineIntel
cpu family	: 6
model		: 58
model name	: Intel(R) Core(TM) i5-3320M CPU @ 2.60GHz
stepping	: 9
microcode	: 0x13
cpu MHz		: 1200.000
cache size	: 3072 KB
physical id	: 0
siblings	: 4
core id		: 0
cpu cores	: 2
apicid		: 1
initial apicid	: 1
fdiv_bug	: no
f00f_bug	: no
coma_bug	: no
fpu		: yes
fpu_exception	: yes
cpuid level	: 13
wp		: yes
flags		: fpu vme de pse tsc msr pae mce cx8 apic sep mtrr pge mca cmov pat pse36 clflush dts acpi mmx fxsr sse sse2 ss ht tm pbe nx rdtscp lm constant_tsc arch_perfmon pebs bts xtopology nonstop_tsc aperfmperf eagerfpu pni pclmulqdq dtes64 monitor ds_cpl vmx smx est tm2 ssse3 cx16 xtpr pdcm pcid sse4_1 sse4_2 x2apic popcnt tsc_deadline_timer aes xsave avx f16c rdrand lahf_lm ida arat epb xsaveopt pln pts dtherm tpr_shadow vnmi flexpriority ept vpid fsgsbase smep erms
bogomips	: 5188.12
clflush size	: 64
cache_alignment	: 64
address sizes	: 36 bits physical, 48 bits virtual
power management:

processor	: 2
vendor_id	: GenuineIntel
cpu family	: 6
model		: 58
model name	: Intel(R) Core(TM) i5-3320M CPU @ 2.60GHz
stepping	: 9
microcode	: 0x13
cpu MHz		: 2200.000
cache size	: 3072 KB
physical id	: 0
siblings	: 4
core id		: 1
cpu cores	: 2
apicid		: 2
initial apicid	: 2
fdiv_bug	: no
f00f_bug	: no
coma_bug	: no
fpu		: yes
fpu_exception	: yes
cpuid level	: 13
wp		: yes
flags		: fpu vme de pse tsc msr pae mce cx8 apic sep mtrr pge mca cmov pat pse36 clflush dts acpi mmx fxsr sse sse2 ss ht tm pbe nx rdtscp lm constant_tsc arch_perfmon pebs bts xtopology nonstop_tsc aperfmperf eagerfpu pni pclmulqdq dtes64 monitor ds_cpl vmx smx est tm2 ssse3 cx16 xtpr pdcm pcid sse4_1 sse4_2 x2apic popcnt tsc_deadline_timer aes xsave avx f16c rdrand lahf_lm ida arat epb xsaveopt pln pts dtherm tpr_shadow vnmi flexpriority ept vpid fsgsbase smep erms
bogomips	: 5188.12
clflush size	: 64
cache_alignment	: 64
address sizes	: 36 bits physical, 48 bits virtual
power management:

processor	: 3
vendor_id	: GenuineIntel
cpu family	: 6
model		: 58
model name	: Intel(R) Core(TM) i5-3320M CPU @ 2.60GHz
stepping	: 9
microcode	: 0x13
cpu MHz		: 2601.000
cache size	: 3072 KB
physical id	: 0
siblings	: 4
core id		: 1
cpu cores	: 2
apicid		: 3
initial apicid	: 3
fdiv_bug	: no
f00f_bug	: no
coma_bug	: no
fpu		: yes
fpu_exception	: yes
cpuid level	: 13
wp		: yes
flags		: fpu vme de pse tsc msr pae mce cx8 apic sep mtrr pge mca cmov pat pse36 clflush dts acpi mmx fxsr sse sse2 ss ht tm pbe nx rdtscp lm constant_tsc arch_perfmon pebs bts xtopology nonstop_tsc aperfmperf eagerfpu pni pclmulqdq dtes64 monitor ds_cpl vmx smx est tm2 ssse3 cx16 xtpr pdcm pcid sse4_1 sse4_2 x2apic popcnt tsc_deadline_timer aes xsave avx f16c rdrand lahf_lm ida arat epb xsaveopt pln pts dtherm tpr_shadow vnmi flexpriority ept vpid fsgsbase smep erms
bogomips	: 5188.12
clflush size	: 64
cache_alignment	: 64
address sizes	: 36 bits physical, 48 bits virtual
power management:



Memory: 4k page, physical 3824608k(198852k free), swap 0k(0k free)

vm_info: Java HotSpot(TM) Server VM (24.72-b04) for linux-x86 JRE (1.7.0_72-b14), built on Sep 26 2014 19:38:09 by "java_re" with gcc 4.3.0 20080428 (Red Hat 4.3.0-8)

time: Fri Sep 11 15:46:49 2015
elapsed time: 2 seconds

