#
# There is insufficient memory for the Java Runtime Environment to continue.
# Native memory allocation (malloc) failed to allocate 47185920 bytes for committing reserved memory.
# Possible reasons:
#   The system is out of physical RAM or swap space
#   In 32 bit mode, the process size limit was hit
# Possible solutions:
#   Reduce memory load on the system
#   Increase physical memory or swap space
#   Check if swap backing store is full
#   Use 64 bit Java on a 64 bit OS
#   Decrease Java heap size (-Xmx/-Xms)
#   Decrease number of Java threads
#   Decrease Java thread stack sizes (-Xss)
#   Set larger code cache with -XX:ReservedCodeCacheSize=
# This output file may be truncated or incomplete.
#
#  Out of Memory Error (os_linux.cpp:2756), pid=22716, tid=1814035264
#
# JRE version: Java(TM) SE Runtime Environment (7.0_72-b14) (build 1.7.0_72-b14)
# Java VM: Java HotSpot(TM) Server VM (24.72-b04 mixed mode linux-x86 )
# Failed to write core dump. Core dumps have been disabled. To enable core dumping, try "ulimit -c unlimited" before starting Java again
#

---------------  T H R E A D  ---------------

Current thread (0x6c080c00):  VMThread [stack: 0x6c17f000,0x6c200000] [id=22726]

Stack: [0x6c17f000,0x6c200000],  sp=0x6c1feaa0,  free space=510k
Native frames: (J=compiled Java code, j=interpreted, Vv=VM code, C=native code)
V  [libjvm.so+0x7e8a76]  VMError::report_and_die()+0x1a6
V  [libjvm.so+0x33d9e2]  report_vm_out_of_memory(char const*, int, unsigned int, char const*)+0x72
V  [libjvm.so+0x685b01]  os::Linux::commit_memory_impl(char*, unsigned int, bool)+0xe1
V  [libjvm.so+0x685fc8]  os::pd_commit_memory(char*, unsigned int, unsigned int, bool)+0x28
V  [libjvm.so+0x67f70c]  os::commit_memory(char*, unsigned int, unsigned int, bool)+0x2c
V  [libjvm.so+0x6e9368]  PSVirtualSpace::expand_by(unsigned int)+0x48
V  [libjvm.so+0x6ea46a]  PSYoungGen::resize_generation(unsigned int, unsigned int)+0xda
V  [libjvm.so+0x6e97a9]  PSYoungGen::resize(unsigned int, unsigned int)+0x19
V  [libjvm.so+0x6e715e]  PSScavenge::invoke_no_policy()+0xd5e
V  [libjvm.so+0x6e7938]  PSScavenge::invoke()+0x28
V  [libjvm.so+0x6a573a]  ParallelScavengeHeap::failed_mem_allocate(unsigned int)+0x5a
V  [libjvm.so+0x7ea30a]  VM_ParallelGCFailedAllocation::doit()+0x7a
V  [libjvm.so+0x7f3127]  VM_Operation::evaluate()+0x47
V  [libjvm.so+0x7f11c3]  VMThread::evaluate_operation(VM_Operation*)+0xb3
V  [libjvm.so+0x7f1560]  VMThread::loop()+0x1b0
V  [libjvm.so+0x7f19c5]  VMThread::run()+0x85
V  [libjvm.so+0x687dd9]  java_start(Thread*)+0x119
C  [libpthread.so.0+0x6f70]  start_thread+0xd0

VM_Operation (0xb679bc40): ParallelGCFailedAllocation, mode: safepoint, requested by thread 0xb6607c00


---------------  P R O C E S S  ---------------

Java Threads: ( => current thread )
  0x6c09b400 JavaThread "Service Thread" daemon [_thread_blocked, id=22732, stack(0x6be0d000,0x6be5e000)]
  0x6c099800 JavaThread "C2 CompilerThread1" daemon [_thread_in_native, id=22731, stack(0x6b9fe000,0x6ba7f000)]
  0x6c097800 JavaThread "C2 CompilerThread0" daemon [_thread_blocked, id=22730, stack(0x6ba7f000,0x6bb00000)]
  0x6c096000 JavaThread "Signal Dispatcher" daemon [_thread_blocked, id=22729, stack(0x6be5e000,0x6beaf000)]
  0x6c084c00 JavaThread "Finalizer" daemon [_thread_blocked, id=22728, stack(0x6beaf000,0x6bf00000)]
  0x6c083400 JavaThread "Reference Handler" daemon [_thread_blocked, id=22727, stack(0x6c12e000,0x6c17f000)]
  0xb6607c00 JavaThread "main" [_thread_blocked, id=22721, stack(0xb674c000,0xb679d000)]

Other Threads:
=>0x6c080c00 VMThread [stack: 0x6c17f000,0x6c200000] [id=22726]
  0x6c09d000 WatcherThread [stack: 0x6b97d000,0x6b9fe000] [id=22733]

VM state:at safepoint (normal execution)

VM Mutex/Monitor currently owned by a thread:  ([mutex/lock_event])
[0xb66053f0] Threads_lock - owner thread: 0x6c080c00
[0xb6605800] Heap_lock - owner thread: 0xb6607c00

Heap
 PSYoungGen      total 33024K, used 2297K [0x9df40000, 0xa01c0000, 0xb34c0000)
  eden space 30720K, 0% used [0x9df40000,0x9df40000,0x9fd40000)
  from space 2304K, 99% used [0x9fd40000,0x9ff7e560,0x9ff80000)
  to   space 2304K, 0% used [0x9ff80000,0x9ff80000,0xa01c0000)
 ParOldGen       total 39680K, used 19474K [0x734c0000, 0x75b80000, 0x9df40000)
  object space 39680K, 49% used [0x734c0000,0x747c49c8,0x75b80000)
 PSPermGen       total 16384K, used 4526K [0x6f4c0000, 0x704c0000, 0x734c0000)
  object space 16384K, 27% used [0x6f4c0000,0x6f92b9b8,0x704c0000)

Card table byte_map: [0x6f29f000,0x6f4c0000] byte_map_base: 0x6ef24a00

Polling page: 0xb76e5000

Code Cache  [0xb35b6000, 0xb37f6000, 0xb65b6000)
 total_blobs=739 nmethods=606 adapters=86 free_code_cache=47657Kb largest_free_block=48772864

Compilation events (10 events):
Event: 2.511 Thread 0x6c097800 nmethod 603 0xb371ccc8 code [0xb371cda0, 0xb371cdf0]
Event: 2.511 Thread 0x6c097800  604             com.android.dex.Dex::readCode (28 bytes)
Event: 2.559 Thread 0x6c097800 nmethod 604 0xb3726448 code [0xb3726780, 0xb3727d88]
Event: 2.559 Thread 0x6c097800  605             com.android.dex.Dex$Section::access$900 (5 bytes)
Event: 2.605 Thread 0x6c097800 nmethod 605 0xb372ac88 code [0xb372af80, 0xb372c428]
Event: 2.605 Thread 0x6c097800  606             com.android.dex.Dex$Section::readCode (136 bytes)
Event: 2.650 Thread 0x6c097800 nmethod 606 0xb372ecc8 code [0xb372efc0, 0xb3730448]
Event: 2.650 Thread 0x6c097800  607             com.android.dex.Code::<init> (44 bytes)
Event: 2.651 Thread 0x6c097800 nmethod 607 0xb371cb48 code [0xb371cc20, 0xb371cc90]
Event: 2.651 Thread 0x6c097800  608             com.android.dx.merge.DexMerger::transformCode (252 bytes)

GC Heap History (9 events):
Event: 0.773 GC heap before
{Heap before GC invocations=1 (full 0):
 PSYoungGen      total 17664K, used 15360K [0x9df40000, 0x9f2c0000, 0xb34c0000)
  eden space 15360K, 100% used [0x9df40000,0x9ee40000,0x9ee40000)
  from space 2304K, 0% used [0x9f080000,0x9f080000,0x9f2c0000)
  to   space 2304K, 0% used [0x9ee40000,0x9ee40000,0x9f080000)
 ParOldGen       total 39680K, used 0K [0x734c0000, 0x75b80000, 0x9df40000)
  object space 39680K, 0% used [0x734c0000,0x734c0000,0x75b80000)
 PSPermGen       total 16384K, used 3300K [0x6f4c0000, 0x704c0000, 0x734c0000)
  object space 16384K, 20% used [0x6f4c0000,0x6f7f93d0,0x704c0000)
Event: 0.778 GC heap after
Heap after GC invocations=1 (full 0):
 PSYoungGen      total 17664K, used 2300K [0x9df40000, 0x9f2c0000, 0xb34c0000)
  eden space 15360K, 0% used [0x9df40000,0x9df40000,0x9ee40000)
  from space 2304K, 99% used [0x9ee40000,0x9f07f0d8,0x9f080000)
  to   space 2304K, 0% used [0x9f080000,0x9f080000,0x9f2c0000)
 ParOldGen       total 39680K, used 1643K [0x734c0000, 0x75b80000, 0x9df40000)
  object space 39680K, 4% used [0x734c0000,0x7365af90,0x75b80000)
 PSPermGen       total 16384K, used 3300K [0x6f4c0000, 0x704c0000, 0x734c0000)
  object space 16384K, 20% used [0x6f4c0000,0x6f7f93d0,0x704c0000)
}
Event: 1.197 GC heap before
{Heap before GC invocations=2 (full 0):
 PSYoungGen      total 17664K, used 17660K [0x9df40000, 0x9f2c0000, 0xb34c0000)
  eden space 15360K, 100% used [0x9df40000,0x9ee40000,0x9ee40000)
  from space 2304K, 99% used [0x9ee40000,0x9f07f0d8,0x9f080000)
  to   space 2304K, 0% used [0x9f080000,0x9f080000,0x9f2c0000)
 ParOldGen       total 39680K, used 1643K [0x734c0000, 0x75b80000, 0x9df40000)
  object space 39680K, 4% used [0x734c0000,0x7365af90,0x75b80000)
 PSPermGen       total 16384K, used 3377K [0x6f4c0000, 0x704c0000, 0x734c0000)
  object space 16384K, 20% used [0x6f4c0000,0x6f80c4c8,0x704c0000)
Event: 1.206 GC heap after
Heap after GC invocations=2 (full 0):
 PSYoungGen      total 17664K, used 2291K [0x9df40000, 0xa01c0000, 0xb34c0000)
  eden space 15360K, 0% used [0x9df40000,0x9df40000,0x9ee40000)
  from space 2304K, 99% used [0x9f080000,0x9f2bcc48,0x9f2c0000)
  to   space 2304K, 0% used [0x9ee40000,0x9ee40000,0x9f080000)
 ParOldGen       total 39680K, used 4157K [0x734c0000, 0x75b80000, 0x9df40000)
  object space 39680K, 10% used [0x734c0000,0x738cf690,0x75b80000)
 PSPermGen       total 16384K, used 3377K [0x6f4c0000, 0x704c0000, 0x734c0000)
  object space 16384K, 20% used [0x6f4c0000,0x6f80c4c8,0x704c0000)
}
Event: 1.950 GC heap before
{Heap before GC invocations=3 (full 0):
 PSYoungGen      total 17664K, used 17651K [0x9df40000, 0xa01c0000, 0xb34c0000)
  eden space 15360K, 100% used [0x9df40000,0x9ee40000,0x9ee40000)
  from space 2304K, 99% used [0x9f080000,0x9f2bcc48,0x9f2c0000)
  to   space 2304K, 0% used [0x9ee40000,0x9ee40000,0x9f080000)
 ParOldGen       total 39680K, used 4157K [0x734c0000, 0x75b80000, 0x9df40000)
  object space 39680K, 10% used [0x734c0000,0x738cf690,0x75b80000)
 PSPermGen       total 16384K, used 4464K [0x6f4c0000, 0x704c0000, 0x734c0000)
  object space 16384K, 27% used [0x6f4c0000,0x6f91c2d8,0x704c0000)
Event: 1.958 GC heap after
Heap after GC invocations=3 (full 0):
 PSYoungGen      total 17664K, used 2289K [0x9df40000, 0xa01c0000, 0xb34c0000)
  eden space 15360K, 0% used [0x9df40000,0x9df40000,0x9ee40000)
  from space 2304K, 99% used [0x9ee40000,0x9f07c550,0x9f080000)
  to   space 2304K, 0% used [0x9ff80000,0x9ff80000,0xa01c0000)
 ParOldGen       total 39680K, used 8095K [0x734c0000, 0x75b80000, 0x9df40000)
  object space 39680K, 20% used [0x734c0000,0x73ca7ef8,0x75b80000)
 PSPermGen       total 16384K, used 4464K [0x6f4c0000, 0x704c0000, 0x734c0000)
  object space 16384K, 27% used [0x6f4c0000,0x6f91c2d8,0x704c0000)
}
Event: 2.371 GC heap before
{Heap before GC invocations=4 (full 0):
 PSYoungGen      total 17664K, used 17649K [0x9df40000, 0xa01c0000, 0xb34c0000)
  eden space 15360K, 100% used [0x9df40000,0x9ee40000,0x9ee40000)
  from space 2304K, 99% used [0x9ee40000,0x9f07c550,0x9f080000)
  to   space 2304K, 0% used [0x9ff80000,0x9ff80000,0xa01c0000)
 ParOldGen       total 39680K, used 8095K [0x734c0000, 0x75b80000, 0x9df40000)
  object space 39680K, 20% used [0x734c0000,0x73ca7ef8,0x75b80000)
 PSPermGen       total 16384K, used 4502K [0x6f4c0000, 0x704c0000, 0x734c0000)
  object space 16384K, 27% used [0x6f4c0000,0x6f925b18,0x704c0000)
Event: 2.377 GC heap after
Heap after GC invocations=4 (full 0):
 PSYoungGen      total 33024K, used 2296K [0x9df40000, 0xa01c0000, 0xb34c0000)
  eden space 30720K, 0% used [0x9df40000,0x9df40000,0x9fd40000)
  from space 2304K, 99% used [0x9ff80000,0xa01be100,0xa01c0000)
  to   space 2304K, 0% used [0x9fd40000,0x9fd40000,0x9ff80000)
 ParOldGen       total 39680K, used 11429K [0x734c0000, 0x75b80000, 0x9df40000)
  object space 39680K, 28% used [0x734c0000,0x73fe95d0,0x75b80000)
 PSPermGen       total 16384K, used 4502K [0x6f4c0000, 0x704c0000, 0x734c0000)
  object space 16384K, 27% used [0x6f4c0000,0x6f925b18,0x704c0000)
}
Event: 2.654 GC heap before
{Heap before GC invocations=5 (full 0):
 PSYoungGen      total 33024K, used 33016K [0x9df40000, 0xa01c0000, 0xb34c0000)
  eden space 30720K, 100% used [0x9df40000,0x9fd40000,0x9fd40000)
  from space 2304K, 99% used [0x9ff80000,0xa01be100,0xa01c0000)
  to   space 2304K, 0% used [0x9fd40000,0x9fd40000,0x9ff80000)
 ParOldGen       total 39680K, used 11429K [0x734c0000, 0x75b80000, 0x9df40000)
  object space 39680K, 28% used [0x734c0000,0x73fe95d0,0x75b80000)
 PSPermGen       total 16384K, used 4526K [0x6f4c0000, 0x704c0000, 0x734c0000)
  object space 16384K, 27% used [0x6f4c0000,0x6f92b9b8,0x704c0000)

Deoptimization events (10 events):
Event: 1.768 Thread 0xb6607c00 Uncommon trap: reason=class_check action=maybe_recompile pc=0xb367767c method=java.util.HashMap.<init>(IF)V @ 115
Event: 1.821 Thread 0xb6607c00 Uncommon trap: reason=class_check action=maybe_recompile pc=0xb36d09c8 method=com.android.dex.Leb128.writeUnsignedLeb128(Lcom/android/dex/util/ByteOutput;I)V @ 40
Event: 1.821 Thread 0xb6607c00 Uncommon trap: reason=class_check action=maybe_recompile pc=0xb36d09c8 method=com.android.dex.Leb128.writeUnsignedLeb128(Lcom/android/dex/util/ByteOutput;I)V @ 40
Event: 1.821 Thread 0xb6607c00 Uncommon trap: reason=class_check action=maybe_recompile pc=0xb36d09c8 method=com.android.dex.Leb128.writeUnsignedLeb128(Lcom/android/dex/util/ByteOutput;I)V @ 40
Event: 1.821 Thread 0xb6607c00 Uncommon trap: reason=class_check action=maybe_recompile pc=0xb36d09c8 method=com.android.dex.Leb128.writeUnsignedLeb128(Lcom/android/dex/util/ByteOutput;I)V @ 40
Event: 2.000 Thread 0xb6607c00 Uncommon trap: reason=class_check action=maybe_recompile pc=0xb36dd4a0 method=com.android.dex.Leb128.readUnsignedLeb128(Lcom/android/dex/util/ByteInput;)I @ 5
Event: 2.000 Thread 0xb6607c00 Uncommon trap: reason=class_check action=maybe_recompile pc=0xb36dd4a0 method=com.android.dex.Leb128.readUnsignedLeb128(Lcom/android/dex/util/ByteInput;)I @ 5
Event: 2.000 Thread 0xb6607c00 Uncommon trap: reason=class_check action=maybe_recompile pc=0xb36dd4a0 method=com.android.dex.Leb128.readUnsignedLeb128(Lcom/android/dex/util/ByteInput;)I @ 5
Event: 2.000 Thread 0xb6607c00 Uncommon trap: reason=class_check action=maybe_recompile pc=0xb36dd4a0 method=com.android.dex.Leb128.readUnsignedLeb128(Lcom/android/dex/util/ByteInput;)I @ 5
Event: 2.158 Thread 0xb6607c00 Uncommon trap: reason=predicate action=maybe_recompile pc=0xb36e1a88 method=com.android.dex.Leb128.readUnsignedLeb128(Lcom/android/dex/util/ByteInput;)I @ 41

Internal exceptions (10 events):
Event: 1.901 Thread 0xb6607c00 Threw 0x9ec99760 at /HUDSON/workspace/7u-2-build-linux-i586/jdk7u72/1606/hotspot/src/share/vm/prims/jvm.cpp:1281
Event: 1.901 Thread 0xb6607c00 Threw 0x9ec9c840 at /HUDSON/workspace/7u-2-build-linux-i586/jdk7u72/1606/hotspot/src/share/vm/prims/jvm.cpp:1281
Event: 1.902 Thread 0xb6607c00 Threw 0x9ec9fa70 at /HUDSON/workspace/7u-2-build-linux-i586/jdk7u72/1606/hotspot/src/share/vm/prims/jvm.cpp:1281
Event: 1.903 Thread 0xb6607c00 Threw 0x9eca56a8 at /HUDSON/workspace/7u-2-build-linux-i586/jdk7u72/1606/hotspot/src/share/vm/prims/jvm.cpp:1281
Event: 1.903 Thread 0xb6607c00 Threw 0x9eca82d0 at /HUDSON/workspace/7u-2-build-linux-i586/jdk7u72/1606/hotspot/src/share/vm/prims/jvm.cpp:1281
Event: 1.903 Thread 0xb6607c00 Threw 0x9ecab090 at /HUDSON/workspace/7u-2-build-linux-i586/jdk7u72/1606/hotspot/src/share/vm/prims/jvm.cpp:1281
Event: 1.904 Thread 0xb6607c00 Threw 0x9ecae288 at /HUDSON/workspace/7u-2-build-linux-i586/jdk7u72/1606/hotspot/src/share/vm/prims/jvm.cpp:1281
Event: 1.905 Thread 0xb6607c00 Threw 0x9ecb49f8 at /HUDSON/workspace/7u-2-build-linux-i586/jdk7u72/1606/hotspot/src/share/vm/prims/jvm.cpp:1281
Event: 1.906 Thread 0xb6607c00 Threw 0x9ecb6940 at /HUDSON/workspace/7u-2-build-linux-i586/jdk7u72/1606/hotspot/src/share/vm/prims/jvm.cpp:1281
Event: 2.323 Thread 0xb6607c00 Threw 0x9ead0c40 at /HUDSON/workspace/7u-2-build-linux-i586/jdk7u72/1606/hotspot/src/share/vm/prims/jvm.cpp:1281

Events (10 events):
Event: 2.158 Thread 0xb6607c00 Uncommon trap: trap_request=0xffffff86 fr.pc=0xb36e1a88
Event: 2.158 Thread 0xb6607c00 DEOPT PACKING pc=0xb36e1a88 sp=0xb679bc70
Event: 2.158 Thread 0xb6607c00 DEOPT UNPACKING pc=0xb35e2bc8 sp=0xb679bc5c mode 2
Event: 2.323 loading class 0x6b895e10
Event: 2.323 loading class 0x6b895e10 done
Event: 2.371 Executing VM operation: ParallelGCFailedAllocation
Event: 2.377 Executing VM operation: ParallelGCFailedAllocation done
Event: 2.654 loading class 0x6ee4ee90
Event: 2.654 loading class 0x6ee4ee90 done
Event: 2.654 Executing VM operation: ParallelGCFailedAllocation


Dynamic libraries:
08048000-08049000 r-xp 00000000 08:04 405196     /usr/lib/jvm/java-7-oracle/bin/java
08049000-0804a000 rw-p 00000000 08:04 405196     /usr/lib/jvm/java-7-oracle/bin/java
08757000-087b5000 rw-p 00000000 00:00 0          [heap]
6aa00000-6aa59000 rw-p 00000000 00:00 0 
6aa59000-6ab00000 ---p 00000000 00:00 0 
6ab00000-6abe7000 rw-p 00000000 00:00 0 
6abe7000-6ac00000 ---p 00000000 00:00 0 
6ac00000-6acf3000 rw-p 00000000 00:00 0 
6acf3000-6ad00000 ---p 00000000 00:00 0 
6ae00000-6aefa000 rw-p 00000000 00:00 0 
6aefa000-6af00000 ---p 00000000 00:00 0 
6b000000-6b0ff000 rw-p 00000000 00:00 0 
6b0ff000-6b100000 ---p 00000000 00:00 0 
6b200000-6b2fe000 rw-p 00000000 00:00 0 
6b2fe000-6b300000 ---p 00000000 00:00 0 
6b400000-6b4ec000 rw-p 00000000 00:00 0 
6b4ec000-6b500000 ---p 00000000 00:00 0 
6b600000-6b6fe000 rw-p 00000000 00:00 0 
6b6fe000-6b700000 ---p 00000000 00:00 0 
6b800000-6b8af000 rw-p 00000000 00:00 0 
6b8af000-6b900000 ---p 00000000 00:00 0 
6b909000-6b97d000 rw-p 00000000 00:00 0 
6b97d000-6b97e000 ---p 00000000 00:00 0 
6b97e000-6b9fe000 rw-p 00000000 00:00 0          [stack:22733]
6b9fe000-6ba01000 ---p 00000000 00:00 0 
6ba01000-6ba7f000 rw-p 00000000 00:00 0          [stack:22731]
6ba7f000-6ba82000 ---p 00000000 00:00 0 
6ba82000-6bb00000 rw-p 00000000 00:00 0          [stack:22730]
6bb00000-6bd00000 r--p 00000000 08:04 264993     /usr/lib/locale/locale-archive
6bd00000-6bd21000 rw-p 00000000 00:00 0 
6bd21000-6be00000 ---p 00000000 00:00 0 
6be0d000-6be10000 ---p 00000000 00:00 0 
6be10000-6be5e000 rw-p 00000000 00:00 0          [stack:22732]
6be5e000-6be61000 ---p 00000000 00:00 0 
6be61000-6beaf000 rw-p 00000000 00:00 0          [stack:22729]
6beaf000-6beb2000 ---p 00000000 00:00 0 
6beb2000-6bf00000 rw-p 00000000 00:00 0          [stack:22728]
6bf00000-6bffa000 rw-p 00000000 00:00 0 
6bffa000-6c000000 ---p 00000000 00:00 0 
6c000000-6c100000 rw-p 00000000 00:00 0 
6c12e000-6c131000 ---p 00000000 00:00 0 
6c131000-6c17f000 rw-p 00000000 00:00 0          [stack:22727]
6c17f000-6c180000 ---p 00000000 00:00 0 
6c180000-6c200000 rw-p 00000000 00:00 0          [stack:22726]
6c200000-6c3c0000 r--s 039ea000 08:04 404966     /usr/lib/jvm/java-7-oracle/jre/lib/rt.jar
6c3c0000-6ea00000 rw-p 00000000 00:00 0 
6ea00000-6eaff000 rw-p 00000000 00:00 0 
6eaff000-6eb00000 ---p 00000000 00:00 0 
6eb34000-6eb7f000 rw-p 00000000 00:00 0 
6eb7f000-6eb80000 ---p 00000000 00:00 0 
6eb80000-6ec00000 rw-p 00000000 00:00 0          [stack:22725]
6ec00000-6ec21000 rw-p 00000000 00:00 0 
6ec21000-6ed00000 ---p 00000000 00:00 0 
6ed00000-6ed21000 rw-p 00000000 00:00 0 
6ed21000-6ee00000 ---p 00000000 00:00 0 
6ee24000-6ee7f000 rw-p 00000000 00:00 0 
6ee7f000-6ee80000 ---p 00000000 00:00 0 
6ee80000-6ef00000 rw-p 00000000 00:00 0          [stack:22724]
6ef00000-6ef21000 rw-p 00000000 00:00 0 
6ef21000-6f000000 ---p 00000000 00:00 0 
6f017000-6f02c000 r-xp 00000000 08:04 404371     /usr/lib/jvm/java-7-oracle/jre/lib/i386/libnet.so
6f02c000-6f02d000 rw-p 00014000 08:04 404371     /usr/lib/jvm/java-7-oracle/jre/lib/i386/libnet.so
6f02d000-6f047000 rw-p 00000000 00:00 0 
6f047000-6f048000 ---p 00000000 00:00 0 
6f048000-6f0c8000 rw-p 00000000 00:00 0          [stack:22723]
6f0c8000-6f0c9000 ---p 00000000 00:00 0 
6f0c9000-6f15d000 rw-p 00000000 00:00 0          [stack:22722]
6f15d000-6f29f000 rw-p 00000000 00:00 0 
6f29f000-6f2a7000 rw-p 00000000 00:00 0 
6f2a7000-6f2bf000 rw-p 00000000 00:00 0 
6f2bf000-6f2d3000 rw-p 00000000 00:00 0 
6f2d3000-6f414000 rw-p 00000000 00:00 0 
6f414000-6f426000 rw-p 00000000 00:00 0 
6f426000-6f4bf000 rw-p 00000000 00:00 0 
6f4bf000-704c0000 rw-p 00000000 00:00 0 
704c0000-734c0000 rw-p 00000000 00:00 0 
734c0000-75b80000 rw-p 00000000 00:00 0 
75b80000-9df40000 rw-p 00000000 00:00 0 
9df40000-a01c0000 rw-p 00000000 00:00 0 
a2ca4000-a2ec0000 rw-p 00000000 00:00 0 
a2ec0000-b34c0000 rw-p 00000000 00:00 0 
b34c7000-b34d5000 r-xp 00000000 08:04 404381     /usr/lib/jvm/java-7-oracle/jre/lib/i386/libnio.so
b34d5000-b34d6000 rw-p 0000e000 08:04 404381     /usr/lib/jvm/java-7-oracle/jre/lib/i386/libnio.so
b34d6000-b34de000 rw-p 00000000 00:00 0 
b34de000-b34f6000 rw-p 00000000 00:00 0 
b34f6000-b34ff000 rw-p 00000000 00:00 0 
b34ff000-b35b6000 rw-p 00000000 00:00 0 
b35b6000-b37f6000 rwxp 00000000 00:00 0 
b37f6000-b65b6000 rw-p 00000000 00:00 0 
b65b6000-b65cd000 r-xp 00000000 08:04 404437     /usr/lib/jvm/java-7-oracle/jre/lib/i386/libzip.so
b65cd000-b65ce000 rw-p 00017000 08:04 404437     /usr/lib/jvm/java-7-oracle/jre/lib/i386/libzip.so
b65ce000-b65d9000 r-xp 00000000 08:04 527082     /lib/i386-linux-gnu/libnss_files-2.19.so
b65d9000-b65da000 r--p 0000a000 08:04 527082     /lib/i386-linux-gnu/libnss_files-2.19.so
b65da000-b65db000 rw-p 0000b000 08:04 527082     /lib/i386-linux-gnu/libnss_files-2.19.so
b65db000-b65e5000 r-xp 00000000 08:04 527068     /lib/i386-linux-gnu/libnss_nis-2.19.so
b65e5000-b65e6000 r--p 00009000 08:04 527068     /lib/i386-linux-gnu/libnss_nis-2.19.so
b65e6000-b65e7000 rw-p 0000a000 08:04 527068     /lib/i386-linux-gnu/libnss_nis-2.19.so
b65e7000-b65fc000 r-xp 00000000 08:04 527069     /lib/i386-linux-gnu/libnsl-2.19.so
b65fc000-b65fd000 r--p 00015000 08:04 527069     /lib/i386-linux-gnu/libnsl-2.19.so
b65fd000-b65fe000 rw-p 00016000 08:04 527069     /lib/i386-linux-gnu/libnsl-2.19.so
b65fe000-b6600000 rw-p 00000000 00:00 0 
b6600000-b66f6000 rw-p 00000000 00:00 0 
b66f6000-b6700000 ---p 00000000 00:00 0 
b6707000-b6708000 rw-p 00000000 00:00 0 
b6708000-b6717000 r--s 000dd000 08:04 3021049    /home/shauna/Android/Sdk/build-tools/22.0.1/lib/dx.jar
b6717000-b671f000 rw-s 00000000 08:04 2617032    /tmp/hsperfdata_shauna/22716
b671f000-b6742000 r-xp 00000000 08:04 404392     /usr/lib/jvm/java-7-oracle/jre/lib/i386/libjava.so
b6742000-b6743000 rw-p 00023000 08:04 404392     /usr/lib/jvm/java-7-oracle/jre/lib/i386/libjava.so
b6743000-b674a000 r-xp 00000000 08:04 527083     /lib/i386-linux-gnu/librt-2.19.so
b674a000-b674b000 r--p 00006000 08:04 527083     /lib/i386-linux-gnu/librt-2.19.so
b674b000-b674c000 rw-p 00007000 08:04 527083     /lib/i386-linux-gnu/librt-2.19.so
b674c000-b674f000 ---p 00000000 00:00 0 
b674f000-b679d000 rw-p 00000000 00:00 0          [stack:22721]
b679d000-b67e1000 r-xp 00000000 08:04 527073     /lib/i386-linux-gnu/libm-2.19.so
b67e1000-b67e2000 r--p 00043000 08:04 527073     /lib/i386-linux-gnu/libm-2.19.so
b67e2000-b67e3000 rw-p 00044000 08:04 527073     /lib/i386-linux-gnu/libm-2.19.so
b67e3000-b7068000 r-xp 00000000 08:04 404427     /usr/lib/jvm/java-7-oracle/jre/lib/i386/server/libjvm.so
b7068000-b70cc000 rw-p 00884000 08:04 404427     /usr/lib/jvm/java-7-oracle/jre/lib/i386/server/libjvm.so
b70cc000-b74f0000 rw-p 00000000 00:00 0 
b74f0000-b7698000 r-xp 00000000 08:04 527065     /lib/i386-linux-gnu/libc-2.19.so
b7698000-b769a000 r--p 001a8000 08:04 527065     /lib/i386-linux-gnu/libc-2.19.so
b769a000-b769b000 rw-p 001aa000 08:04 527065     /lib/i386-linux-gnu/libc-2.19.so
b769b000-b769e000 rw-p 00000000 00:00 0 
b769e000-b76a1000 r-xp 00000000 08:04 527066     /lib/i386-linux-gnu/libdl-2.19.so
b76a1000-b76a2000 r--p 00002000 08:04 527066     /lib/i386-linux-gnu/libdl-2.19.so
b76a2000-b76a3000 rw-p 00003000 08:04 527066     /lib/i386-linux-gnu/libdl-2.19.so
b76a3000-b76a4000 rw-p 00000000 00:00 0 
b76a4000-b76b7000 r-xp 00000000 08:04 395898     /usr/lib/jvm/java-7-oracle/lib/i386/jli/libjli.so
b76b7000-b76b8000 rw-p 00012000 08:04 395898     /usr/lib/jvm/java-7-oracle/lib/i386/jli/libjli.so
b76b8000-b76d0000 r-xp 00000000 08:04 527078     /lib/i386-linux-gnu/libpthread-2.19.so
b76d0000-b76d1000 r--p 00018000 08:04 527078     /lib/i386-linux-gnu/libpthread-2.19.so
b76d1000-b76d2000 rw-p 00019000 08:04 527078     /lib/i386-linux-gnu/libpthread-2.19.so
b76d2000-b76d5000 rw-p 00000000 00:00 0 
b76d5000-b76da000 r--s 0008a000 08:04 404482     /usr/lib/jvm/java-7-oracle/jre/lib/jsse.jar
b76da000-b76db000 r--p 002c5000 08:04 264993     /usr/lib/locale/locale-archive
b76db000-b76e2000 r-xp 00000000 08:04 527074     /lib/i386-linux-gnu/libnss_compat-2.19.so
b76e2000-b76e3000 r--p 00006000 08:04 527074     /lib/i386-linux-gnu/libnss_compat-2.19.so
b76e3000-b76e4000 rw-p 00007000 08:04 527074     /lib/i386-linux-gnu/libnss_compat-2.19.so
b76e4000-b76e5000 rw-p 00000000 00:00 0 
b76e5000-b76e6000 ---p 00000000 00:00 0 
b76e6000-b76f1000 r-xp 00000000 08:04 404396     /usr/lib/jvm/java-7-oracle/jre/lib/i386/libverify.so
b76f1000-b76f2000 rw-p 0000b000 08:04 404396     /usr/lib/jvm/java-7-oracle/jre/lib/i386/libverify.so
b76f2000-b76f4000 rw-p 00000000 00:00 0 
b76f4000-b76f5000 r-xp 00000000 00:00 0          [vdso]
b76f5000-b7715000 r-xp 00000000 08:04 527067     /lib/i386-linux-gnu/ld-2.19.so
b7715000-b7716000 r--p 0001f000 08:04 527067     /lib/i386-linux-gnu/ld-2.19.so
b7716000-b7717000 rw-p 00020000 08:04 527067     /lib/i386-linux-gnu/ld-2.19.so
bf825000-bf826000 rwxp 00000000 00:00 0 
bf857000-bf879000 rw-p 00000000 00:00 0          [stack]

VM Arguments:
jvm_args: -Xmx1024M -Dfile.encoding=UTF-8 -Duser.country=US -Duser.language=en -Duser.variant 
java_command: com.android.dx.command.Main --dex --output /home/shauna/Desktop/shared/git/public-misc/smalltalk-mobile/smalltalk/app/build/intermediates/dex/debug /home/shauna/Desktop/shared/git/public-misc/smalltalk-mobile/smalltalk/app/build/intermediates/classes/debug /home/shauna/Desktop/shared/git/public-misc/smalltalk-mobile/smalltalk/app/build/intermediates/pre-dexed/debug/support-annotations-22.2.1-179610870c06c5d131779ba1552f844db69d188c.jar /home/shauna/Desktop/shared/git/public-misc/smalltalk-mobile/smalltalk/app/build/intermediates/pre-dexed/debug/internal_impl-22.2.1-5e084960364880096d2c7804bb4563600a46c017.jar /home/shauna/Desktop/shared/git/public-misc/smalltalk-mobile/smalltalk/app/build/intermediates/pre-dexed/debug/classes-51f3b8a6f290cedcd83c64115c1c77d425f8f8b8.jar /home/shauna/Desktop/shared/git/public-misc/smalltalk-mobile/smalltalk/app/build/intermediates/pre-dexed/debug/classes-bc79ea749cc84966ba1eadb26f5e8de5afcfa590.jar
Launcher Type: SUN_STANDARD

Environment Variables:
PATH=/usr/local/Android/Sdk/platform-tools:/usr/local/Android/Sdk/tools:/usr/local/heroku/bin:/usr/local/Android/Sdk/platform-tools:/usr/local/Android/Sdk/tools:/home/shauna/bin:/usr/local/sbin:/usr/local/bin:/usr/sbin:/usr/bin:/sbin:/bin:/usr/games:/usr/local/games
LD_LIBRARY_PATH=.:
SHELL=/bin/bash
DISPLAY=:0

Signal Handlers:
SIGSEGV: [libjvm.so+0x7e9580], sa_mask[0]=0x7ffbfeff, sa_flags=0x10000004
SIGBUS: [libjvm.so+0x7e9580], sa_mask[0]=0x7ffbfeff, sa_flags=0x10000004
SIGFPE: [libjvm.so+0x682680], sa_mask[0]=0x7ffbfeff, sa_flags=0x10000004
SIGPIPE: [libjvm.so+0x682680], sa_mask[0]=0x7ffbfeff, sa_flags=0x10000004
SIGXFSZ: [libjvm.so+0x682680], sa_mask[0]=0x7ffbfeff, sa_flags=0x10000004
SIGILL: [libjvm.so+0x682680], sa_mask[0]=0x7ffbfeff, sa_flags=0x10000004
SIGUSR1: SIG_DFL, sa_mask[0]=0x00000000, sa_flags=0x00000000
SIGUSR2: [libjvm.so+0x683e80], sa_mask[0]=0x00000004, sa_flags=0x10000004
SIGHUP: [libjvm.so+0x6851b0], sa_mask[0]=0x7ffbfeff, sa_flags=0x10000004
SIGINT: [libjvm.so+0x6851b0], sa_mask[0]=0x7ffbfeff, sa_flags=0x10000004
SIGTERM: [libjvm.so+0x6851b0], sa_mask[0]=0x7ffbfeff, sa_flags=0x10000004
SIGQUIT: [libjvm.so+0x6851b0], sa_mask[0]=0x7ffbfeff, sa_flags=0x10000004


---------------  S Y S T E M  ---------------

OS:jessie/sid

uname:Linux 3.13.0-39-generic #66-Ubuntu SMP Tue Oct 28 13:31:23 UTC 2014 i686
libc:glibc 2.19 NPTL 2.19 
rlimit: STACK 8192k, CORE 0k, NPROC 29729, NOFILE 4096, AS infinity
load average:0.54 0.61 0.66

/proc/meminfo:
MemTotal:        3824608 kB
MemFree:          171748 kB
Buffers:            2992 kB
Cached:           411308 kB
SwapCached:            0 kB
Active:          3131568 kB
Inactive:         378492 kB
Active(anon):    3099172 kB
Inactive(anon):   345880 kB
Active(file):      32396 kB
Inactive(file):    32612 kB
Unevictable:         160 kB
Mlocked:             160 kB
HighTotal:       2971844 kB
HighFree:          13564 kB
LowTotal:         852764 kB
LowFree:          158184 kB
SwapTotal:             0 kB
SwapFree:              0 kB
Dirty:               316 kB
Writeback:             0 kB
AnonPages:       3096360 kB
Mapped:           141732 kB
Shmem:            348804 kB
Slab:              53868 kB
SReclaimable:      24288 kB
SUnreclaim:        29580 kB
KernelStack:        6672 kB
PageTables:        19580 kB
NFS_Unstable:          0 kB
Bounce:              144 kB
WritebackTmp:          0 kB
CommitLimit:     1912304 kB
Committed_AS:    8988524 kB
VmallocTotal:     122880 kB
VmallocUsed:       18048 kB
VmallocChunk:      77500 kB
HardwareCorrupted:     0 kB
AnonHugePages:   1007616 kB
HugePages_Total:       0
HugePages_Free:        0
HugePages_Rsvd:        0
HugePages_Surp:        0
Hugepagesize:       2048 kB
DirectMap4k:       22520 kB
DirectMap2M:      888832 kB


CPU:total 4 (2 cores per cpu, 2 threads per core) family 6 model 58 stepping 9, cmov, cx8, fxsr, mmx, sse, sse2, sse3, ssse3, sse4.1, sse4.2, popcnt, avx, aes, erms, ht, tsc, tscinvbit, tscinv

/proc/cpuinfo:
processor	: 0
vendor_id	: GenuineIntel
cpu family	: 6
model		: 58
model name	: Intel(R) Core(TM) i5-3320M CPU @ 2.60GHz
stepping	: 9
microcode	: 0x13
cpu MHz		: 2601.000
cache size	: 3072 KB
physical id	: 0
siblings	: 4
core id		: 0
cpu cores	: 2
apicid		: 0
initial apicid	: 0
fdiv_bug	: no
f00f_bug	: no
coma_bug	: no
fpu		: yes
fpu_exception	: yes
cpuid level	: 13
wp		: yes
flags		: fpu vme de pse tsc msr pae mce cx8 apic sep mtrr pge mca cmov pat pse36 clflush dts acpi mmx fxsr sse sse2 ss ht tm pbe nx rdtscp lm constant_tsc arch_perfmon pebs bts xtopology nonstop_tsc aperfmperf eagerfpu pni pclmulqdq dtes64 monitor ds_cpl vmx smx est tm2 ssse3 cx16 xtpr pdcm pcid sse4_1 sse4_2 x2apic popcnt tsc_deadline_timer aes xsave avx f16c rdrand lahf_lm ida arat epb xsaveopt pln pts dtherm tpr_shadow vnmi flexpriority ept vpid fsgsbase smep erms
bogomips	: 5188.12
clflush size	: 64
cache_alignment	: 64
address sizes	: 36 bits physical, 48 bits virtual
power management:

processor	: 1
vendor_id	: GenuineIntel
cpu family	: 6
model		: 58
model name	: Intel(R) Core(TM) i5-3320M CPU @ 2.60GHz
stepping	: 9
microcode	: 0x13
cpu MHz		: 2601.000
cache size	: 3072 KB
physical id	: 0
siblings	: 4
core id		: 0
cpu cores	: 2
apicid		: 1
initial apicid	: 1
fdiv_bug	: no
f00f_bug	: no
coma_bug	: no
fpu		: yes
fpu_exception	: yes
cpuid level	: 13
wp		: yes
flags		: fpu vme de pse tsc msr pae mce cx8 apic sep mtrr pge mca cmov pat pse36 clflush dts acpi mmx fxsr sse sse2 ss ht tm pbe nx rdtscp lm constant_tsc arch_perfmon pebs bts xtopology nonstop_tsc aperfmperf eagerfpu pni pclmulqdq dtes64 monitor ds_cpl vmx smx est tm2 ssse3 cx16 xtpr pdcm pcid sse4_1 sse4_2 x2apic popcnt tsc_deadline_timer aes xsave avx f16c rdrand lahf_lm ida arat epb xsaveopt pln pts dtherm tpr_shadow vnmi flexpriority ept vpid fsgsbase smep erms
bogomips	: 5188.12
clflush size	: 64
cache_alignment	: 64
address sizes	: 36 bits physical, 48 bits virtual
power management:

processor	: 2
vendor_id	: GenuineIntel
cpu family	: 6
model		: 58
model name	: Intel(R) Core(TM) i5-3320M CPU @ 2.60GHz
stepping	: 9
microcode	: 0x13
cpu MHz		: 2601.000
cache size	: 3072 KB
physical id	: 0
siblings	: 4
core id		: 1
cpu cores	: 2
apicid		: 2
initial apicid	: 2
fdiv_bug	: no
f00f_bug	: no
coma_bug	: no
fpu		: yes
fpu_exception	: yes
cpuid level	: 13
wp		: yes
flags		: fpu vme de pse tsc msr pae mce cx8 apic sep mtrr pge mca cmov pat pse36 clflush dts acpi mmx fxsr sse sse2 ss ht tm pbe nx rdtscp lm constant_tsc arch_perfmon pebs bts xtopology nonstop_tsc aperfmperf eagerfpu pni pclmulqdq dtes64 monitor ds_cpl vmx smx est tm2 ssse3 cx16 xtpr pdcm pcid sse4_1 sse4_2 x2apic popcnt tsc_deadline_timer aes xsave avx f16c rdrand lahf_lm ida arat epb xsaveopt pln pts dtherm tpr_shadow vnmi flexpriority ept vpid fsgsbase smep erms
bogomips	: 5188.12
clflush size	: 64
cache_alignment	: 64
address sizes	: 36 bits physical, 48 bits virtual
power management:

processor	: 3
vendor_id	: GenuineIntel
cpu family	: 6
model		: 58
model name	: Intel(R) Core(TM) i5-3320M CPU @ 2.60GHz
stepping	: 9
microcode	: 0x13
cpu MHz		: 2601.000
cache size	: 3072 KB
physical id	: 0
siblings	: 4
core id		: 1
cpu cores	: 2
apicid		: 3
initial apicid	: 3
fdiv_bug	: no
f00f_bug	: no
coma_bug	: no
fpu		: yes
fpu_exception	: yes
cpuid level	: 13
wp		: yes
flags		: fpu vme de pse tsc msr pae mce cx8 apic sep mtrr pge mca cmov pat pse36 clflush dts acpi mmx fxsr sse sse2 ss ht tm pbe nx rdtscp lm constant_tsc arch_perfmon pebs bts xtopology nonstop_tsc aperfmperf eagerfpu pni pclmulqdq dtes64 monitor ds_cpl vmx smx est tm2 ssse3 cx16 xtpr pdcm pcid sse4_1 sse4_2 x2apic popcnt tsc_deadline_timer aes xsave avx f16c rdrand lahf_lm ida arat epb xsaveopt pln pts dtherm tpr_shadow vnmi flexpriority ept vpid fsgsbase smep erms
bogomips	: 5188.12
clflush size	: 64
cache_alignment	: 64
address sizes	: 36 bits physical, 48 bits virtual
power management:



Memory: 4k page, physical 3824608k(171748k free), swap 0k(0k free)

vm_info: Java HotSpot(TM) Server VM (24.72-b04) for linux-x86 JRE (1.7.0_72-b14), built on Sep 26 2014 19:38:09 by "java_re" with gcc 4.3.0 20080428 (Red Hat 4.3.0-8)

time: Fri Sep 11 15:46:04 2015
elapsed time: 2 seconds

